23-08-2020 14:39:51: 
Training Config:
audio_features: mel
audio_sample_rate: 16000
augment: true
batch_size: 128
data_dir: /content/content/timit_dataset
dataset_name: timit_height
epochs: 300
log_path: logging/
lr: 0.001
model_type: cnn-lstm
pretrained: false
save_model_file: trained_model.pt
task: regression
tensorboard_path: logging/runs/
timit_time_len: 100
val_split_ratio: 0.1

23-08-2020 14:39:56: 
Model Summary:
CNN_LSTM_Regression(
  (cnn_network): Sequential(
    (0): Conv1d(26, 25, kernel_size=(5,), stride=(1,))
    (1): ReLU()
    (2): MaxPool1d(kernel_size=4, stride=2, padding=0, dilation=1, ceil_mode=False)
    (3): BatchNorm1d(25, eps=1e-05, momentum=0.1, affine=True, track_running_stats=True)
  )
  (l_lstm): LSTM(25, 25, batch_first=True)
  (avg_pool): AvgPool1d(kernel_size=(700,), stride=(700,), padding=(0,))
  (ann_network): Sequential(
    (0): Linear(in_features=25, out_features=1, bias=True)
  )
)

23-08-2020 14:40:10: Validation loss reduced from inf to  0.17676148563623428, saving model...
23-08-2020 14:40:10: Epoch : 01	Loss : 0.2510	MAE : 12.7994	Val Loss : 0.1768	Val MAE : 8.7049	Time : 14.08 s
23-08-2020 14:40:24: Validation loss reduced from 0.17676148563623428 to  0.14998485893011093, saving model...
23-08-2020 14:40:24: Epoch : 02	Loss : 0.1432	MAE : 6.6965	Val Loss : 0.1500	Val MAE : 7.2437	Time : 13.98 s
23-08-2020 14:40:38: Validation loss reduced from 0.14998485893011093 to  0.14794574677944183, saving model...
23-08-2020 14:40:38: Epoch : 03	Loss : 0.1400	MAE : 6.5318	Val Loss : 0.1479	Val MAE : 7.2307	Time : 13.96 s
23-08-2020 14:40:52: Epoch : 04	Loss : 0.1394	MAE : 6.5247	Val Loss : 0.1529	Val MAE : 7.5876	Time : 13.90 s
23-08-2020 14:41:05: Validation loss reduced from 0.14794574677944183 to  0.14140649884939194, saving model...
23-08-2020 14:41:05: Epoch : 05	Loss : 0.1381	MAE : 6.4479	Val Loss : 0.1414	Val MAE : 6.8355	Time : 13.85 s
23-08-2020 14:41:19: Epoch : 06	Loss : 0.1369	MAE : 6.3920	Val Loss : 0.1492	Val MAE : 7.4135	Time : 13.79 s
23-08-2020 14:41:33: Validation loss reduced from 0.14140649884939194 to  0.14100605994462967, saving model...
23-08-2020 14:41:33: Epoch : 07	Loss : 0.1372	MAE : 6.4180	Val Loss : 0.1410	Val MAE : 6.7949	Time : 13.91 s
23-08-2020 14:41:47: Validation loss reduced from 0.14100605994462967 to  0.13991793245077133, saving model...
23-08-2020 14:41:47: Epoch : 08	Loss : 0.1363	MAE : 6.3726	Val Loss : 0.1399	Val MAE : 6.8348	Time : 13.72 s
23-08-2020 14:42:01: Epoch : 09	Loss : 0.1349	MAE : 6.2839	Val Loss : 0.1470	Val MAE : 7.3653	Time : 13.82 s
23-08-2020 14:42:15: Epoch : 10	Loss : 0.1344	MAE : 6.2717	Val Loss : 0.1441	Val MAE : 7.1397	Time : 13.80 s
23-08-2020 14:42:28: Validation loss reduced from 0.13991793245077133 to  0.13370737433433533, saving model...
23-08-2020 14:42:28: Epoch : 11	Loss : 0.1341	MAE : 6.2828	Val Loss : 0.1337	Val MAE : 6.5279	Time : 13.92 s
23-08-2020 14:42:42: Epoch : 12	Loss : 0.1335	MAE : 6.2226	Val Loss : 0.1390	Val MAE : 6.8630	Time : 13.75 s
23-08-2020 14:42:56: Epoch : 13	Loss : 0.1330	MAE : 6.2147	Val Loss : 0.1348	Val MAE : 6.6641	Time : 13.78 s
23-08-2020 14:43:10: Epoch : 14	Loss : 0.1337	MAE : 6.2257	Val Loss : 0.1349	Val MAE : 6.5946	Time : 13.82 s
23-08-2020 14:43:23: Epoch : 15	Loss : 0.1325	MAE : 6.1573	Val Loss : 0.1355	Val MAE : 6.7452	Time : 13.62 s
23-08-2020 14:43:37: Validation loss reduced from 0.13370737433433533 to  0.13042767345905304, saving model...
23-08-2020 14:43:37: Epoch : 16	Loss : 0.1326	MAE : 6.1701	Val Loss : 0.1304	Val MAE : 6.3924	Time : 13.52 s
23-08-2020 14:43:51: Epoch : 17	Loss : 0.1320	MAE : 6.1514	Val Loss : 0.1343	Val MAE : 6.6139	Time : 13.70 s
23-08-2020 14:44:04: Validation loss reduced from 0.13042767345905304 to  0.12871428579092026, saving model...
23-08-2020 14:44:04: Epoch : 18	Loss : 0.1313	MAE : 6.1355	Val Loss : 0.1287	Val MAE : 6.2401	Time : 13.73 s
23-08-2020 14:44:18: Validation loss reduced from 0.12871428579092026 to  0.12728677317500114, saving model...
23-08-2020 14:44:18: Epoch : 19	Loss : 0.1321	MAE : 6.1559	Val Loss : 0.1273	Val MAE : 6.1137	Time : 13.71 s
23-08-2020 14:44:32: Epoch : 20	Loss : 0.1321	MAE : 6.1595	Val Loss : 0.1299	Val MAE : 6.2926	Time : 13.84 s
23-08-2020 14:44:46: Epoch : 21	Loss : 0.1316	MAE : 6.1310	Val Loss : 0.1374	Val MAE : 6.7348	Time : 13.69 s
23-08-2020 14:44:59: Epoch : 22	Loss : 0.1304	MAE : 6.0952	Val Loss : 0.1301	Val MAE : 6.3635	Time : 13.76 s
23-08-2020 14:45:13: Epoch : 23	Loss : 0.1312	MAE : 6.1156	Val Loss : 0.1288	Val MAE : 6.1846	Time : 14.12 s
23-08-2020 14:45:27: Epoch : 24	Loss : 0.1317	MAE : 6.1244	Val Loss : 0.1290	Val MAE : 6.2557	Time : 13.85 s
23-08-2020 14:45:41: Epoch : 25	Loss : 0.1298	MAE : 6.0602	Val Loss : 0.1296	Val MAE : 6.3526	Time : 13.83 s
23-08-2020 14:45:55: Validation loss reduced from 0.12728677317500114 to  0.1255369372665882, saving model...
23-08-2020 14:45:55: Epoch : 26	Loss : 0.1298	MAE : 6.0475	Val Loss : 0.1255	Val MAE : 6.0779	Time : 13.62 s
23-08-2020 14:46:08: Epoch : 27	Loss : 0.1309	MAE : 6.1039	Val Loss : 0.1299	Val MAE : 6.3740	Time : 13.69 s
23-08-2020 14:46:22: Epoch : 28	Loss : 0.1301	MAE : 6.0681	Val Loss : 0.1407	Val MAE : 7.0091	Time : 13.64 s
23-08-2020 14:46:36: Validation loss reduced from 0.1255369372665882 to  0.12493176758289337, saving model...
23-08-2020 14:46:36: Epoch : 29	Loss : 0.1300	MAE : 6.0656	Val Loss : 0.1249	Val MAE : 6.0457	Time : 13.99 s
23-08-2020 14:46:50: Epoch : 30	Loss : 0.1309	MAE : 6.1285	Val Loss : 0.1261	Val MAE : 6.0882	Time : 13.78 s
23-08-2020 14:47:04: Validation loss reduced from 0.12493176758289337 to  0.12205017730593681, saving model...
23-08-2020 14:47:04: Epoch : 31	Loss : 0.1291	MAE : 6.0209	Val Loss : 0.1221	Val MAE : 5.8270	Time : 13.83 s
23-08-2020 14:47:18: Epoch : 32	Loss : 0.1288	MAE : 6.0025	Val Loss : 0.1251	Val MAE : 6.0485	Time : 13.80 s
23-08-2020 14:47:31: Epoch : 33	Loss : 0.1302	MAE : 6.0737	Val Loss : 0.1262	Val MAE : 6.1644	Time : 13.97 s
23-08-2020 14:47:45: Epoch : 34	Loss : 0.1302	MAE : 6.0493	Val Loss : 0.1278	Val MAE : 6.2204	Time : 13.81 s
23-08-2020 14:47:59: Epoch : 35	Loss : 0.1302	MAE : 6.0469	Val Loss : 0.1289	Val MAE : 6.3229	Time : 14.15 s
23-08-2020 14:48:13: Validation loss reduced from 0.12205017730593681 to  0.1210360899567604, saving model...
23-08-2020 14:48:13: Epoch : 36	Loss : 0.1300	MAE : 6.0628	Val Loss : 0.1210	Val MAE : 5.7584	Time : 13.58 s
23-08-2020 14:48:27: Epoch : 37	Loss : 0.1288	MAE : 6.0077	Val Loss : 0.1283	Val MAE : 6.3027	Time : 13.81 s
23-08-2020 14:48:41: Epoch : 38	Loss : 0.1292	MAE : 6.0133	Val Loss : 0.1276	Val MAE : 6.3326	Time : 13.86 s
23-08-2020 14:48:54: Epoch : 39	Loss : 0.1293	MAE : 6.0381	Val Loss : 0.1318	Val MAE : 6.5601	Time : 13.68 s
23-08-2020 14:49:08: Epoch : 40	Loss : 0.1287	MAE : 6.0136	Val Loss : 0.1250	Val MAE : 6.1291	Time : 13.48 s
23-08-2020 14:49:22: Epoch : 41	Loss : 0.1295	MAE : 6.0234	Val Loss : 0.1321	Val MAE : 6.5920	Time : 13.86 s
23-08-2020 14:49:35: Epoch : 42	Loss : 0.1296	MAE : 6.0333	Val Loss : 0.1301	Val MAE : 6.4788	Time : 13.53 s
23-08-2020 14:49:49: Epoch : 43	Loss : 0.1287	MAE : 6.0152	Val Loss : 0.1257	Val MAE : 6.1231	Time : 13.38 s
23-08-2020 14:50:02: Epoch : 44	Loss : 0.1292	MAE : 6.0216	Val Loss : 0.1307	Val MAE : 6.4567	Time : 13.58 s
23-08-2020 14:50:16: Epoch : 45	Loss : 0.1291	MAE : 6.0032	Val Loss : 0.1243	Val MAE : 6.0968	Time : 13.66 s
23-08-2020 14:50:30: Epoch : 46	Loss : 0.1284	MAE : 5.9905	Val Loss : 0.1298	Val MAE : 6.3863	Time : 13.72 s
23-08-2020 14:50:43: Epoch : 47	Loss : 0.1290	MAE : 6.0180	Val Loss : 0.1248	Val MAE : 5.9653	Time : 13.66 s
23-08-2020 14:50:57: Epoch : 48	Loss : 0.1286	MAE : 5.9751	Val Loss : 0.1349	Val MAE : 6.7834	Time : 13.37 s
23-08-2020 14:51:10: Epoch : 49	Loss : 0.1294	MAE : 6.0130	Val Loss : 0.1262	Val MAE : 6.1325	Time : 13.64 s
23-08-2020 14:51:24: Epoch : 50	Loss : 0.1285	MAE : 5.9883	Val Loss : 0.1273	Val MAE : 6.3285	Time : 13.41 s
23-08-2020 14:51:37: Epoch : 51	Loss : 0.1284	MAE : 5.9802	Val Loss : 0.1305	Val MAE : 6.4719	Time : 13.39 s
23-08-2020 14:51:51: Validation loss reduced from 0.1210360899567604 to  0.12004544958472252, saving model...
23-08-2020 14:51:51: Epoch : 52	Loss : 0.1291	MAE : 5.9994	Val Loss : 0.1200	Val MAE : 5.7526	Time : 13.61 s
23-08-2020 14:52:05: Epoch : 53	Loss : 0.1287	MAE : 5.9952	Val Loss : 0.1205	Val MAE : 5.8084	Time : 13.99 s
23-08-2020 14:52:18: Epoch : 54	Loss : 0.1285	MAE : 5.9867	Val Loss : 0.1277	Val MAE : 6.2290	Time : 13.58 s
23-08-2020 14:52:32: Epoch : 55	Loss : 0.1285	MAE : 5.9900	Val Loss : 0.1301	Val MAE : 6.4594	Time : 13.57 s
23-08-2020 14:52:45: Epoch : 56	Loss : 0.1280	MAE : 5.9591	Val Loss : 0.1201	Val MAE : 5.8823	Time : 13.62 s
23-08-2020 14:52:59: Epoch : 57	Loss : 0.1283	MAE : 5.9837	Val Loss : 0.1266	Val MAE : 6.2193	Time : 13.61 s
23-08-2020 14:53:13: Epoch : 58	Loss : 0.1275	MAE : 5.9393	Val Loss : 0.1244	Val MAE : 5.9204	Time : 13.98 s
23-08-2020 14:53:27: Epoch : 59	Loss : 0.1270	MAE : 5.9015	Val Loss : 0.1234	Val MAE : 6.0903	Time : 13.49 s
23-08-2020 14:53:40: Epoch : 60	Loss : 0.1275	MAE : 5.9487	Val Loss : 0.1231	Val MAE : 5.9442	Time : 13.81 s
23-08-2020 14:53:54: Epoch : 61	Loss : 0.1270	MAE : 5.9244	Val Loss : 0.1202	Val MAE : 5.8037	Time : 13.65 s
23-08-2020 14:54:08: Epoch : 62	Loss : 0.1282	MAE : 5.9798	Val Loss : 0.1235	Val MAE : 6.0174	Time : 13.63 s
23-08-2020 14:54:21: Epoch : 63	Loss : 0.1279	MAE : 5.9546	Val Loss : 0.1298	Val MAE : 6.4350	Time : 13.78 s
23-08-2020 14:54:35: Epoch : 64	Loss : 0.1279	MAE : 5.9643	Val Loss : 0.1203	Val MAE : 5.8188	Time : 13.43 s
23-08-2020 14:54:48: Epoch : 65	Loss : 0.1278	MAE : 5.9568	Val Loss : 0.1242	Val MAE : 5.9742	Time : 13.62 s
23-08-2020 14:55:02: Validation loss reduced from 0.12004544958472252 to  0.11917252838611603, saving model...
23-08-2020 14:55:02: Epoch : 66	Loss : 0.1274	MAE : 5.9437	Val Loss : 0.1192	Val MAE : 5.7358	Time : 13.59 s
23-08-2020 14:55:16: Validation loss reduced from 0.11917252838611603 to  0.1157350204885006, saving model...
23-08-2020 14:55:16: Epoch : 67	Loss : 0.1277	MAE : 5.9392	Val Loss : 0.1157	Val MAE : 5.5382	Time : 13.52 s
23-08-2020 14:55:29: Epoch : 68	Loss : 0.1286	MAE : 5.9871	Val Loss : 0.1233	Val MAE : 6.0742	Time : 13.92 s
23-08-2020 14:55:43: Epoch : 69	Loss : 0.1273	MAE : 5.9333	Val Loss : 0.1267	Val MAE : 6.2917	Time : 13.73 s
23-08-2020 14:55:57: Epoch : 70	Loss : 0.1268	MAE : 5.9238	Val Loss : 0.1250	Val MAE : 6.0490	Time : 13.52 s
23-08-2020 14:56:10: Epoch : 71	Loss : 0.1272	MAE : 5.9357	Val Loss : 0.1182	Val MAE : 5.7047	Time : 13.44 s
23-08-2020 14:56:24: Epoch : 72	Loss : 0.1267	MAE : 5.8957	Val Loss : 0.1239	Val MAE : 6.0853	Time : 13.52 s
23-08-2020 14:56:37: Epoch : 73	Loss : 0.1281	MAE : 5.9610	Val Loss : 0.1167	Val MAE : 5.6796	Time : 13.74 s
23-08-2020 14:56:51: Epoch : 74	Loss : 0.1276	MAE : 5.9356	Val Loss : 0.1228	Val MAE : 6.0314	Time : 13.74 s
23-08-2020 14:57:05: Epoch : 75	Loss : 0.1279	MAE : 5.9559	Val Loss : 0.1187	Val MAE : 5.6814	Time : 13.66 s
23-08-2020 14:57:19: Epoch : 76	Loss : 0.1266	MAE : 5.9003	Val Loss : 0.1205	Val MAE : 5.9928	Time : 13.79 s
23-08-2020 14:57:32: Epoch : 77	Loss : 0.1277	MAE : 5.9490	Val Loss : 0.1194	Val MAE : 5.9004	Time : 13.44 s
23-08-2020 14:57:46: Epoch : 78	Loss : 0.1267	MAE : 5.8985	Val Loss : 0.1244	Val MAE : 6.1310	Time : 13.52 s
23-08-2020 14:57:59: Epoch : 79	Loss : 0.1269	MAE : 5.9100	Val Loss : 0.1221	Val MAE : 6.0688	Time : 13.37 s
23-08-2020 14:58:13: Epoch : 80	Loss : 0.1267	MAE : 5.9116	Val Loss : 0.1220	Val MAE : 5.7759	Time : 13.73 s
23-08-2020 14:58:27: Epoch : 81	Loss : 0.1261	MAE : 5.8718	Val Loss : 0.1166	Val MAE : 5.5329	Time : 14.39 s
23-08-2020 14:58:41: Validation loss reduced from 0.1157350204885006 to  0.11360104009509087, saving model...
23-08-2020 14:58:41: Epoch : 82	Loss : 0.1270	MAE : 5.9140	Val Loss : 0.1136	Val MAE : 5.3865	Time : 13.74 s
23-08-2020 14:58:54: Epoch : 83	Loss : 0.1262	MAE : 5.8745	Val Loss : 0.1187	Val MAE : 5.6542	Time : 13.54 s
23-08-2020 14:59:08: Epoch : 84	Loss : 0.1265	MAE : 5.9184	Val Loss : 0.1197	Val MAE : 5.8334	Time : 14.01 s
23-08-2020 14:59:22: Epoch : 85	Loss : 0.1269	MAE : 5.9088	Val Loss : 0.1184	Val MAE : 5.6468	Time : 13.67 s
23-08-2020 14:59:36: Epoch : 86	Loss : 0.1267	MAE : 5.8979	Val Loss : 0.1252	Val MAE : 6.1739	Time : 13.57 s
23-08-2020 14:59:50: Epoch : 87	Loss : 0.1263	MAE : 5.8843	Val Loss : 0.1181	Val MAE : 5.7186	Time : 13.89 s
23-08-2020 15:00:03: Epoch : 88	Loss : 0.1263	MAE : 5.8959	Val Loss : 0.1173	Val MAE : 5.6600	Time : 13.71 s
23-08-2020 15:00:17: Epoch : 89	Loss : 0.1264	MAE : 5.8966	Val Loss : 0.1249	Val MAE : 6.1964	Time : 13.74 s
23-08-2020 15:00:31: Epoch : 90	Loss : 0.1262	MAE : 5.8711	Val Loss : 0.1249	Val MAE : 6.0574	Time : 13.69 s
23-08-2020 15:00:45: Epoch : 91	Loss : 0.1270	MAE : 5.9165	Val Loss : 0.1219	Val MAE : 6.0654	Time : 14.26 s
23-08-2020 15:00:59: Epoch : 92	Loss : 0.1272	MAE : 5.9187	Val Loss : 0.1185	Val MAE : 5.6761	Time : 13.72 s
23-08-2020 15:01:13: Validation loss reduced from 0.11360104009509087 to  0.11270500719547272, saving model...
23-08-2020 15:01:13: Epoch : 93	Loss : 0.1262	MAE : 5.8903	Val Loss : 0.1127	Val MAE : 5.3221	Time : 13.95 s
23-08-2020 15:01:27: Epoch : 94	Loss : 0.1256	MAE : 5.8614	Val Loss : 0.1141	Val MAE : 5.4950	Time : 13.97 s
23-08-2020 15:01:40: Epoch : 95	Loss : 0.1267	MAE : 5.9115	Val Loss : 0.1187	Val MAE : 5.6881	Time : 13.72 s
23-08-2020 15:01:54: Epoch : 96	Loss : 0.1266	MAE : 5.9088	Val Loss : 0.1173	Val MAE : 5.5501	Time : 13.66 s
23-08-2020 15:02:08: Epoch : 97	Loss : 0.1257	MAE : 5.8780	Val Loss : 0.1210	Val MAE : 5.8878	Time : 13.86 s
23-08-2020 15:02:22: Epoch : 98	Loss : 0.1266	MAE : 5.8916	Val Loss : 0.1227	Val MAE : 6.0394	Time : 13.74 s
23-08-2020 15:02:35: Epoch : 99	Loss : 0.1267	MAE : 5.9036	Val Loss : 0.1236	Val MAE : 6.0153	Time : 13.98 s
23-08-2020 15:02:49: Epoch : 100	Loss : 0.1263	MAE : 5.8867	Val Loss : 0.1270	Val MAE : 6.3205	Time : 13.90 s
23-08-2020 15:03:03: Epoch : 101	Loss : 0.1265	MAE : 5.9037	Val Loss : 0.1235	Val MAE : 5.9951	Time : 13.74 s
23-08-2020 15:03:17: Epoch : 102	Loss : 0.1266	MAE : 5.9015	Val Loss : 0.1367	Val MAE : 6.8711	Time : 13.85 s
23-08-2020 15:03:31: Epoch : 103	Loss : 0.1267	MAE : 5.9145	Val Loss : 0.1184	Val MAE : 5.7517	Time : 13.88 s
23-08-2020 15:03:45: Epoch : 104	Loss : 0.1268	MAE : 5.9052	Val Loss : 0.1202	Val MAE : 5.7790	Time : 13.85 s
23-08-2020 15:03:59: Epoch : 105	Loss : 0.1260	MAE : 5.8562	Val Loss : 0.1165	Val MAE : 5.5106	Time : 13.92 s
23-08-2020 15:04:12: Epoch : 106	Loss : 0.1258	MAE : 5.8646	Val Loss : 0.1218	Val MAE : 5.8696	Time : 13.71 s
23-08-2020 15:04:26: Epoch : 107	Loss : 0.1263	MAE : 5.8801	Val Loss : 0.1271	Val MAE : 6.2363	Time : 13.68 s
23-08-2020 15:04:39: Epoch : 108	Loss : 0.1265	MAE : 5.8856	Val Loss : 0.1295	Val MAE : 6.3385	Time : 13.47 s
23-08-2020 15:04:53: Epoch : 109	Loss : 0.1256	MAE : 5.8375	Val Loss : 0.1164	Val MAE : 5.5275	Time : 13.43 s
23-08-2020 15:05:07: Epoch : 110	Loss : 0.1261	MAE : 5.8781	Val Loss : 0.1238	Val MAE : 5.9761	Time : 13.77 s
23-08-2020 15:05:21: Epoch : 111	Loss : 0.1255	MAE : 5.8722	Val Loss : 0.1236	Val MAE : 5.8669	Time : 13.86 s
23-08-2020 15:05:34: Epoch : 112	Loss : 0.1256	MAE : 5.8517	Val Loss : 0.1188	Val MAE : 5.6967	Time : 13.65 s
23-08-2020 15:05:48: Epoch : 113	Loss : 0.1251	MAE : 5.8199	Val Loss : 0.1207	Val MAE : 5.8137	Time : 14.10 s
23-08-2020 15:06:02: Epoch : 114	Loss : 0.1258	MAE : 5.8628	Val Loss : 0.1185	Val MAE : 5.6591	Time : 13.76 s
23-08-2020 15:06:16: Epoch : 115	Loss : 0.1251	MAE : 5.8200	Val Loss : 0.1231	Val MAE : 5.8113	Time : 13.80 s
23-08-2020 15:06:29: Epoch : 116	Loss : 0.1263	MAE : 5.8865	Val Loss : 0.1267	Val MAE : 6.2757	Time : 13.61 s
23-08-2020 15:06:43: Epoch : 117	Loss : 0.1254	MAE : 5.8494	Val Loss : 0.1210	Val MAE : 5.9004	Time : 13.88 s
23-08-2020 15:06:57: Epoch : 118	Loss : 0.1254	MAE : 5.8649	Val Loss : 0.1179	Val MAE : 5.5828	Time : 13.59 s
23-08-2020 15:07:11: Epoch : 119	Loss : 0.1262	MAE : 5.8668	Val Loss : 0.1281	Val MAE : 6.3233	Time : 13.84 s
23-08-2020 15:07:24: Epoch : 120	Loss : 0.1258	MAE : 5.8707	Val Loss : 0.1233	Val MAE : 6.0858	Time : 13.58 s
23-08-2020 15:07:38: Epoch : 121	Loss : 0.1254	MAE : 5.8328	Val Loss : 0.1247	Val MAE : 6.0138	Time : 13.63 s
23-08-2020 15:07:52: Epoch : 122	Loss : 0.1259	MAE : 5.8763	Val Loss : 0.1168	Val MAE : 5.5198	Time : 13.71 s
23-08-2020 15:08:05: Epoch : 123	Loss : 0.1250	MAE : 5.8357	Val Loss : 0.1228	Val MAE : 5.9354	Time : 13.63 s
23-08-2020 15:08:19: Epoch : 124	Loss : 0.1256	MAE : 5.8687	Val Loss : 0.1175	Val MAE : 5.4952	Time : 13.66 s
23-08-2020 15:08:33: Epoch : 125	Loss : 0.1259	MAE : 5.8668	Val Loss : 0.1199	Val MAE : 5.6973	Time : 13.54 s
23-08-2020 15:08:46: Epoch : 126	Loss : 0.1251	MAE : 5.8207	Val Loss : 0.1276	Val MAE : 6.4243	Time : 13.64 s
23-08-2020 15:09:00: Epoch : 127	Loss : 0.1259	MAE : 5.8622	Val Loss : 0.1187	Val MAE : 5.7109	Time : 13.57 s
23-08-2020 15:09:13: Epoch : 128	Loss : 0.1265	MAE : 5.8853	Val Loss : 0.1257	Val MAE : 6.2082	Time : 13.67 s
23-08-2020 15:09:27: Epoch : 129	Loss : 0.1249	MAE : 5.8247	Val Loss : 0.1208	Val MAE : 5.9011	Time : 13.87 s
23-08-2020 15:09:41: Epoch : 130	Loss : 0.1248	MAE : 5.8152	Val Loss : 0.1242	Val MAE : 6.0151	Time : 13.73 s
23-08-2020 15:09:55: Epoch : 131	Loss : 0.1257	MAE : 5.8561	Val Loss : 0.1182	Val MAE : 5.5223	Time : 13.85 s
23-08-2020 15:10:08: Epoch : 132	Loss : 0.1256	MAE : 5.8436	Val Loss : 0.1186	Val MAE : 5.6236	Time : 13.47 s
23-08-2020 15:10:22: Epoch : 133	Loss : 0.1254	MAE : 5.8392	Val Loss : 0.1240	Val MAE : 6.1561	Time : 13.80 s
23-08-2020 15:10:36: Epoch : 134	Loss : 0.1250	MAE : 5.8136	Val Loss : 0.1305	Val MAE : 6.5162	Time : 13.60 s
23-08-2020 15:10:50: Epoch : 135	Loss : 0.1250	MAE : 5.8402	Val Loss : 0.1277	Val MAE : 6.3739	Time : 14.60 s
23-08-2020 15:11:05: Epoch : 136	Loss : 0.1254	MAE : 5.8412	Val Loss : 0.1220	Val MAE : 6.0027	Time : 14.41 s
23-08-2020 15:11:19: Epoch : 137	Loss : 0.1246	MAE : 5.8064	Val Loss : 0.1232	Val MAE : 6.0202	Time : 14.55 s
23-08-2020 15:11:34: Epoch : 138	Loss : 0.1253	MAE : 5.8284	Val Loss : 0.1262	Val MAE : 6.1497	Time : 14.39 s
23-08-2020 15:11:48: Epoch : 139	Loss : 0.1249	MAE : 5.8083	Val Loss : 0.1218	Val MAE : 5.8899	Time : 13.97 s
23-08-2020 15:12:02: Epoch : 140	Loss : 0.1250	MAE : 5.8412	Val Loss : 0.1192	Val MAE : 5.6936	Time : 14.02 s
23-08-2020 15:12:16: Epoch : 141	Loss : 0.1250	MAE : 5.8407	Val Loss : 0.1218	Val MAE : 5.9953	Time : 14.19 s
23-08-2020 15:12:30: Epoch : 142	Loss : 0.1248	MAE : 5.8055	Val Loss : 0.1206	Val MAE : 5.8709	Time : 14.26 s
23-08-2020 15:12:45: Epoch : 143	Loss : 0.1253	MAE : 5.8480	Val Loss : 0.1174	Val MAE : 5.5363	Time : 14.39 s
23-08-2020 15:12:59: Epoch : 144	Loss : 0.1253	MAE : 5.8340	Val Loss : 0.1240	Val MAE : 5.8561	Time : 13.99 s
23-08-2020 15:13:13: Epoch : 145	Loss : 0.1255	MAE : 5.8253	Val Loss : 0.1243	Val MAE : 6.0223	Time : 14.08 s
23-08-2020 15:13:27: Epoch : 146	Loss : 0.1250	MAE : 5.8183	Val Loss : 0.1234	Val MAE : 6.0595	Time : 14.20 s
23-08-2020 15:13:41: Epoch : 147	Loss : 0.1244	MAE : 5.8047	Val Loss : 0.1211	Val MAE : 5.8893	Time : 13.94 s
23-08-2020 15:13:55: Epoch : 148	Loss : 0.1256	MAE : 5.8520	Val Loss : 0.1183	Val MAE : 5.7029	Time : 13.87 s
23-08-2020 15:14:09: Epoch : 149	Loss : 0.1254	MAE : 5.8245	Val Loss : 0.1227	Val MAE : 5.9715	Time : 14.02 s
23-08-2020 15:14:23: Epoch : 150	Loss : 0.1245	MAE : 5.8067	Val Loss : 0.1223	Val MAE : 5.9604	Time : 13.98 s
23-08-2020 15:14:36: Epoch : 151	Loss : 0.1244	MAE : 5.7912	Val Loss : 0.1185	Val MAE : 5.7308	Time : 13.66 s
23-08-2020 15:14:50: Epoch : 152	Loss : 0.1257	MAE : 5.8300	Val Loss : 0.1265	Val MAE : 6.2433	Time : 13.89 s
23-08-2020 15:15:04: Epoch : 153	Loss : 0.1249	MAE : 5.8080	Val Loss : 0.1294	Val MAE : 6.4029	Time : 13.75 s
23-08-2020 15:15:18: Epoch : 154	Loss : 0.1242	MAE : 5.7813	Val Loss : 0.1140	Val MAE : 5.3130	Time : 13.77 s
23-08-2020 15:15:31: Epoch : 155	Loss : 0.1247	MAE : 5.8074	Val Loss : 0.1221	Val MAE : 6.0396	Time : 13.54 s
23-08-2020 15:15:45: Epoch : 156	Loss : 0.1252	MAE : 5.8367	Val Loss : 0.1234	Val MAE : 6.1391	Time : 13.58 s
23-08-2020 15:15:59: Epoch : 157	Loss : 0.1252	MAE : 5.8387	Val Loss : 0.1177	Val MAE : 5.6771	Time : 13.81 s
23-08-2020 15:16:13: Epoch : 158	Loss : 0.1251	MAE : 5.8158	Val Loss : 0.1158	Val MAE : 5.5691	Time : 14.22 s
23-08-2020 15:16:27: Epoch : 159	Loss : 0.1241	MAE : 5.7810	Val Loss : 0.1240	Val MAE : 6.0471	Time : 13.70 s
23-08-2020 15:16:40: Epoch : 160	Loss : 0.1246	MAE : 5.7969	Val Loss : 0.1282	Val MAE : 6.3932	Time : 13.69 s
23-08-2020 15:16:54: Epoch : 161	Loss : 0.1248	MAE : 5.8227	Val Loss : 0.1227	Val MAE : 5.9029	Time : 13.55 s
23-08-2020 15:17:07: Epoch : 162	Loss : 0.1250	MAE : 5.8303	Val Loss : 0.1215	Val MAE : 5.8881	Time : 13.55 s
23-08-2020 15:17:21: Epoch : 163	Loss : 0.1244	MAE : 5.7985	Val Loss : 0.1226	Val MAE : 6.0035	Time : 13.81 s
23-08-2020 15:17:35: Epoch : 164	Loss : 0.1245	MAE : 5.7944	Val Loss : 0.1228	Val MAE : 6.0102	Time : 14.00 s
23-08-2020 15:17:49: Epoch : 165	Loss : 0.1245	MAE : 5.8014	Val Loss : 0.1194	Val MAE : 5.6897	Time : 13.68 s
23-08-2020 15:18:03: Epoch : 166	Loss : 0.1247	MAE : 5.7929	Val Loss : 0.1196	Val MAE : 5.6720	Time : 13.76 s
23-08-2020 15:18:16: Epoch : 167	Loss : 0.1245	MAE : 5.7906	Val Loss : 0.1199	Val MAE : 5.7206	Time : 13.75 s
23-08-2020 15:18:30: Epoch : 168	Loss : 0.1248	MAE : 5.8133	Val Loss : 0.1219	Val MAE : 5.8217	Time : 13.79 s
23-08-2020 15:18:44: Epoch : 169	Loss : 0.1245	MAE : 5.8002	Val Loss : 0.1239	Val MAE : 6.0834	Time : 13.89 s
23-08-2020 15:18:58: Epoch : 170	Loss : 0.1244	MAE : 5.7784	Val Loss : 0.1214	Val MAE : 5.9504	Time : 13.67 s
23-08-2020 15:19:11: Epoch : 171	Loss : 0.1250	MAE : 5.8279	Val Loss : 0.1233	Val MAE : 5.9998	Time : 13.79 s
23-08-2020 15:19:25: Epoch : 172	Loss : 0.1241	MAE : 5.7804	Val Loss : 0.1204	Val MAE : 5.7550	Time : 13.85 s
23-08-2020 15:19:39: Epoch : 173	Loss : 0.1251	MAE : 5.8119	Val Loss : 0.1311	Val MAE : 6.5472	Time : 13.55 s
23-08-2020 15:19:53: Epoch : 174	Loss : 0.1246	MAE : 5.7989	Val Loss : 0.1212	Val MAE : 5.8994	Time : 13.68 s
23-08-2020 15:20:06: Epoch : 175	Loss : 0.1247	MAE : 5.8038	Val Loss : 0.1252	Val MAE : 6.0777	Time : 13.85 s
23-08-2020 15:20:20: Epoch : 176	Loss : 0.1251	MAE : 5.8148	Val Loss : 0.1195	Val MAE : 5.7538	Time : 13.81 s
23-08-2020 15:20:34: Epoch : 177	Loss : 0.1255	MAE : 5.8486	Val Loss : 0.1273	Val MAE : 6.0530	Time : 13.72 s
23-08-2020 15:20:48: Epoch : 178	Loss : 0.1250	MAE : 5.8151	Val Loss : 0.1264	Val MAE : 6.2137	Time : 13.72 s
23-08-2020 15:21:01: Epoch : 179	Loss : 0.1255	MAE : 5.8567	Val Loss : 0.1230	Val MAE : 5.9718	Time : 13.66 s
23-08-2020 15:21:15: Epoch : 180	Loss : 0.1244	MAE : 5.7879	Val Loss : 0.1216	Val MAE : 5.8412	Time : 13.60 s
23-08-2020 15:21:29: Epoch : 181	Loss : 0.1247	MAE : 5.8236	Val Loss : 0.1206	Val MAE : 5.6818	Time : 14.17 s
23-08-2020 15:21:43: Epoch : 182	Loss : 0.1243	MAE : 5.7823	Val Loss : 0.1202	Val MAE : 5.7989	Time : 13.81 s
23-08-2020 15:21:57: Epoch : 183	Loss : 0.1242	MAE : 5.7706	Val Loss : 0.1304	Val MAE : 6.4177	Time : 13.85 s
23-08-2020 15:22:10: Epoch : 184	Loss : 0.1246	MAE : 5.8060	Val Loss : 0.1211	Val MAE : 5.7280	Time : 13.58 s
23-08-2020 15:22:24: Epoch : 185	Loss : 0.1251	MAE : 5.8344	Val Loss : 0.1256	Val MAE : 6.1410	Time : 13.99 s
23-08-2020 15:22:38: Epoch : 186	Loss : 0.1243	MAE : 5.7757	Val Loss : 0.1277	Val MAE : 6.2012	Time : 13.83 s
23-08-2020 15:22:52: Epoch : 187	Loss : 0.1241	MAE : 5.7888	Val Loss : 0.1260	Val MAE : 6.0968	Time : 13.71 s
23-08-2020 15:23:06: Epoch : 188	Loss : 0.1244	MAE : 5.7901	Val Loss : 0.1197	Val MAE : 5.7781	Time : 13.69 s
23-08-2020 15:23:19: Epoch : 189	Loss : 0.1244	MAE : 5.8004	Val Loss : 0.1196	Val MAE : 5.7235	Time : 13.61 s
23-08-2020 15:23:33: Epoch : 190	Loss : 0.1237	MAE : 5.7746	Val Loss : 0.1233	Val MAE : 6.0124	Time : 13.66 s
23-08-2020 15:23:46: Epoch : 191	Loss : 0.1234	MAE : 5.7599	Val Loss : 0.1307	Val MAE : 6.4962	Time : 13.55 s
23-08-2020 15:24:00: Epoch : 192	Loss : 0.1247	MAE : 5.8004	Val Loss : 0.1198	Val MAE : 5.7029	Time : 13.62 s
23-08-2020 15:24:14: Epoch : 193	Loss : 0.1236	MAE : 5.7519	Val Loss : 0.1246	Val MAE : 6.0980	Time : 13.58 s
23-08-2020 15:24:27: Epoch : 194	Loss : 0.1242	MAE : 5.7951	Val Loss : 0.1223	Val MAE : 5.9043	Time : 13.48 s
23-08-2020 15:24:41: Epoch : 195	Loss : 0.1247	MAE : 5.8099	Val Loss : 0.1194	Val MAE : 5.7062	Time : 13.74 s
23-08-2020 15:24:54: Epoch : 196	Loss : 0.1244	MAE : 5.7903	Val Loss : 0.1249	Val MAE : 6.1224	Time : 13.44 s
23-08-2020 15:25:08: Epoch : 197	Loss : 0.1244	MAE : 5.7862	Val Loss : 0.1204	Val MAE : 5.8490	Time : 13.63 s
23-08-2020 15:25:21: Epoch : 198	Loss : 0.1239	MAE : 5.7722	Val Loss : 0.1282	Val MAE : 6.3246	Time : 13.58 s
23-08-2020 15:25:35: Epoch : 199	Loss : 0.1243	MAE : 5.7911	Val Loss : 0.1264	Val MAE : 6.1787	Time : 13.58 s
23-08-2020 15:25:49: Epoch : 200	Loss : 0.1241	MAE : 5.8028	Val Loss : 0.1263	Val MAE : 6.2067	Time : 13.56 s
23-08-2020 15:26:02: Epoch : 201	Loss : 0.1247	MAE : 5.8085	Val Loss : 0.1227	Val MAE : 5.9363	Time : 13.36 s
23-08-2020 15:26:16: Epoch : 202	Loss : 0.1239	MAE : 5.7685	Val Loss : 0.1255	Val MAE : 6.1712	Time : 13.53 s
23-08-2020 15:26:29: Epoch : 203	Loss : 0.1237	MAE : 5.7596	Val Loss : 0.1222	Val MAE : 5.9639	Time : 13.72 s
23-08-2020 15:26:43: Epoch : 204	Loss : 0.1238	MAE : 5.7636	Val Loss : 0.1215	Val MAE : 5.7639	Time : 13.99 s
23-08-2020 15:26:57: Epoch : 205	Loss : 0.1244	MAE : 5.7885	Val Loss : 0.1267	Val MAE : 6.1593	Time : 13.55 s
23-08-2020 15:27:10: Epoch : 206	Loss : 0.1235	MAE : 5.7462	Val Loss : 0.1225	Val MAE : 5.9640	Time : 13.69 s
23-08-2020 15:27:24: Epoch : 207	Loss : 0.1240	MAE : 5.7850	Val Loss : 0.1239	Val MAE : 6.1499	Time : 13.42 s
23-08-2020 15:27:37: Epoch : 208	Loss : 0.1236	MAE : 5.7577	Val Loss : 0.1273	Val MAE : 6.2504	Time : 13.42 s
23-08-2020 15:27:51: Epoch : 209	Loss : 0.1248	MAE : 5.8054	Val Loss : 0.1272	Val MAE : 6.3189	Time : 13.68 s
23-08-2020 15:28:05: Epoch : 210	Loss : 0.1239	MAE : 5.7678	Val Loss : 0.1249	Val MAE : 6.0866	Time : 13.85 s
23-08-2020 15:28:18: Epoch : 211	Loss : 0.1244	MAE : 5.7997	Val Loss : 0.1224	Val MAE : 5.9956	Time : 13.49 s
23-08-2020 15:28:32: Epoch : 212	Loss : 0.1243	MAE : 5.7947	Val Loss : 0.1229	Val MAE : 5.9662	Time : 13.56 s
23-08-2020 15:28:45: Epoch : 213	Loss : 0.1237	MAE : 5.7640	Val Loss : 0.1261	Val MAE : 6.2229	Time : 13.53 s
23-08-2020 15:28:59: Epoch : 214	Loss : 0.1240	MAE : 5.7794	Val Loss : 0.1258	Val MAE : 6.2685	Time : 13.66 s
23-08-2020 15:29:13: Epoch : 215	Loss : 0.1236	MAE : 5.7700	Val Loss : 0.1180	Val MAE : 5.6640	Time : 13.64 s
23-08-2020 15:29:27: Epoch : 216	Loss : 0.1239	MAE : 5.7649	Val Loss : 0.1212	Val MAE : 5.8494	Time : 13.84 s
23-08-2020 15:29:40: Epoch : 217	Loss : 0.1236	MAE : 5.7585	Val Loss : 0.1251	Val MAE : 6.1101	Time : 13.66 s
23-08-2020 15:29:54: Epoch : 218	Loss : 0.1243	MAE : 5.7975	Val Loss : 0.1239	Val MAE : 6.1160	Time : 13.87 s
23-08-2020 15:30:08: Epoch : 219	Loss : 0.1234	MAE : 5.7465	Val Loss : 0.1230	Val MAE : 5.9789	Time : 13.63 s
23-08-2020 15:30:21: Epoch : 220	Loss : 0.1243	MAE : 5.7822	Val Loss : 0.1195	Val MAE : 5.7383	Time : 13.68 s
23-08-2020 15:30:35: Epoch : 221	Loss : 0.1232	MAE : 5.7310	Val Loss : 0.1261	Val MAE : 6.2414	Time : 13.66 s
23-08-2020 15:30:49: Epoch : 222	Loss : 0.1230	MAE : 5.7324	Val Loss : 0.1300	Val MAE : 6.4539	Time : 13.82 s
23-08-2020 15:31:03: Epoch : 223	Loss : 0.1234	MAE : 5.7595	Val Loss : 0.1189	Val MAE : 5.7336	Time : 13.78 s
23-08-2020 15:31:16: Epoch : 224	Loss : 0.1236	MAE : 5.7652	Val Loss : 0.1250	Val MAE : 6.1337	Time : 13.50 s
23-08-2020 15:31:30: Epoch : 225	Loss : 0.1237	MAE : 5.7508	Val Loss : 0.1220	Val MAE : 5.8580	Time : 13.56 s
23-08-2020 15:31:43: Epoch : 226	Loss : 0.1235	MAE : 5.7600	Val Loss : 0.1219	Val MAE : 5.9152	Time : 13.77 s
23-08-2020 15:31:57: Epoch : 227	Loss : 0.1236	MAE : 5.7423	Val Loss : 0.1232	Val MAE : 5.9027	Time : 13.80 s
23-08-2020 15:32:11: Epoch : 228	Loss : 0.1242	MAE : 5.7860	Val Loss : 0.1255	Val MAE : 6.1641	Time : 13.71 s
23-08-2020 15:32:25: Epoch : 229	Loss : 0.1230	MAE : 5.7322	Val Loss : 0.1213	Val MAE : 5.8850	Time : 13.92 s
23-08-2020 15:32:38: Epoch : 230	Loss : 0.1235	MAE : 5.7476	Val Loss : 0.1216	Val MAE : 5.8296	Time : 13.60 s
23-08-2020 15:32:52: Epoch : 231	Loss : 0.1232	MAE : 5.7188	Val Loss : 0.1223	Val MAE : 5.8643	Time : 13.70 s
23-08-2020 15:33:06: Epoch : 232	Loss : 0.1240	MAE : 5.7634	Val Loss : 0.1236	Val MAE : 5.9623	Time : 13.49 s
23-08-2020 15:33:19: Epoch : 233	Loss : 0.1237	MAE : 5.7564	Val Loss : 0.1241	Val MAE : 6.0931	Time : 13.57 s
23-08-2020 15:33:33: Epoch : 234	Loss : 0.1242	MAE : 5.7846	Val Loss : 0.1244	Val MAE : 6.0256	Time : 13.60 s
23-08-2020 15:33:47: Epoch : 235	Loss : 0.1236	MAE : 5.7461	Val Loss : 0.1254	Val MAE : 6.1031	Time : 13.78 s
23-08-2020 15:34:00: Epoch : 236	Loss : 0.1235	MAE : 5.7522	Val Loss : 0.1221	Val MAE : 5.8909	Time : 13.51 s
23-08-2020 15:34:14: Epoch : 237	Loss : 0.1239	MAE : 5.7737	Val Loss : 0.1285	Val MAE : 6.3915	Time : 13.56 s
23-08-2020 15:34:27: Epoch : 238	Loss : 0.1240	MAE : 5.7814	Val Loss : 0.1201	Val MAE : 5.7309	Time : 13.65 s
23-08-2020 15:34:41: Epoch : 239	Loss : 0.1239	MAE : 5.7938	Val Loss : 0.1243	Val MAE : 6.0283	Time : 13.51 s
23-08-2020 15:34:55: Epoch : 240	Loss : 0.1236	MAE : 5.7533	Val Loss : 0.1216	Val MAE : 5.8090	Time : 13.69 s
23-08-2020 15:35:08: Epoch : 241	Loss : 0.1241	MAE : 5.7664	Val Loss : 0.1270	Val MAE : 6.3076	Time : 13.46 s
23-08-2020 15:35:22: Epoch : 242	Loss : 0.1237	MAE : 5.7796	Val Loss : 0.1266	Val MAE : 6.1400	Time : 13.60 s
23-08-2020 15:35:35: Epoch : 243	Loss : 0.1239	MAE : 5.7680	Val Loss : 0.1233	Val MAE : 6.0437	Time : 13.50 s
23-08-2020 15:35:49: Epoch : 244	Loss : 0.1244	MAE : 5.7921	Val Loss : 0.1240	Val MAE : 6.0429	Time : 13.61 s
23-08-2020 15:36:02: Epoch : 245	Loss : 0.1228	MAE : 5.7279	Val Loss : 0.1269	Val MAE : 6.1674	Time : 13.63 s
23-08-2020 15:36:16: Epoch : 246	Loss : 0.1232	MAE : 5.7321	Val Loss : 0.1222	Val MAE : 5.8140	Time : 13.88 s
23-08-2020 15:36:30: Epoch : 247	Loss : 0.1236	MAE : 5.7623	Val Loss : 0.1243	Val MAE : 5.9573	Time : 13.58 s
23-08-2020 15:36:43: Epoch : 248	Loss : 0.1239	MAE : 5.7561	Val Loss : 0.1257	Val MAE : 6.0755	Time : 13.36 s
23-08-2020 15:36:57: Epoch : 249	Loss : 0.1241	MAE : 5.7909	Val Loss : 0.1268	Val MAE : 6.2566	Time : 14.07 s
23-08-2020 15:37:11: Epoch : 250	Loss : 0.1230	MAE : 5.7434	Val Loss : 0.1229	Val MAE : 5.9594	Time : 13.53 s
23-08-2020 15:37:24: Epoch : 251	Loss : 0.1237	MAE : 5.7531	Val Loss : 0.1258	Val MAE : 6.1380	Time : 13.32 s
23-08-2020 15:37:38: Epoch : 252	Loss : 0.1243	MAE : 5.7890	Val Loss : 0.1270	Val MAE : 6.2311	Time : 13.87 s
23-08-2020 15:37:51: Epoch : 253	Loss : 0.1238	MAE : 5.7543	Val Loss : 0.1230	Val MAE : 5.9874	Time : 13.40 s
23-08-2020 15:38:05: Epoch : 254	Loss : 0.1231	MAE : 5.7253	Val Loss : 0.1212	Val MAE : 5.8764	Time : 13.64 s
23-08-2020 15:38:19: Epoch : 255	Loss : 0.1232	MAE : 5.7426	Val Loss : 0.1225	Val MAE : 6.0021	Time : 13.58 s
23-08-2020 15:38:32: Epoch : 256	Loss : 0.1237	MAE : 5.7514	Val Loss : 0.1259	Val MAE : 6.1687	Time : 13.51 s
23-08-2020 15:38:46: Epoch : 257	Loss : 0.1232	MAE : 5.7171	Val Loss : 0.1254	Val MAE : 6.1668	Time : 13.65 s
23-08-2020 15:38:59: Epoch : 258	Loss : 0.1224	MAE : 5.7089	Val Loss : 0.1261	Val MAE : 6.2255	Time : 13.63 s
23-08-2020 15:39:13: Epoch : 259	Loss : 0.1236	MAE : 5.7569	Val Loss : 0.1244	Val MAE : 6.0780	Time : 13.57 s
23-08-2020 15:39:26: Epoch : 260	Loss : 0.1228	MAE : 5.7245	Val Loss : 0.1291	Val MAE : 6.4262	Time : 13.44 s
23-08-2020 15:39:40: Epoch : 261	Loss : 0.1238	MAE : 5.7618	Val Loss : 0.1237	Val MAE : 5.9543	Time : 13.60 s
23-08-2020 15:39:54: Epoch : 262	Loss : 0.1243	MAE : 5.7816	Val Loss : 0.1218	Val MAE : 5.9473	Time : 13.62 s
23-08-2020 15:40:07: Epoch : 263	Loss : 0.1235	MAE : 5.7639	Val Loss : 0.1286	Val MAE : 6.3084	Time : 13.40 s
23-08-2020 15:40:21: Epoch : 264	Loss : 0.1230	MAE : 5.7279	Val Loss : 0.1241	Val MAE : 6.0386	Time : 13.84 s
23-08-2020 15:40:34: Epoch : 265	Loss : 0.1236	MAE : 5.7301	Val Loss : 0.1202	Val MAE : 5.8440	Time : 13.57 s
23-08-2020 15:40:48: Epoch : 266	Loss : 0.1240	MAE : 5.7912	Val Loss : 0.1185	Val MAE : 5.6492	Time : 13.40 s
23-08-2020 15:41:01: Epoch : 267	Loss : 0.1227	MAE : 5.7286	Val Loss : 0.1265	Val MAE : 6.1848	Time : 13.50 s
23-08-2020 15:41:15: Epoch : 268	Loss : 0.1238	MAE : 5.7607	Val Loss : 0.1271	Val MAE : 6.2728	Time : 13.65 s
23-08-2020 15:41:29: Epoch : 269	Loss : 0.1236	MAE : 5.7569	Val Loss : 0.1223	Val MAE : 5.8704	Time : 13.62 s
23-08-2020 15:41:42: Epoch : 270	Loss : 0.1237	MAE : 5.7551	Val Loss : 0.1248	Val MAE : 6.1066	Time : 13.61 s
23-08-2020 15:41:56: Epoch : 271	Loss : 0.1232	MAE : 5.7481	Val Loss : 0.1250	Val MAE : 6.1554	Time : 13.56 s
23-08-2020 15:42:10: Epoch : 272	Loss : 0.1235	MAE : 5.7627	Val Loss : 0.1235	Val MAE : 5.9547	Time : 14.04 s
23-08-2020 15:42:23: Epoch : 273	Loss : 0.1236	MAE : 5.7355	Val Loss : 0.1272	Val MAE : 6.2886	Time : 13.68 s
23-08-2020 15:42:37: Epoch : 274	Loss : 0.1234	MAE : 5.7612	Val Loss : 0.1222	Val MAE : 5.9458	Time : 13.59 s
23-08-2020 15:42:51: Epoch : 275	Loss : 0.1238	MAE : 5.7752	Val Loss : 0.1266	Val MAE : 6.3278	Time : 13.60 s
23-08-2020 15:43:04: Epoch : 276	Loss : 0.1239	MAE : 5.7644	Val Loss : 0.1278	Val MAE : 6.2395	Time : 13.62 s
23-08-2020 15:43:18: Epoch : 277	Loss : 0.1233	MAE : 5.7276	Val Loss : 0.1195	Val MAE : 5.6837	Time : 13.61 s
23-08-2020 15:43:31: Epoch : 278	Loss : 0.1231	MAE : 5.7306	Val Loss : 0.1186	Val MAE : 5.6534	Time : 13.45 s
23-08-2020 15:43:45: Epoch : 279	Loss : 0.1235	MAE : 5.7542	Val Loss : 0.1240	Val MAE : 6.0801	Time : 13.58 s
23-08-2020 15:43:59: Epoch : 280	Loss : 0.1236	MAE : 5.7399	Val Loss : 0.1207	Val MAE : 5.7605	Time : 13.74 s
23-08-2020 15:44:12: Epoch : 281	Loss : 0.1234	MAE : 5.7401	Val Loss : 0.1253	Val MAE : 6.1616	Time : 13.58 s
23-08-2020 15:44:28: Epoch : 282	Loss : 0.1234	MAE : 5.7593	Val Loss : 0.1193	Val MAE : 5.6505	Time : 15.69 s
23-08-2020 15:44:41: Epoch : 283	Loss : 0.1237	MAE : 5.7411	Val Loss : 0.1209	Val MAE : 5.8385	Time : 13.50 s
23-08-2020 15:44:55: Epoch : 284	Loss : 0.1231	MAE : 5.7210	Val Loss : 0.1218	Val MAE : 5.7689	Time : 13.53 s
23-08-2020 15:45:09: Epoch : 285	Loss : 0.1235	MAE : 5.7388	Val Loss : 0.1228	Val MAE : 5.9274	Time : 13.57 s
23-08-2020 15:45:22: Epoch : 286	Loss : 0.1229	MAE : 5.7305	Val Loss : 0.1287	Val MAE : 6.2822	Time : 13.65 s
23-08-2020 15:45:36: Epoch : 287	Loss : 0.1236	MAE : 5.7531	Val Loss : 0.1215	Val MAE : 5.8310	Time : 13.75 s
23-08-2020 15:45:50: Epoch : 288	Loss : 0.1241	MAE : 5.7660	Val Loss : 0.1238	Val MAE : 5.9604	Time : 13.66 s
23-08-2020 15:46:03: Epoch : 289	Loss : 0.1233	MAE : 5.7370	Val Loss : 0.1311	Val MAE : 6.5113	Time : 13.60 s
23-08-2020 15:46:17: Epoch : 290	Loss : 0.1226	MAE : 5.7037	Val Loss : 0.1189	Val MAE : 5.6776	Time : 13.47 s
23-08-2020 15:46:31: Epoch : 291	Loss : 0.1237	MAE : 5.7713	Val Loss : 0.1207	Val MAE : 5.8408	Time : 14.06 s
23-08-2020 15:46:44: Epoch : 292	Loss : 0.1235	MAE : 5.7439	Val Loss : 0.1265	Val MAE : 6.1285	Time : 13.73 s
23-08-2020 15:46:58: Epoch : 293	Loss : 0.1229	MAE : 5.6933	Val Loss : 0.1294	Val MAE : 6.3191	Time : 13.79 s
23-08-2020 15:47:12: Epoch : 294	Loss : 0.1230	MAE : 5.7295	Val Loss : 0.1263	Val MAE : 6.1376	Time : 13.93 s
23-08-2020 15:47:26: Epoch : 295	Loss : 0.1237	MAE : 5.7555	Val Loss : 0.1198	Val MAE : 5.7646	Time : 13.63 s
23-08-2020 15:47:42: Epoch : 296	Loss : 0.1228	MAE : 5.7179	Val Loss : 0.1245	Val MAE : 5.9920	Time : 15.84 s
23-08-2020 15:47:56: Epoch : 297	Loss : 0.1225	MAE : 5.7083	Val Loss : 0.1204	Val MAE : 5.7181	Time : 13.89 s
23-08-2020 15:48:10: Epoch : 298	Loss : 0.1227	MAE : 5.7012	Val Loss : 0.1221	Val MAE : 5.9095	Time : 14.20 s
23-08-2020 15:48:24: Epoch : 299	Loss : 0.1232	MAE : 5.7245	Val Loss : 0.1228	Val MAE : 5.9661	Time : 14.14 s
23-08-2020 15:48:38: Epoch : 300	Loss : 0.1231	MAE : 5.7121	Val Loss : 0.1242	Val MAE : 6.0337	Time : 14.04 s
23-08-2020 15:48:51: 
Train Dataset :	MSE : 51.998111724853516	MAE : 5.729916095733643	RMSE: 7.210971832275391
23-08-2020 15:48:51: 
Val Dataset :	MSE : 53.460811614990234	MAE : 6.0589823722839355	RMSE: 7.311689853668213
23-08-2020 15:48:52: 
Test Dataset :	MSE : 52.64576721191406	MAE : 5.613572597503662	RMSE: 7.255740165710449
