23-08-2020 21:20:40: 
Training Config:
audio_features: mel
audio_sample_rate: 16000
augment: true
batch_size: 128
data_dir: /home/shangeth/Downloads/dump/save_dir
dataset_name: timit_height
epochs: 300
log_path: logging/
lr: 0.001
model_type: lstm-attn
pretrained: false
save_model_file: trained_model.pt
task: regression
tensorboard_path: logging/runs/
timit_time_len: 300
val_split_ratio: 0.1

23-08-2020 21:20:42: 
Model Summary:
LSTM_Attn_Regression(
  (l_lstm): LSTM(26, 50, batch_first=True)
  (avg_pool): AvgPool1d(kernel_size=(700,), stride=(700,), padding=(0,))
  (ann_network): Sequential(
    (0): Linear(in_features=50, out_features=1, bias=True)
  )
)

23-08-2020 21:21:00: Validation loss reduced from inf to  0.1798078864812851, saving model...
23-08-2020 21:21:00: Epoch : 01	Loss : 0.2317	MAE : 11.5994	Val Loss : 0.1798	Val MAE : 8.7692	Time : 17.95 s
23-08-2020 21:21:19: Validation loss reduced from 0.1798078864812851 to  0.17880628257989883, saving model...
23-08-2020 21:21:19: Epoch : 02	Loss : 0.1640	MAE : 7.7027	Val Loss : 0.1788	Val MAE : 8.7874	Time : 19.21 s
23-08-2020 21:21:39: Epoch : 03	Loss : 0.1643	MAE : 7.7402	Val Loss : 0.1800	Val MAE : 8.7731	Time : 19.09 s
23-08-2020 21:21:56: Epoch : 04	Loss : 0.1641	MAE : 7.7275	Val Loss : 0.1795	Val MAE : 8.7894	Time : 17.63 s
23-08-2020 21:22:13: Epoch : 05	Loss : 0.1640	MAE : 7.7241	Val Loss : 0.1822	Val MAE : 8.8116	Time : 17.14 s
23-08-2020 21:22:30: Epoch : 06	Loss : 0.1637	MAE : 7.7055	Val Loss : 0.1811	Val MAE : 8.7774	Time : 17.02 s
23-08-2020 21:22:47: Epoch : 07	Loss : 0.1642	MAE : 7.7224	Val Loss : 0.1793	Val MAE : 8.7617	Time : 16.83 s
23-08-2020 21:23:04: Epoch : 08	Loss : 0.1642	MAE : 7.7286	Val Loss : 0.1813	Val MAE : 8.7950	Time : 16.70 s
23-08-2020 21:23:19: Epoch : 09	Loss : 0.1636	MAE : 7.7012	Val Loss : 0.1792	Val MAE : 8.7626	Time : 15.34 s
23-08-2020 21:23:35: Epoch : 10	Loss : 0.1636	MAE : 7.6920	Val Loss : 0.1788	Val MAE : 8.7569	Time : 15.66 s
23-08-2020 21:23:51: Epoch : 11	Loss : 0.1639	MAE : 7.7046	Val Loss : 0.1806	Val MAE : 8.8035	Time : 15.71 s
23-08-2020 21:24:07: Epoch : 12	Loss : 0.1636	MAE : 7.6974	Val Loss : 0.1806	Val MAE : 8.7909	Time : 16.31 s
23-08-2020 21:24:22: Validation loss reduced from 0.17880628257989883 to  0.17822154611349106, saving model...
23-08-2020 21:24:22: Epoch : 13	Loss : 0.1638	MAE : 7.7091	Val Loss : 0.1782	Val MAE : 8.7873	Time : 15.41 s
23-08-2020 21:24:39: Epoch : 14	Loss : 0.1636	MAE : 7.6907	Val Loss : 0.1800	Val MAE : 8.8200	Time : 16.93 s
23-08-2020 21:24:56: Epoch : 15	Loss : 0.1633	MAE : 7.6778	Val Loss : 0.1783	Val MAE : 8.7422	Time : 16.84 s
23-08-2020 21:25:13: Epoch : 16	Loss : 0.1634	MAE : 7.6837	Val Loss : 0.1809	Val MAE : 8.7468	Time : 17.03 s
23-08-2020 21:25:30: Epoch : 17	Loss : 0.1634	MAE : 7.6693	Val Loss : 0.1794	Val MAE : 8.7416	Time : 17.03 s
23-08-2020 21:25:47: Epoch : 18	Loss : 0.1630	MAE : 7.6595	Val Loss : 0.1811	Val MAE : 8.7480	Time : 16.72 s
23-08-2020 21:26:02: Epoch : 19	Loss : 0.1629	MAE : 7.6576	Val Loss : 0.1786	Val MAE : 8.7154	Time : 15.09 s
23-08-2020 21:26:17: Validation loss reduced from 0.17822154611349106 to  0.17605627328157425, saving model...
23-08-2020 21:26:17: Epoch : 20	Loss : 0.1629	MAE : 7.6428	Val Loss : 0.1761	Val MAE : 8.6832	Time : 15.43 s
23-08-2020 21:26:33: Epoch : 21	Loss : 0.1631	MAE : 7.6604	Val Loss : 0.1878	Val MAE : 8.9181	Time : 15.70 s
23-08-2020 21:26:49: Epoch : 22	Loss : 0.1627	MAE : 7.6470	Val Loss : 0.1810	Val MAE : 8.6832	Time : 16.43 s
23-08-2020 21:27:06: Epoch : 23	Loss : 0.1622	MAE : 7.6116	Val Loss : 0.1789	Val MAE : 8.6173	Time : 16.18 s
23-08-2020 21:27:22: Epoch : 24	Loss : 0.1619	MAE : 7.5998	Val Loss : 0.1822	Val MAE : 8.7036	Time : 15.85 s
23-08-2020 21:27:37: Epoch : 25	Loss : 0.1629	MAE : 7.6370	Val Loss : 0.1831	Val MAE : 8.8006	Time : 15.74 s
23-08-2020 21:27:53: Epoch : 26	Loss : 0.1648	MAE : 7.7548	Val Loss : 0.1820	Val MAE : 8.7995	Time : 16.16 s
23-08-2020 21:28:10: Epoch : 27	Loss : 0.1637	MAE : 7.7016	Val Loss : 0.1860	Val MAE : 8.9110	Time : 16.62 s
23-08-2020 21:28:26: Epoch : 28	Loss : 0.1641	MAE : 7.7133	Val Loss : 0.1833	Val MAE : 8.8554	Time : 15.80 s
23-08-2020 21:28:42: Epoch : 29	Loss : 0.1643	MAE : 7.7292	Val Loss : 0.1774	Val MAE : 8.7105	Time : 15.71 s
23-08-2020 21:28:58: Validation loss reduced from 0.17605627328157425 to  0.17525827884674072, saving model...
23-08-2020 21:28:58: Epoch : 30	Loss : 0.1629	MAE : 7.6577	Val Loss : 0.1753	Val MAE : 8.6630	Time : 16.24 s
23-08-2020 21:29:13: Epoch : 31	Loss : 0.1624	MAE : 7.6291	Val Loss : 0.1790	Val MAE : 8.6392	Time : 15.52 s
23-08-2020 21:29:29: Validation loss reduced from 0.17525827884674072 to  0.1691693812608719, saving model...
23-08-2020 21:29:29: Epoch : 32	Loss : 0.1611	MAE : 7.5682	Val Loss : 0.1692	Val MAE : 8.1455	Time : 15.39 s
23-08-2020 21:29:44: Validation loss reduced from 0.1691693812608719 to  0.15914709120988846, saving model...
23-08-2020 21:29:44: Epoch : 33	Loss : 0.1583	MAE : 7.4053	Val Loss : 0.1591	Val MAE : 7.3291	Time : 15.34 s
23-08-2020 21:30:00: Epoch : 34	Loss : 0.1535	MAE : 7.1573	Val Loss : 0.1616	Val MAE : 7.4556	Time : 15.53 s
23-08-2020 21:30:15: Validation loss reduced from 0.15914709120988846 to  0.158071368932724, saving model...
23-08-2020 21:30:15: Epoch : 35	Loss : 0.1480	MAE : 6.8822	Val Loss : 0.1581	Val MAE : 7.2378	Time : 15.49 s
23-08-2020 21:30:30: Validation loss reduced from 0.158071368932724 to  0.1517656370997429, saving model...
23-08-2020 21:30:30: Epoch : 36	Loss : 0.1469	MAE : 6.8223	Val Loss : 0.1518	Val MAE : 6.8266	Time : 15.33 s
23-08-2020 21:30:46: Epoch : 37	Loss : 0.1519	MAE : 7.0781	Val Loss : 0.1550	Val MAE : 7.0816	Time : 15.50 s
23-08-2020 21:31:02: Epoch : 38	Loss : 0.1435	MAE : 6.6881	Val Loss : 0.1598	Val MAE : 7.4953	Time : 15.88 s
23-08-2020 21:31:17: Epoch : 39	Loss : 0.1421	MAE : 6.6119	Val Loss : 0.1658	Val MAE : 8.0495	Time : 15.51 s
23-08-2020 21:31:33: Epoch : 40	Loss : 0.1412	MAE : 6.5614	Val Loss : 0.1553	Val MAE : 7.1952	Time : 15.63 s
23-08-2020 21:31:49: Epoch : 41	Loss : 0.1408	MAE : 6.5584	Val Loss : 0.1630	Val MAE : 7.7903	Time : 16.29 s
23-08-2020 21:32:05: Epoch : 42	Loss : 0.1398	MAE : 6.4964	Val Loss : 0.1569	Val MAE : 7.3031	Time : 16.00 s
23-08-2020 21:32:21: Epoch : 43	Loss : 0.1390	MAE : 6.4710	Val Loss : 0.1596	Val MAE : 7.6074	Time : 15.86 s
23-08-2020 21:32:38: Epoch : 44	Loss : 0.1419	MAE : 6.5964	Val Loss : 0.1637	Val MAE : 7.8083	Time : 16.63 s
23-08-2020 21:32:55: Epoch : 45	Loss : 0.1399	MAE : 6.5033	Val Loss : 0.1748	Val MAE : 8.5798	Time : 17.00 s
23-08-2020 21:33:12: Epoch : 46	Loss : 0.1387	MAE : 6.4492	Val Loss : 0.1673	Val MAE : 8.0842	Time : 17.31 s
23-08-2020 21:33:30: Epoch : 47	Loss : 0.1374	MAE : 6.3839	Val Loss : 0.1645	Val MAE : 7.9643	Time : 17.80 s
23-08-2020 21:33:47: Validation loss reduced from 0.1517656370997429 to  0.1517283320426941, saving model...
23-08-2020 21:33:47: Epoch : 48	Loss : 0.1360	MAE : 6.3166	Val Loss : 0.1517	Val MAE : 6.9339	Time : 17.08 s
23-08-2020 21:34:04: Validation loss reduced from 0.1517283320426941 to  0.14781898260116577, saving model...
23-08-2020 21:34:04: Epoch : 49	Loss : 0.1365	MAE : 6.3477	Val Loss : 0.1478	Val MAE : 6.8871	Time : 17.38 s
23-08-2020 21:34:21: Validation loss reduced from 0.14781898260116577 to  0.14676720649003983, saving model...
23-08-2020 21:34:21: Epoch : 50	Loss : 0.1358	MAE : 6.3079	Val Loss : 0.1468	Val MAE : 6.7588	Time : 16.94 s
23-08-2020 21:34:37: Epoch : 51	Loss : 0.1351	MAE : 6.2713	Val Loss : 0.1484	Val MAE : 6.9012	Time : 16.08 s
23-08-2020 21:34:54: Epoch : 52	Loss : 0.1351	MAE : 6.2965	Val Loss : 0.1533	Val MAE : 7.3083	Time : 16.33 s
23-08-2020 21:35:10: Epoch : 53	Loss : 0.1341	MAE : 6.2313	Val Loss : 0.1475	Val MAE : 6.8442	Time : 16.19 s
23-08-2020 21:35:27: Epoch : 54	Loss : 0.1337	MAE : 6.2326	Val Loss : 0.1662	Val MAE : 8.0786	Time : 16.73 s
23-08-2020 21:35:43: Epoch : 55	Loss : 0.1341	MAE : 6.2300	Val Loss : 0.1501	Val MAE : 7.1610	Time : 16.91 s
23-08-2020 21:36:01: Epoch : 56	Loss : 0.1341	MAE : 6.2265	Val Loss : 0.1566	Val MAE : 7.5798	Time : 17.14 s
23-08-2020 21:36:18: Validation loss reduced from 0.14676720649003983 to  0.14419890940189362, saving model...
23-08-2020 21:36:18: Epoch : 57	Loss : 0.1345	MAE : 6.2656	Val Loss : 0.1442	Val MAE : 6.6557	Time : 17.21 s
23-08-2020 21:36:35: Epoch : 58	Loss : 0.1330	MAE : 6.2001	Val Loss : 0.1559	Val MAE : 7.6151	Time : 17.12 s
23-08-2020 21:36:52: Epoch : 59	Loss : 0.1332	MAE : 6.1929	Val Loss : 0.1500	Val MAE : 7.0120	Time : 17.09 s
23-08-2020 21:37:09: Epoch : 60	Loss : 0.1327	MAE : 6.1894	Val Loss : 0.1454	Val MAE : 6.7387	Time : 17.36 s
23-08-2020 21:37:27: Epoch : 61	Loss : 0.1328	MAE : 6.1948	Val Loss : 0.1446	Val MAE : 6.5517	Time : 17.17 s
23-08-2020 21:37:44: Epoch : 62	Loss : 0.1332	MAE : 6.1958	Val Loss : 0.1522	Val MAE : 7.3730	Time : 17.42 s
23-08-2020 21:38:01: Epoch : 63	Loss : 0.1319	MAE : 6.1550	Val Loss : 0.1540	Val MAE : 7.5095	Time : 16.96 s
23-08-2020 21:38:18: Epoch : 64	Loss : 0.1325	MAE : 6.1731	Val Loss : 0.1523	Val MAE : 7.3775	Time : 17.12 s
23-08-2020 21:38:34: Epoch : 65	Loss : 0.1310	MAE : 6.1100	Val Loss : 0.1494	Val MAE : 7.3083	Time : 16.20 s
23-08-2020 21:38:49: Epoch : 66	Loss : 0.1317	MAE : 6.1396	Val Loss : 0.1538	Val MAE : 7.4032	Time : 15.14 s
23-08-2020 21:39:05: Epoch : 67	Loss : 0.1314	MAE : 6.1274	Val Loss : 0.1493	Val MAE : 7.2365	Time : 16.01 s
23-08-2020 21:39:21: Epoch : 68	Loss : 0.1321	MAE : 6.1481	Val Loss : 0.1446	Val MAE : 6.7706	Time : 15.74 s
23-08-2020 21:39:37: Epoch : 69	Loss : 0.1314	MAE : 6.1117	Val Loss : 0.1490	Val MAE : 7.2084	Time : 15.78 s
23-08-2020 21:39:53: Epoch : 70	Loss : 0.1309	MAE : 6.1085	Val Loss : 0.1638	Val MAE : 8.0326	Time : 16.22 s
23-08-2020 21:40:10: Epoch : 71	Loss : 0.1306	MAE : 6.0781	Val Loss : 0.1566	Val MAE : 7.5754	Time : 16.58 s
23-08-2020 21:40:26: Epoch : 72	Loss : 0.1308	MAE : 6.0983	Val Loss : 0.1493	Val MAE : 7.2701	Time : 16.47 s
23-08-2020 21:40:42: Validation loss reduced from 0.14419890940189362 to  0.14256871491670609, saving model...
23-08-2020 21:40:42: Epoch : 73	Loss : 0.1294	MAE : 6.0353	Val Loss : 0.1426	Val MAE : 6.5231	Time : 15.87 s
23-08-2020 21:40:58: Epoch : 74	Loss : 0.1314	MAE : 6.1339	Val Loss : 0.1454	Val MAE : 6.7907	Time : 15.82 s
23-08-2020 21:41:14: Epoch : 75	Loss : 0.1301	MAE : 6.0680	Val Loss : 0.1448	Val MAE : 6.7468	Time : 15.99 s
23-08-2020 21:41:30: Epoch : 76	Loss : 0.1303	MAE : 6.0773	Val Loss : 0.1462	Val MAE : 6.7593	Time : 16.09 s
23-08-2020 21:41:46: Epoch : 77	Loss : 0.1302	MAE : 6.0720	Val Loss : 0.1477	Val MAE : 6.7456	Time : 15.96 s
23-08-2020 21:42:02: Epoch : 78	Loss : 0.1300	MAE : 6.0506	Val Loss : 0.1538	Val MAE : 7.4118	Time : 16.03 s
23-08-2020 21:42:19: Validation loss reduced from 0.14256871491670609 to  0.14119217544794083, saving model...
23-08-2020 21:42:19: Epoch : 79	Loss : 0.1285	MAE : 6.0030	Val Loss : 0.1412	Val MAE : 6.4349	Time : 16.58 s
23-08-2020 21:42:34: Validation loss reduced from 0.14119217544794083 to  0.13836287707090378, saving model...
23-08-2020 21:42:34: Epoch : 80	Loss : 0.1294	MAE : 6.0256	Val Loss : 0.1384	Val MAE : 6.3935	Time : 15.95 s
23-08-2020 21:42:51: Epoch : 81	Loss : 0.1292	MAE : 6.0259	Val Loss : 0.1482	Val MAE : 7.1158	Time : 16.21 s
23-08-2020 21:43:07: Epoch : 82	Loss : 0.1300	MAE : 6.0555	Val Loss : 0.1422	Val MAE : 6.5376	Time : 16.27 s
23-08-2020 21:43:23: Epoch : 83	Loss : 0.1287	MAE : 6.0183	Val Loss : 0.1486	Val MAE : 7.1283	Time : 16.20 s
23-08-2020 21:43:39: Epoch : 84	Loss : 0.1285	MAE : 6.0063	Val Loss : 0.1457	Val MAE : 6.8485	Time : 16.02 s
23-08-2020 21:43:55: Epoch : 85	Loss : 0.1289	MAE : 6.0082	Val Loss : 0.1452	Val MAE : 6.7956	Time : 15.91 s
23-08-2020 21:44:11: Epoch : 86	Loss : 0.1274	MAE : 5.9465	Val Loss : 0.1435	Val MAE : 6.7205	Time : 16.12 s
23-08-2020 21:44:27: Epoch : 87	Loss : 0.1276	MAE : 5.9658	Val Loss : 0.1459	Val MAE : 6.8960	Time : 16.25 s
23-08-2020 21:44:44: Epoch : 88	Loss : 0.1283	MAE : 5.9788	Val Loss : 0.1444	Val MAE : 6.7916	Time : 16.10 s
23-08-2020 21:45:00: Epoch : 89	Loss : 0.1281	MAE : 5.9700	Val Loss : 0.1480	Val MAE : 6.8531	Time : 16.50 s
23-08-2020 21:45:17: Epoch : 90	Loss : 0.1280	MAE : 5.9638	Val Loss : 0.1526	Val MAE : 7.2249	Time : 16.90 s
23-08-2020 21:45:34: Epoch : 91	Loss : 0.1275	MAE : 5.9579	Val Loss : 0.1562	Val MAE : 7.4871	Time : 17.39 s
23-08-2020 21:45:51: Epoch : 92	Loss : 0.1271	MAE : 5.9136	Val Loss : 0.1506	Val MAE : 7.1050	Time : 16.69 s
23-08-2020 21:46:08: Epoch : 93	Loss : 0.1282	MAE : 5.9880	Val Loss : 0.1594	Val MAE : 7.8691	Time : 16.70 s
23-08-2020 21:46:26: Epoch : 94	Loss : 0.1276	MAE : 5.9334	Val Loss : 0.1461	Val MAE : 6.8444	Time : 17.81 s
23-08-2020 21:46:43: Epoch : 95	Loss : 0.1270	MAE : 5.9120	Val Loss : 0.1431	Val MAE : 6.6453	Time : 17.33 s
23-08-2020 21:47:01: Epoch : 96	Loss : 0.1288	MAE : 6.0028	Val Loss : 0.1483	Val MAE : 6.9876	Time : 17.87 s
23-08-2020 21:47:19: Epoch : 97	Loss : 0.1278	MAE : 5.9631	Val Loss : 0.1515	Val MAE : 7.2602	Time : 17.80 s
23-08-2020 21:47:36: Epoch : 98	Loss : 0.1275	MAE : 5.9601	Val Loss : 0.1533	Val MAE : 7.4015	Time : 17.39 s
23-08-2020 21:47:53: Epoch : 99	Loss : 0.1285	MAE : 5.9949	Val Loss : 0.1413	Val MAE : 6.3237	Time : 17.15 s
23-08-2020 21:48:10: Epoch : 100	Loss : 0.1275	MAE : 5.9434	Val Loss : 0.1464	Val MAE : 6.8277	Time : 17.17 s
23-08-2020 21:48:28: Epoch : 101	Loss : 0.1274	MAE : 5.9537	Val Loss : 0.1460	Val MAE : 6.7440	Time : 17.52 s
23-08-2020 21:48:45: Epoch : 102	Loss : 0.1277	MAE : 5.9534	Val Loss : 0.1539	Val MAE : 7.4494	Time : 16.74 s
23-08-2020 21:49:00: Epoch : 103	Loss : 0.1272	MAE : 5.9467	Val Loss : 0.1437	Val MAE : 6.7520	Time : 15.27 s
23-08-2020 21:49:16: Epoch : 104	Loss : 0.1269	MAE : 5.9313	Val Loss : 0.1506	Val MAE : 7.2531	Time : 15.83 s
23-08-2020 21:49:32: Epoch : 105	Loss : 0.1278	MAE : 5.9618	Val Loss : 0.1421	Val MAE : 6.4867	Time : 15.88 s
23-08-2020 21:49:47: Epoch : 106	Loss : 0.1272	MAE : 5.9424	Val Loss : 0.1436	Val MAE : 6.7199	Time : 15.79 s
23-08-2020 21:50:03: Epoch : 107	Loss : 0.1261	MAE : 5.8969	Val Loss : 0.1443	Val MAE : 6.7994	Time : 16.03 s
23-08-2020 21:50:20: Epoch : 108	Loss : 0.1266	MAE : 5.9127	Val Loss : 0.1439	Val MAE : 6.6740	Time : 16.67 s
23-08-2020 21:50:36: Epoch : 109	Loss : 0.1273	MAE : 5.9356	Val Loss : 0.1428	Val MAE : 6.7730	Time : 16.14 s
23-08-2020 21:50:52: Epoch : 110	Loss : 0.1271	MAE : 5.9248	Val Loss : 0.1478	Val MAE : 7.0197	Time : 16.21 s
23-08-2020 21:51:09: Epoch : 111	Loss : 0.1270	MAE : 5.9421	Val Loss : 0.1476	Val MAE : 6.9623	Time : 16.19 s
23-08-2020 21:51:25: Epoch : 112	Loss : 0.1259	MAE : 5.8988	Val Loss : 0.1460	Val MAE : 6.8542	Time : 16.27 s
23-08-2020 21:51:41: Epoch : 113	Loss : 0.1258	MAE : 5.8710	Val Loss : 0.1497	Val MAE : 7.1745	Time : 16.02 s
23-08-2020 21:51:57: Epoch : 114	Loss : 0.1270	MAE : 5.9380	Val Loss : 0.1476	Val MAE : 6.9846	Time : 16.43 s
23-08-2020 21:52:13: Epoch : 115	Loss : 0.1261	MAE : 5.8787	Val Loss : 0.1517	Val MAE : 7.2925	Time : 16.09 s
23-08-2020 21:52:30: Epoch : 116	Loss : 0.1266	MAE : 5.8931	Val Loss : 0.1474	Val MAE : 7.0748	Time : 16.45 s
23-08-2020 21:52:46: Epoch : 117	Loss : 0.1268	MAE : 5.9139	Val Loss : 0.1501	Val MAE : 7.1833	Time : 16.38 s
23-08-2020 21:53:02: Epoch : 118	Loss : 0.1265	MAE : 5.8967	Val Loss : 0.1461	Val MAE : 6.9037	Time : 16.26 s
23-08-2020 21:53:19: Epoch : 119	Loss : 0.1260	MAE : 5.8768	Val Loss : 0.1484	Val MAE : 7.0904	Time : 16.15 s
23-08-2020 21:53:35: Epoch : 120	Loss : 0.1255	MAE : 5.8691	Val Loss : 0.1446	Val MAE : 6.8678	Time : 16.23 s
23-08-2020 21:53:51: Epoch : 121	Loss : 0.1257	MAE : 5.8540	Val Loss : 0.1418	Val MAE : 6.4676	Time : 16.17 s
23-08-2020 21:54:07: Epoch : 122	Loss : 0.1256	MAE : 5.8727	Val Loss : 0.1494	Val MAE : 7.0589	Time : 16.40 s
23-08-2020 21:54:24: Epoch : 123	Loss : 0.1258	MAE : 5.8831	Val Loss : 0.1435	Val MAE : 6.7138	Time : 16.39 s
23-08-2020 21:54:40: Epoch : 124	Loss : 0.1260	MAE : 5.8848	Val Loss : 0.1488	Val MAE : 7.0327	Time : 16.06 s
23-08-2020 21:54:56: Epoch : 125	Loss : 0.1265	MAE : 5.9057	Val Loss : 0.1579	Val MAE : 7.7308	Time : 16.11 s
23-08-2020 21:55:12: Epoch : 126	Loss : 0.1260	MAE : 5.8703	Val Loss : 0.1445	Val MAE : 6.9650	Time : 16.00 s
23-08-2020 21:55:28: Epoch : 127	Loss : 0.1261	MAE : 5.8944	Val Loss : 0.1502	Val MAE : 7.2857	Time : 16.32 s
23-08-2020 21:55:45: Epoch : 128	Loss : 0.1253	MAE : 5.8473	Val Loss : 0.1447	Val MAE : 6.9608	Time : 16.23 s
23-08-2020 21:56:01: Epoch : 129	Loss : 0.1258	MAE : 5.8770	Val Loss : 0.1478	Val MAE : 7.0074	Time : 16.09 s
23-08-2020 21:56:17: Epoch : 130	Loss : 0.1259	MAE : 5.8829	Val Loss : 0.1410	Val MAE : 6.5079	Time : 16.38 s
23-08-2020 21:56:33: Epoch : 131	Loss : 0.1250	MAE : 5.8414	Val Loss : 0.1395	Val MAE : 6.6002	Time : 16.16 s
23-08-2020 21:56:49: Epoch : 132	Loss : 0.1257	MAE : 5.8751	Val Loss : 0.1471	Val MAE : 6.9521	Time : 16.03 s
23-08-2020 21:57:05: Epoch : 133	Loss : 0.1257	MAE : 5.8957	Val Loss : 0.1471	Val MAE : 6.9762	Time : 16.23 s
23-08-2020 21:57:22: Epoch : 134	Loss : 0.1255	MAE : 5.8481	Val Loss : 0.1521	Val MAE : 7.4197	Time : 16.29 s
23-08-2020 21:57:38: Epoch : 135	Loss : 0.1261	MAE : 5.8910	Val Loss : 0.1447	Val MAE : 6.9024	Time : 15.99 s
23-08-2020 21:57:54: Epoch : 136	Loss : 0.1256	MAE : 5.8790	Val Loss : 0.1439	Val MAE : 6.9537	Time : 15.87 s
23-08-2020 21:58:10: Epoch : 137	Loss : 0.1259	MAE : 5.8700	Val Loss : 0.1479	Val MAE : 7.1040	Time : 16.43 s
23-08-2020 21:58:26: Epoch : 138	Loss : 0.1250	MAE : 5.8491	Val Loss : 0.1412	Val MAE : 6.6653	Time : 16.20 s
23-08-2020 21:58:42: Epoch : 139	Loss : 0.1253	MAE : 5.8465	Val Loss : 0.1481	Val MAE : 7.0810	Time : 16.10 s
23-08-2020 21:58:58: Epoch : 140	Loss : 0.1246	MAE : 5.8201	Val Loss : 0.1425	Val MAE : 6.6489	Time : 15.79 s
23-08-2020 21:59:14: Epoch : 141	Loss : 0.1251	MAE : 5.8586	Val Loss : 0.1528	Val MAE : 7.4963	Time : 16.27 s
23-08-2020 21:59:31: Epoch : 142	Loss : 0.1256	MAE : 5.8717	Val Loss : 0.1401	Val MAE : 6.3714	Time : 16.52 s
23-08-2020 21:59:47: Epoch : 143	Loss : 0.1255	MAE : 5.8620	Val Loss : 0.1489	Val MAE : 7.2996	Time : 16.32 s
23-08-2020 22:00:03: Epoch : 144	Loss : 0.1252	MAE : 5.8392	Val Loss : 0.1412	Val MAE : 6.7847	Time : 16.28 s
23-08-2020 22:00:20: Epoch : 145	Loss : 0.1253	MAE : 5.8635	Val Loss : 0.1397	Val MAE : 6.6398	Time : 16.33 s
23-08-2020 22:00:36: Epoch : 146	Loss : 0.1249	MAE : 5.8455	Val Loss : 0.1509	Val MAE : 7.4712	Time : 16.02 s
23-08-2020 22:00:52: Epoch : 147	Loss : 0.1249	MAE : 5.8379	Val Loss : 0.1404	Val MAE : 6.6243	Time : 16.17 s
23-08-2020 22:01:08: Epoch : 148	Loss : 0.1251	MAE : 5.8328	Val Loss : 0.1476	Val MAE : 7.0827	Time : 16.19 s
23-08-2020 22:01:24: Epoch : 149	Loss : 0.1249	MAE : 5.8305	Val Loss : 0.1405	Val MAE : 6.6181	Time : 16.20 s
23-08-2020 22:01:41: Epoch : 150	Loss : 0.1248	MAE : 5.8214	Val Loss : 0.1425	Val MAE : 6.8728	Time : 16.20 s
23-08-2020 22:01:57: Epoch : 151	Loss : 0.1247	MAE : 5.8422	Val Loss : 0.1429	Val MAE : 6.9257	Time : 16.29 s
23-08-2020 22:02:13: Epoch : 152	Loss : 0.1242	MAE : 5.8192	Val Loss : 0.1446	Val MAE : 6.9821	Time : 16.05 s
23-08-2020 22:02:29: Epoch : 153	Loss : 0.1246	MAE : 5.8244	Val Loss : 0.1435	Val MAE : 6.8411	Time : 16.37 s
23-08-2020 22:02:46: Epoch : 154	Loss : 0.1253	MAE : 5.8498	Val Loss : 0.1483	Val MAE : 7.2689	Time : 16.21 s
23-08-2020 22:03:02: Epoch : 155	Loss : 0.1241	MAE : 5.8030	Val Loss : 0.1394	Val MAE : 6.5903	Time : 16.13 s
23-08-2020 22:03:18: Epoch : 156	Loss : 0.1246	MAE : 5.8327	Val Loss : 0.1441	Val MAE : 6.9372	Time : 16.23 s
23-08-2020 22:03:34: Epoch : 157	Loss : 0.1247	MAE : 5.8200	Val Loss : 0.1394	Val MAE : 6.5934	Time : 16.28 s
23-08-2020 22:03:50: Epoch : 158	Loss : 0.1251	MAE : 5.8273	Val Loss : 0.1421	Val MAE : 6.8475	Time : 16.27 s
23-08-2020 22:04:07: Epoch : 159	Loss : 0.1242	MAE : 5.7967	Val Loss : 0.1443	Val MAE : 6.8814	Time : 16.12 s
23-08-2020 22:04:23: Epoch : 160	Loss : 0.1247	MAE : 5.8296	Val Loss : 0.1398	Val MAE : 6.5300	Time : 16.22 s
23-08-2020 22:04:39: Epoch : 161	Loss : 0.1253	MAE : 5.8571	Val Loss : 0.1419	Val MAE : 6.6899	Time : 16.08 s
23-08-2020 22:04:55: Epoch : 162	Loss : 0.1254	MAE : 5.8366	Val Loss : 0.1437	Val MAE : 6.9759	Time : 16.18 s
23-08-2020 22:05:11: Epoch : 163	Loss : 0.1242	MAE : 5.8126	Val Loss : 0.1557	Val MAE : 7.7217	Time : 16.31 s
23-08-2020 22:05:28: Epoch : 164	Loss : 0.1250	MAE : 5.8225	Val Loss : 0.1407	Val MAE : 6.5995	Time : 16.32 s
23-08-2020 22:05:44: Epoch : 165	Loss : 0.1239	MAE : 5.7941	Val Loss : 0.1385	Val MAE : 6.5936	Time : 16.16 s
23-08-2020 22:06:00: Epoch : 166	Loss : 0.1249	MAE : 5.8380	Val Loss : 0.1497	Val MAE : 7.2803	Time : 16.18 s
23-08-2020 22:06:16: Validation loss reduced from 0.13836287707090378 to  0.13779017329216003, saving model...
23-08-2020 22:06:16: Epoch : 167	Loss : 0.1240	MAE : 5.7921	Val Loss : 0.1378	Val MAE : 6.3768	Time : 16.23 s
23-08-2020 22:06:32: Epoch : 168	Loss : 0.1243	MAE : 5.7713	Val Loss : 0.1380	Val MAE : 6.6235	Time : 16.21 s
23-08-2020 22:06:49: Epoch : 169	Loss : 0.1243	MAE : 5.7988	Val Loss : 0.1416	Val MAE : 6.7653	Time : 16.39 s
23-08-2020 22:07:05: Epoch : 170	Loss : 0.1239	MAE : 5.7910	Val Loss : 0.1425	Val MAE : 6.7722	Time : 16.11 s
23-08-2020 22:07:21: Epoch : 171	Loss : 0.1241	MAE : 5.7935	Val Loss : 0.1430	Val MAE : 6.8590	Time : 16.26 s
23-08-2020 22:07:38: Epoch : 172	Loss : 0.1236	MAE : 5.7679	Val Loss : 0.1464	Val MAE : 7.1998	Time : 16.36 s
23-08-2020 22:07:54: Epoch : 173	Loss : 0.1248	MAE : 5.8178	Val Loss : 0.1414	Val MAE : 6.6563	Time : 16.31 s
23-08-2020 22:08:10: Epoch : 174	Loss : 0.1240	MAE : 5.7925	Val Loss : 0.1392	Val MAE : 6.5163	Time : 16.05 s
23-08-2020 22:08:26: Epoch : 175	Loss : 0.1234	MAE : 5.7850	Val Loss : 0.1403	Val MAE : 6.5987	Time : 16.18 s
23-08-2020 22:08:42: Epoch : 176	Loss : 0.1235	MAE : 5.7689	Val Loss : 0.1414	Val MAE : 6.6464	Time : 16.07 s
23-08-2020 22:08:58: Epoch : 177	Loss : 0.1235	MAE : 5.7848	Val Loss : 0.1441	Val MAE : 6.9349	Time : 16.12 s
23-08-2020 22:09:15: Epoch : 178	Loss : 0.1241	MAE : 5.8114	Val Loss : 0.1430	Val MAE : 6.8892	Time : 16.35 s
23-08-2020 22:09:31: Epoch : 179	Loss : 0.1230	MAE : 5.7338	Val Loss : 0.1398	Val MAE : 6.5525	Time : 16.38 s
23-08-2020 22:09:47: Epoch : 180	Loss : 0.1236	MAE : 5.7682	Val Loss : 0.1445	Val MAE : 6.8693	Time : 16.21 s
23-08-2020 22:10:03: Validation loss reduced from 0.13779017329216003 to  0.1373416930437088, saving model...
23-08-2020 22:10:03: Epoch : 181	Loss : 0.1239	MAE : 5.7929	Val Loss : 0.1373	Val MAE : 6.3113	Time : 16.25 s
23-08-2020 22:10:20: Epoch : 182	Loss : 0.1239	MAE : 5.7881	Val Loss : 0.1416	Val MAE : 6.7446	Time : 16.34 s
23-08-2020 22:10:36: Epoch : 183	Loss : 0.1236	MAE : 5.7600	Val Loss : 0.1408	Val MAE : 6.7944	Time : 16.10 s
23-08-2020 22:10:52: Epoch : 184	Loss : 0.1241	MAE : 5.7908	Val Loss : 0.1499	Val MAE : 7.3124	Time : 16.17 s
23-08-2020 22:11:08: Epoch : 185	Loss : 0.1239	MAE : 5.7926	Val Loss : 0.1490	Val MAE : 7.2742	Time : 16.18 s
23-08-2020 22:11:25: Validation loss reduced from 0.1373416930437088 to  0.13644568622112274, saving model...
23-08-2020 22:11:25: Epoch : 186	Loss : 0.1233	MAE : 5.7527	Val Loss : 0.1364	Val MAE : 6.3931	Time : 16.30 s
23-08-2020 22:11:41: Epoch : 187	Loss : 0.1233	MAE : 5.7785	Val Loss : 0.1469	Val MAE : 7.0935	Time : 16.18 s
23-08-2020 22:11:57: Validation loss reduced from 0.13644568622112274 to  0.13591712713241577, saving model...
23-08-2020 22:11:57: Epoch : 188	Loss : 0.1236	MAE : 5.7687	Val Loss : 0.1359	Val MAE : 6.4153	Time : 15.94 s
23-08-2020 22:12:13: Epoch : 189	Loss : 0.1232	MAE : 5.7682	Val Loss : 0.1455	Val MAE : 7.1371	Time : 16.13 s
23-08-2020 22:12:29: Epoch : 190	Loss : 0.1229	MAE : 5.7391	Val Loss : 0.1430	Val MAE : 6.8475	Time : 16.25 s
23-08-2020 22:12:45: Epoch : 191	Loss : 0.1241	MAE : 5.7771	Val Loss : 0.1420	Val MAE : 6.8864	Time : 16.15 s
23-08-2020 22:13:01: Epoch : 192	Loss : 0.1233	MAE : 5.7590	Val Loss : 0.1439	Val MAE : 7.0074	Time : 16.04 s
23-08-2020 22:13:17: Epoch : 193	Loss : 0.1234	MAE : 5.7604	Val Loss : 0.1469	Val MAE : 7.2094	Time : 16.20 s
23-08-2020 22:13:33: Epoch : 194	Loss : 0.1234	MAE : 5.7576	Val Loss : 0.1474	Val MAE : 7.1323	Time : 15.71 s
23-08-2020 22:13:50: Epoch : 195	Loss : 0.1236	MAE : 5.7704	Val Loss : 0.1417	Val MAE : 6.8215	Time : 16.34 s
23-08-2020 22:14:06: Epoch : 196	Loss : 0.1240	MAE : 5.7730	Val Loss : 0.1457	Val MAE : 7.0261	Time : 16.06 s
23-08-2020 22:14:22: Epoch : 197	Loss : 0.1232	MAE : 5.7607	Val Loss : 0.1374	Val MAE : 6.4169	Time : 16.29 s
23-08-2020 22:14:38: Epoch : 198	Loss : 0.1234	MAE : 5.7535	Val Loss : 0.1417	Val MAE : 6.6821	Time : 16.47 s
23-08-2020 22:14:54: Epoch : 199	Loss : 0.1232	MAE : 5.7518	Val Loss : 0.1421	Val MAE : 6.9091	Time : 16.10 s
23-08-2020 22:15:10: Epoch : 200	Loss : 0.1231	MAE : 5.7595	Val Loss : 0.1411	Val MAE : 6.7020	Time : 15.88 s
23-08-2020 22:15:27: Epoch : 201	Loss : 0.1237	MAE : 5.7725	Val Loss : 0.1393	Val MAE : 6.5640	Time : 16.48 s
23-08-2020 22:15:43: Epoch : 202	Loss : 0.1228	MAE : 5.7423	Val Loss : 0.1424	Val MAE : 6.8623	Time : 16.30 s
23-08-2020 22:15:59: Epoch : 203	Loss : 0.1233	MAE : 5.7495	Val Loss : 0.1396	Val MAE : 6.6678	Time : 16.38 s
23-08-2020 22:16:16: Epoch : 204	Loss : 0.1228	MAE : 5.7456	Val Loss : 0.1507	Val MAE : 7.4996	Time : 16.10 s
23-08-2020 22:16:32: Epoch : 205	Loss : 0.1230	MAE : 5.7297	Val Loss : 0.1366	Val MAE : 6.5030	Time : 16.10 s
23-08-2020 22:16:48: Epoch : 206	Loss : 0.1229	MAE : 5.7264	Val Loss : 0.1471	Val MAE : 7.2586	Time : 16.00 s
23-08-2020 22:17:04: Epoch : 207	Loss : 0.1232	MAE : 5.7574	Val Loss : 0.1454	Val MAE : 7.0950	Time : 16.27 s
23-08-2020 22:17:20: Epoch : 208	Loss : 0.1226	MAE : 5.7251	Val Loss : 0.1437	Val MAE : 7.0650	Time : 16.15 s
23-08-2020 22:17:37: Epoch : 209	Loss : 0.1226	MAE : 5.7367	Val Loss : 0.1370	Val MAE : 6.4928	Time : 16.60 s
23-08-2020 22:17:53: Validation loss reduced from 0.13591712713241577 to  0.13170012831687927, saving model...
23-08-2020 22:17:53: Epoch : 210	Loss : 0.1228	MAE : 5.7383	Val Loss : 0.1317	Val MAE : 6.2030	Time : 16.40 s
23-08-2020 22:18:09: Epoch : 211	Loss : 0.1219	MAE : 5.6933	Val Loss : 0.1429	Val MAE : 6.8846	Time : 16.22 s
23-08-2020 22:18:26: Epoch : 212	Loss : 0.1231	MAE : 5.7412	Val Loss : 0.1442	Val MAE : 7.0611	Time : 16.51 s
23-08-2020 22:18:42: Epoch : 213	Loss : 0.1229	MAE : 5.7556	Val Loss : 0.1404	Val MAE : 6.7299	Time : 16.08 s
23-08-2020 22:18:58: Epoch : 214	Loss : 0.1217	MAE : 5.7071	Val Loss : 0.1431	Val MAE : 6.9759	Time : 16.08 s
23-08-2020 22:19:14: Epoch : 215	Loss : 0.1226	MAE : 5.7213	Val Loss : 0.1428	Val MAE : 6.9741	Time : 16.19 s
23-08-2020 22:19:30: Epoch : 216	Loss : 0.1228	MAE : 5.7330	Val Loss : 0.1394	Val MAE : 6.7173	Time : 16.06 s
23-08-2020 22:19:46: Epoch : 217	Loss : 0.1226	MAE : 5.7142	Val Loss : 0.1452	Val MAE : 6.9627	Time : 16.15 s
23-08-2020 22:20:03: Epoch : 218	Loss : 0.1232	MAE : 5.7525	Val Loss : 0.1400	Val MAE : 6.7404	Time : 16.22 s
23-08-2020 22:20:19: Epoch : 219	Loss : 0.1222	MAE : 5.7233	Val Loss : 0.1460	Val MAE : 7.1461	Time : 16.31 s
23-08-2020 22:20:35: Epoch : 220	Loss : 0.1225	MAE : 5.6904	Val Loss : 0.1474	Val MAE : 7.2102	Time : 16.25 s
23-08-2020 22:20:51: Epoch : 221	Loss : 0.1223	MAE : 5.7016	Val Loss : 0.1332	Val MAE : 6.2325	Time : 16.07 s
23-08-2020 22:21:07: Epoch : 222	Loss : 0.1222	MAE : 5.7135	Val Loss : 0.1396	Val MAE : 6.7504	Time : 16.06 s
23-08-2020 22:21:23: Epoch : 223	Loss : 0.1230	MAE : 5.7363	Val Loss : 0.1404	Val MAE : 6.6586	Time : 15.96 s
23-08-2020 22:21:40: Epoch : 224	Loss : 0.1217	MAE : 5.6809	Val Loss : 0.1420	Val MAE : 6.9371	Time : 16.29 s
23-08-2020 22:21:56: Epoch : 225	Loss : 0.1224	MAE : 5.7053	Val Loss : 0.1494	Val MAE : 7.4851	Time : 16.35 s
23-08-2020 22:22:13: Epoch : 226	Loss : 0.1226	MAE : 5.7229	Val Loss : 0.1404	Val MAE : 6.7646	Time : 16.95 s
23-08-2020 22:22:32: Epoch : 227	Loss : 0.1233	MAE : 5.7538	Val Loss : 0.1416	Val MAE : 6.8670	Time : 19.15 s
23-08-2020 22:22:49: Epoch : 228	Loss : 0.1219	MAE : 5.7103	Val Loss : 0.1459	Val MAE : 7.1928	Time : 17.09 s
23-08-2020 22:23:06: Epoch : 229	Loss : 0.1224	MAE : 5.7095	Val Loss : 0.1413	Val MAE : 6.8588	Time : 16.53 s
23-08-2020 22:23:22: Epoch : 230	Loss : 0.1223	MAE : 5.6897	Val Loss : 0.1363	Val MAE : 6.4727	Time : 16.54 s
23-08-2020 22:23:39: Epoch : 231	Loss : 0.1228	MAE : 5.7397	Val Loss : 0.1425	Val MAE : 6.9792	Time : 16.65 s
23-08-2020 22:23:54: Epoch : 232	Loss : 0.1222	MAE : 5.6886	Val Loss : 0.1424	Val MAE : 7.0044	Time : 15.13 s
23-08-2020 22:24:09: Epoch : 233	Loss : 0.1222	MAE : 5.6941	Val Loss : 0.1399	Val MAE : 6.7600	Time : 15.42 s
23-08-2020 22:24:25: Epoch : 234	Loss : 0.1216	MAE : 5.6708	Val Loss : 0.1384	Val MAE : 6.7213	Time : 15.52 s
23-08-2020 22:24:40: Epoch : 235	Loss : 0.1218	MAE : 5.6843	Val Loss : 0.1466	Val MAE : 7.1965	Time : 15.54 s
23-08-2020 22:24:56: Epoch : 236	Loss : 0.1224	MAE : 5.7126	Val Loss : 0.1352	Val MAE : 6.4250	Time : 15.92 s
23-08-2020 22:25:12: Epoch : 237	Loss : 0.1222	MAE : 5.7053	Val Loss : 0.1399	Val MAE : 6.6811	Time : 15.51 s
23-08-2020 22:25:27: Epoch : 238	Loss : 0.1217	MAE : 5.6730	Val Loss : 0.1398	Val MAE : 6.6847	Time : 15.35 s
23-08-2020 22:25:43: Epoch : 239	Loss : 0.1218	MAE : 5.6924	Val Loss : 0.1388	Val MAE : 6.6820	Time : 15.44 s
23-08-2020 22:25:59: Epoch : 240	Loss : 0.1218	MAE : 5.6787	Val Loss : 0.1375	Val MAE : 6.5652	Time : 16.07 s
23-08-2020 22:26:15: Epoch : 241	Loss : 0.1212	MAE : 5.6625	Val Loss : 0.1430	Val MAE : 6.9047	Time : 15.96 s
23-08-2020 22:26:31: Epoch : 242	Loss : 0.1219	MAE : 5.6923	Val Loss : 0.1405	Val MAE : 6.7624	Time : 16.03 s
23-08-2020 22:26:47: Epoch : 243	Loss : 0.1222	MAE : 5.6973	Val Loss : 0.1432	Val MAE : 6.8944	Time : 15.80 s
23-08-2020 22:27:02: Epoch : 244	Loss : 0.1221	MAE : 5.6741	Val Loss : 0.1406	Val MAE : 6.7076	Time : 15.71 s
23-08-2020 22:27:18: Epoch : 245	Loss : 0.1221	MAE : 5.6905	Val Loss : 0.1473	Val MAE : 7.1832	Time : 15.56 s
23-08-2020 22:27:33: Epoch : 246	Loss : 0.1222	MAE : 5.7078	Val Loss : 0.1429	Val MAE : 6.8898	Time : 15.55 s
23-08-2020 22:27:49: Epoch : 247	Loss : 0.1214	MAE : 5.6690	Val Loss : 0.1391	Val MAE : 6.6528	Time : 15.68 s
23-08-2020 22:28:05: Epoch : 248	Loss : 0.1217	MAE : 5.6894	Val Loss : 0.1420	Val MAE : 6.8690	Time : 15.76 s
23-08-2020 22:28:20: Epoch : 249	Loss : 0.1217	MAE : 5.6893	Val Loss : 0.1382	Val MAE : 6.6620	Time : 15.46 s
23-08-2020 22:28:36: Epoch : 250	Loss : 0.1217	MAE : 5.6987	Val Loss : 0.1394	Val MAE : 6.5641	Time : 15.59 s
23-08-2020 22:28:52: Epoch : 251	Loss : 0.1214	MAE : 5.6761	Val Loss : 0.1436	Val MAE : 6.9645	Time : 15.75 s
23-08-2020 22:29:07: Epoch : 252	Loss : 0.1216	MAE : 5.6924	Val Loss : 0.1386	Val MAE : 6.6370	Time : 15.73 s
23-08-2020 22:29:23: Epoch : 253	Loss : 0.1227	MAE : 5.7130	Val Loss : 0.1372	Val MAE : 6.4847	Time : 15.53 s
23-08-2020 22:29:38: Epoch : 254	Loss : 0.1216	MAE : 5.6764	Val Loss : 0.1470	Val MAE : 7.2382	Time : 15.43 s
23-08-2020 22:29:54: Epoch : 255	Loss : 0.1216	MAE : 5.6738	Val Loss : 0.1347	Val MAE : 6.3444	Time : 15.50 s
23-08-2020 22:30:10: Epoch : 256	Loss : 0.1214	MAE : 5.6672	Val Loss : 0.1413	Val MAE : 6.8172	Time : 15.84 s
23-08-2020 22:30:25: Epoch : 257	Loss : 0.1210	MAE : 5.6461	Val Loss : 0.1413	Val MAE : 6.8989	Time : 15.87 s
23-08-2020 22:30:42: Epoch : 258	Loss : 0.1216	MAE : 5.6759	Val Loss : 0.1371	Val MAE : 6.5593	Time : 16.04 s
23-08-2020 22:30:58: Epoch : 259	Loss : 0.1208	MAE : 5.6474	Val Loss : 0.1483	Val MAE : 7.3124	Time : 16.12 s
23-08-2020 22:31:14: Epoch : 260	Loss : 0.1218	MAE : 5.6895	Val Loss : 0.1399	Val MAE : 6.8047	Time : 15.88 s
23-08-2020 22:31:30: Epoch : 261	Loss : 0.1217	MAE : 5.6825	Val Loss : 0.1404	Val MAE : 6.8727	Time : 16.16 s
23-08-2020 22:31:46: Epoch : 262	Loss : 0.1214	MAE : 5.6661	Val Loss : 0.1441	Val MAE : 7.0753	Time : 15.98 s
23-08-2020 22:32:02: Epoch : 263	Loss : 0.1216	MAE : 5.6845	Val Loss : 0.1419	Val MAE : 6.7991	Time : 16.17 s
23-08-2020 22:32:18: Epoch : 264	Loss : 0.1216	MAE : 5.6722	Val Loss : 0.1413	Val MAE : 6.8696	Time : 16.13 s
23-08-2020 22:32:34: Epoch : 265	Loss : 0.1217	MAE : 5.6720	Val Loss : 0.1385	Val MAE : 6.7701	Time : 16.33 s
23-08-2020 22:32:50: Epoch : 266	Loss : 0.1211	MAE : 5.6593	Val Loss : 0.1434	Val MAE : 7.0669	Time : 16.15 s
23-08-2020 22:33:07: Epoch : 267	Loss : 0.1210	MAE : 5.6545	Val Loss : 0.1355	Val MAE : 6.3788	Time : 16.10 s
23-08-2020 22:33:23: Epoch : 268	Loss : 0.1217	MAE : 5.6965	Val Loss : 0.1424	Val MAE : 6.9788	Time : 16.19 s
23-08-2020 22:33:39: Epoch : 269	Loss : 0.1211	MAE : 5.6479	Val Loss : 0.1404	Val MAE : 6.7744	Time : 16.04 s
23-08-2020 22:33:55: Epoch : 270	Loss : 0.1210	MAE : 5.6657	Val Loss : 0.1394	Val MAE : 6.7060	Time : 16.06 s
23-08-2020 22:34:11: Epoch : 271	Loss : 0.1222	MAE : 5.7005	Val Loss : 0.1364	Val MAE : 6.5554	Time : 16.26 s
23-08-2020 22:34:27: Epoch : 272	Loss : 0.1212	MAE : 5.6623	Val Loss : 0.1412	Val MAE : 6.8982	Time : 16.22 s
23-08-2020 22:34:44: Epoch : 273	Loss : 0.1216	MAE : 5.6801	Val Loss : 0.1364	Val MAE : 6.4329	Time : 16.45 s
23-08-2020 22:35:00: Epoch : 274	Loss : 0.1212	MAE : 5.6606	Val Loss : 0.1353	Val MAE : 6.4366	Time : 16.19 s
23-08-2020 22:35:16: Epoch : 275	Loss : 0.1206	MAE : 5.6302	Val Loss : 0.1402	Val MAE : 6.7929	Time : 16.27 s
23-08-2020 22:35:32: Epoch : 276	Loss : 0.1210	MAE : 5.6551	Val Loss : 0.1335	Val MAE : 6.2994	Time : 16.23 s
23-08-2020 22:35:49: Epoch : 277	Loss : 0.1214	MAE : 5.6617	Val Loss : 0.1462	Val MAE : 7.1985	Time : 16.65 s
23-08-2020 22:36:06: Epoch : 278	Loss : 0.1211	MAE : 5.6579	Val Loss : 0.1405	Val MAE : 6.9109	Time : 16.85 s
23-08-2020 22:36:26: Epoch : 279	Loss : 0.1207	MAE : 5.6367	Val Loss : 0.1380	Val MAE : 6.6638	Time : 20.05 s
23-08-2020 22:36:46: Epoch : 280	Loss : 0.1209	MAE : 5.6387	Val Loss : 0.1454	Val MAE : 7.2380	Time : 20.40 s
23-08-2020 22:37:08: Epoch : 281	Loss : 0.1210	MAE : 5.6526	Val Loss : 0.1435	Val MAE : 7.0742	Time : 21.73 s
23-08-2020 22:37:30: Epoch : 282	Loss : 0.1210	MAE : 5.6513	Val Loss : 0.1387	Val MAE : 6.7345	Time : 21.44 s
23-08-2020 22:37:48: Epoch : 283	Loss : 0.1202	MAE : 5.6253	Val Loss : 0.1394	Val MAE : 6.7639	Time : 17.98 s
23-08-2020 22:38:07: Epoch : 284	Loss : 0.1208	MAE : 5.6440	Val Loss : 0.1358	Val MAE : 6.5029	Time : 19.55 s
23-08-2020 22:38:29: Epoch : 285	Loss : 0.1209	MAE : 5.6291	Val Loss : 0.1423	Val MAE : 6.8826	Time : 22.14 s
23-08-2020 22:38:47: Epoch : 286	Loss : 0.1204	MAE : 5.6314	Val Loss : 0.1410	Val MAE : 6.8674	Time : 17.58 s
23-08-2020 22:39:04: Epoch : 287	Loss : 0.1210	MAE : 5.6349	Val Loss : 0.1385	Val MAE : 6.7701	Time : 17.63 s
23-08-2020 22:39:21: Epoch : 288	Loss : 0.1209	MAE : 5.6329	Val Loss : 0.1387	Val MAE : 6.6893	Time : 16.09 s
23-08-2020 22:39:37: Epoch : 289	Loss : 0.1206	MAE : 5.6236	Val Loss : 0.1419	Val MAE : 7.0047	Time : 16.72 s
23-08-2020 22:39:57: Epoch : 290	Loss : 0.1211	MAE : 5.6609	Val Loss : 0.1391	Val MAE : 6.6385	Time : 19.38 s
23-08-2020 22:40:15: Epoch : 291	Loss : 0.1206	MAE : 5.6434	Val Loss : 0.1391	Val MAE : 6.8000	Time : 18.36 s
23-08-2020 22:40:35: Epoch : 292	Loss : 0.1211	MAE : 5.6520	Val Loss : 0.1469	Val MAE : 7.2910	Time : 20.44 s
23-08-2020 22:40:53: Epoch : 293	Loss : 0.1203	MAE : 5.6223	Val Loss : 0.1432	Val MAE : 7.0468	Time : 17.39 s
23-08-2020 22:41:11: Epoch : 294	Loss : 0.1208	MAE : 5.6316	Val Loss : 0.1461	Val MAE : 7.2395	Time : 17.67 s
23-08-2020 22:41:28: Epoch : 295	Loss : 0.1205	MAE : 5.6418	Val Loss : 0.1386	Val MAE : 6.7508	Time : 17.25 s
23-08-2020 22:41:45: Epoch : 296	Loss : 0.1209	MAE : 5.6569	Val Loss : 0.1371	Val MAE : 6.7017	Time : 17.12 s
23-08-2020 22:42:02: Epoch : 297	Loss : 0.1204	MAE : 5.6293	Val Loss : 0.1415	Val MAE : 6.8977	Time : 17.11 s
23-08-2020 22:42:19: Epoch : 298	Loss : 0.1209	MAE : 5.6551	Val Loss : 0.1391	Val MAE : 6.7306	Time : 17.41 s
23-08-2020 22:42:37: Epoch : 299	Loss : 0.1208	MAE : 5.6414	Val Loss : 0.1386	Val MAE : 6.5274	Time : 17.41 s
23-08-2020 22:42:52: Epoch : 300	Loss : 0.1208	MAE : 5.6471	Val Loss : 0.1347	Val MAE : 6.4628	Time : 15.31 s
23-08-2020 22:43:11: 
Train Dataset :	MSE : 51.7370719909668	MAE : 5.75575590133667	RMSE: 7.1928486824035645
23-08-2020 22:43:11: 
Val Dataset :	MSE : 59.85798263549805	MAE : 6.239564895629883	RMSE: 7.7367939949035645
23-08-2020 22:43:12: 
Test Dataset :	MSE : 49.29611587524414	MAE : 5.456182956695557	RMSE: 7.021119117736816
