23-08-2020 13:39:26: Validation loss reduced from inf to  0.14861146360635757, saving model...
23-08-2020 13:39:26: Epoch : 01	Loss : 0.2006	MAE : 9.9769	Val Loss : 0.1486	Val MAE : 6.9549	Time : 14.33 s
23-08-2020 13:39:41: Validation loss reduced from 0.14861146360635757 to  0.14168500900268555, saving model...
23-08-2020 13:39:41: Epoch : 02	Loss : 0.1324	MAE : 6.1947	Val Loss : 0.1417	Val MAE : 6.5773	Time : 14.58 s
23-08-2020 13:39:57: Epoch : 03	Loss : 0.1302	MAE : 6.0850	Val Loss : 0.1534	Val MAE : 7.6062	Time : 15.65 s
23-08-2020 13:40:12: Epoch : 04	Loss : 0.1290	MAE : 6.0460	Val Loss : 0.1549	Val MAE : 7.7832	Time : 15.44 s
23-08-2020 13:40:27: Epoch : 05	Loss : 0.1273	MAE : 5.9364	Val Loss : 0.1512	Val MAE : 7.5532	Time : 14.70 s
23-08-2020 13:40:41: Validation loss reduced from 0.14168500900268555 to  0.14001969248056412, saving model...
23-08-2020 13:40:41: Epoch : 06	Loss : 0.1262	MAE : 5.9131	Val Loss : 0.1400	Val MAE : 6.7921	Time : 14.63 s
23-08-2020 13:40:57: Validation loss reduced from 0.14001969248056412 to  0.13934221118688583, saving model...
23-08-2020 13:40:57: Epoch : 07	Loss : 0.1251	MAE : 5.8395	Val Loss : 0.1393	Val MAE : 6.8613	Time : 15.16 s
23-08-2020 13:41:11: Validation loss reduced from 0.13934221118688583 to  0.13557233661413193, saving model...
23-08-2020 13:41:11: Epoch : 08	Loss : 0.1250	MAE : 5.8513	Val Loss : 0.1356	Val MAE : 6.6854	Time : 14.77 s
23-08-2020 13:41:26: Validation loss reduced from 0.13557233661413193 to  0.1347595974802971, saving model...
23-08-2020 13:41:26: Epoch : 09	Loss : 0.1238	MAE : 5.7815	Val Loss : 0.1348	Val MAE : 6.6121	Time : 14.69 s
23-08-2020 13:41:41: Validation loss reduced from 0.1347595974802971 to  0.13255134969949722, saving model...
23-08-2020 13:41:41: Epoch : 10	Loss : 0.1242	MAE : 5.7764	Val Loss : 0.1326	Val MAE : 6.3846	Time : 14.74 s
23-08-2020 13:41:56: Epoch : 11	Loss : 0.1231	MAE : 5.7511	Val Loss : 0.1331	Val MAE : 6.2739	Time : 14.79 s
23-08-2020 13:42:11: Validation loss reduced from 0.13255134969949722 to  0.1276036985218525, saving model...
23-08-2020 13:42:11: Epoch : 12	Loss : 0.1225	MAE : 5.7392	Val Loss : 0.1276	Val MAE : 6.0143	Time : 15.05 s
23-08-2020 13:42:25: Epoch : 13	Loss : 0.1226	MAE : 5.7190	Val Loss : 0.1328	Val MAE : 6.4092	Time : 14.53 s
23-08-2020 13:42:40: Epoch : 14	Loss : 0.1219	MAE : 5.7092	Val Loss : 0.1327	Val MAE : 6.3926	Time : 14.44 s
23-08-2020 13:42:55: Epoch : 15	Loss : 0.1223	MAE : 5.7138	Val Loss : 0.1286	Val MAE : 5.9819	Time : 15.60 s
23-08-2020 13:43:11: Epoch : 16	Loss : 0.1211	MAE : 5.6775	Val Loss : 0.1280	Val MAE : 6.0801	Time : 15.66 s
23-08-2020 13:43:26: Epoch : 17	Loss : 0.1215	MAE : 5.6976	Val Loss : 0.1278	Val MAE : 5.9163	Time : 15.48 s
23-08-2020 13:43:42: Epoch : 18	Loss : 0.1211	MAE : 5.6521	Val Loss : 0.1292	Val MAE : 5.9978	Time : 15.60 s
23-08-2020 13:43:58: Epoch : 19	Loss : 0.1208	MAE : 5.6462	Val Loss : 0.1299	Val MAE : 6.2471	Time : 15.58 s
23-08-2020 13:44:13: Validation loss reduced from 0.1276036985218525 to  0.12363358587026596, saving model...
23-08-2020 13:44:13: Epoch : 20	Loss : 0.1209	MAE : 5.6518	Val Loss : 0.1236	Val MAE : 5.8632	Time : 15.42 s
23-08-2020 13:44:29: Epoch : 21	Loss : 0.1208	MAE : 5.6464	Val Loss : 0.1258	Val MAE : 6.0454	Time : 15.57 s
23-08-2020 13:44:44: Epoch : 22	Loss : 0.1212	MAE : 5.6651	Val Loss : 0.1338	Val MAE : 6.5392	Time : 15.17 s
23-08-2020 13:44:58: Validation loss reduced from 0.12363358587026596 to  0.11930778995156288, saving model...
23-08-2020 13:44:58: Epoch : 23	Loss : 0.1201	MAE : 5.6228	Val Loss : 0.1193	Val MAE : 5.6177	Time : 14.73 s
23-08-2020 13:45:13: Epoch : 24	Loss : 0.1202	MAE : 5.6176	Val Loss : 0.1293	Val MAE : 5.9391	Time : 14.79 s
23-08-2020 13:45:28: Epoch : 25	Loss : 0.1199	MAE : 5.6140	Val Loss : 0.1283	Val MAE : 6.0587	Time : 14.57 s
23-08-2020 13:45:42: Epoch : 26	Loss : 0.1195	MAE : 5.5780	Val Loss : 0.1273	Val MAE : 6.0933	Time : 14.67 s
23-08-2020 13:45:57: Epoch : 27	Loss : 0.1192	MAE : 5.5687	Val Loss : 0.1265	Val MAE : 5.9313	Time : 14.52 s
23-08-2020 13:46:12: Epoch : 28	Loss : 0.1189	MAE : 5.5689	Val Loss : 0.1327	Val MAE : 6.1417	Time : 14.89 s
23-08-2020 13:46:28: Epoch : 29	Loss : 0.1203	MAE : 5.6297	Val Loss : 0.1281	Val MAE : 6.0877	Time : 15.92 s
23-08-2020 13:46:43: Epoch : 30	Loss : 0.1190	MAE : 5.5435	Val Loss : 0.1284	Val MAE : 6.1093	Time : 15.15 s
23-08-2020 13:46:58: Epoch : 31	Loss : 0.1196	MAE : 5.5880	Val Loss : 0.1235	Val MAE : 5.8394	Time : 14.85 s
23-08-2020 13:47:13: Epoch : 32	Loss : 0.1198	MAE : 5.5966	Val Loss : 0.1318	Val MAE : 6.2712	Time : 14.90 s
23-08-2020 13:47:28: Epoch : 33	Loss : 0.1192	MAE : 5.5607	Val Loss : 0.1330	Val MAE : 6.4662	Time : 14.95 s
23-08-2020 13:47:42: Epoch : 34	Loss : 0.1192	MAE : 5.5575	Val Loss : 0.1323	Val MAE : 6.3153	Time : 14.82 s
23-08-2020 13:47:57: Epoch : 35	Loss : 0.1185	MAE : 5.5544	Val Loss : 0.1338	Val MAE : 6.4695	Time : 14.87 s
23-08-2020 13:48:12: Epoch : 36	Loss : 0.1183	MAE : 5.5257	Val Loss : 0.1270	Val MAE : 6.1244	Time : 14.97 s
23-08-2020 13:48:27: Epoch : 37	Loss : 0.1184	MAE : 5.5252	Val Loss : 0.1291	Val MAE : 6.1630	Time : 14.78 s
23-08-2020 13:48:42: Epoch : 38	Loss : 0.1183	MAE : 5.5287	Val Loss : 0.1292	Val MAE : 6.2430	Time : 14.84 s
23-08-2020 13:48:58: Epoch : 39	Loss : 0.1187	MAE : 5.5452	Val Loss : 0.1355	Val MAE : 6.5746	Time : 15.70 s
23-08-2020 13:49:13: Epoch : 40	Loss : 0.1186	MAE : 5.5310	Val Loss : 0.1327	Val MAE : 6.2652	Time : 15.03 s
23-08-2020 13:49:28: Epoch : 41	Loss : 0.1183	MAE : 5.5298	Val Loss : 0.1270	Val MAE : 6.0637	Time : 14.89 s
23-08-2020 13:49:42: Epoch : 42	Loss : 0.1182	MAE : 5.5282	Val Loss : 0.1212	Val MAE : 5.7088	Time : 14.66 s
23-08-2020 13:49:57: Epoch : 43	Loss : 0.1177	MAE : 5.4940	Val Loss : 0.1327	Val MAE : 6.3252	Time : 14.48 s
23-08-2020 13:50:12: Epoch : 44	Loss : 0.1174	MAE : 5.4790	Val Loss : 0.1314	Val MAE : 6.1923	Time : 14.98 s
23-08-2020 13:50:27: Epoch : 45	Loss : 0.1182	MAE : 5.5240	Val Loss : 0.1294	Val MAE : 6.2659	Time : 14.81 s
23-08-2020 13:50:41: Epoch : 46	Loss : 0.1176	MAE : 5.4966	Val Loss : 0.1304	Val MAE : 6.2151	Time : 14.80 s
23-08-2020 13:50:56: Epoch : 47	Loss : 0.1173	MAE : 5.4876	Val Loss : 0.1258	Val MAE : 5.9911	Time : 14.62 s
23-08-2020 13:51:11: Epoch : 48	Loss : 0.1176	MAE : 5.4896	Val Loss : 0.1262	Val MAE : 5.9391	Time : 14.59 s
23-08-2020 13:51:25: Epoch : 49	Loss : 0.1174	MAE : 5.4835	Val Loss : 0.1270	Val MAE : 6.0643	Time : 14.62 s
23-08-2020 13:51:40: Epoch : 50	Loss : 0.1170	MAE : 5.4657	Val Loss : 0.1311	Val MAE : 6.3504	Time : 14.58 s
23-08-2020 13:51:54: Epoch : 51	Loss : 0.1166	MAE : 5.4510	Val Loss : 0.1258	Val MAE : 5.8162	Time : 14.76 s
23-08-2020 13:52:10: Epoch : 52	Loss : 0.1169	MAE : 5.4660	Val Loss : 0.1278	Val MAE : 6.0357	Time : 15.53 s
23-08-2020 13:52:25: Epoch : 53	Loss : 0.1164	MAE : 5.4541	Val Loss : 0.1322	Val MAE : 6.3563	Time : 15.45 s
23-08-2020 13:52:40: Epoch : 54	Loss : 0.1169	MAE : 5.4656	Val Loss : 0.1263	Val MAE : 5.9649	Time : 14.52 s
23-08-2020 13:52:56: Epoch : 55	Loss : 0.1168	MAE : 5.4693	Val Loss : 0.1381	Val MAE : 6.5249	Time : 15.52 s
23-08-2020 13:53:11: Epoch : 56	Loss : 0.1175	MAE : 5.4923	Val Loss : 0.1314	Val MAE : 6.1373	Time : 15.01 s
23-08-2020 13:53:25: Epoch : 57	Loss : 0.1162	MAE : 5.4221	Val Loss : 0.1196	Val MAE : 5.5232	Time : 14.57 s
23-08-2020 13:53:40: Epoch : 58	Loss : 0.1170	MAE : 5.4513	Val Loss : 0.1300	Val MAE : 6.1527	Time : 14.71 s
23-08-2020 13:53:55: Epoch : 59	Loss : 0.1163	MAE : 5.4401	Val Loss : 0.1312	Val MAE : 6.2313	Time : 14.99 s
23-08-2020 13:54:10: Epoch : 60	Loss : 0.1167	MAE : 5.4516	Val Loss : 0.1252	Val MAE : 5.6716	Time : 15.39 s
23-08-2020 13:54:25: Epoch : 61	Loss : 0.1170	MAE : 5.4671	Val Loss : 0.1284	Val MAE : 6.1088	Time : 14.83 s
23-08-2020 13:54:40: Epoch : 62	Loss : 0.1171	MAE : 5.4592	Val Loss : 0.1326	Val MAE : 6.2142	Time : 14.60 s
23-08-2020 13:54:54: Epoch : 63	Loss : 0.1178	MAE : 5.4895	Val Loss : 0.1295	Val MAE : 6.1567	Time : 14.75 s
23-08-2020 13:55:09: Epoch : 64	Loss : 0.1166	MAE : 5.4324	Val Loss : 0.1327	Val MAE : 6.4016	Time : 14.95 s
23-08-2020 13:55:24: Epoch : 65	Loss : 0.1159	MAE : 5.3992	Val Loss : 0.1297	Val MAE : 6.2101	Time : 14.84 s
23-08-2020 13:55:39: Epoch : 66	Loss : 0.1161	MAE : 5.4221	Val Loss : 0.1316	Val MAE : 6.3696	Time : 14.82 s
23-08-2020 13:55:54: Epoch : 67	Loss : 0.1152	MAE : 5.3926	Val Loss : 0.1315	Val MAE : 6.3414	Time : 14.86 s
23-08-2020 13:56:09: Epoch : 68	Loss : 0.1155	MAE : 5.3942	Val Loss : 0.1305	Val MAE : 6.3073	Time : 14.81 s
23-08-2020 13:56:24: Epoch : 69	Loss : 0.1162	MAE : 5.4294	Val Loss : 0.1338	Val MAE : 6.4313	Time : 15.01 s
23-08-2020 13:56:38: Epoch : 70	Loss : 0.1161	MAE : 5.4283	Val Loss : 0.1313	Val MAE : 6.3568	Time : 14.64 s
23-08-2020 13:56:53: Epoch : 71	Loss : 0.1161	MAE : 5.4114	Val Loss : 0.1334	Val MAE : 6.4212	Time : 14.68 s
23-08-2020 13:57:08: Epoch : 72	Loss : 0.1154	MAE : 5.3820	Val Loss : 0.1268	Val MAE : 5.9976	Time : 15.20 s
23-08-2020 13:57:23: Epoch : 73	Loss : 0.1156	MAE : 5.3815	Val Loss : 0.1286	Val MAE : 6.0290	Time : 14.83 s
23-08-2020 13:57:40: Epoch : 74	Loss : 0.1147	MAE : 5.3483	Val Loss : 0.1272	Val MAE : 6.0408	Time : 17.12 s
23-08-2020 13:57:58: Epoch : 75	Loss : 0.1155	MAE : 5.3876	Val Loss : 0.1278	Val MAE : 6.1321	Time : 18.14 s
23-08-2020 13:58:14: Epoch : 76	Loss : 0.1156	MAE : 5.3999	Val Loss : 0.1295	Val MAE : 6.1036	Time : 16.12 s
23-08-2020 13:58:31: Epoch : 77	Loss : 0.1150	MAE : 5.3893	Val Loss : 0.1299	Val MAE : 6.1214	Time : 16.30 s
23-08-2020 13:58:45: Epoch : 78	Loss : 0.1150	MAE : 5.3763	Val Loss : 0.1266	Val MAE : 6.0350	Time : 14.21 s
23-08-2020 13:59:00: Epoch : 79	Loss : 0.1151	MAE : 5.3725	Val Loss : 0.1244	Val MAE : 5.8417	Time : 15.04 s
23-08-2020 13:59:15: Epoch : 80	Loss : 0.1149	MAE : 5.3650	Val Loss : 0.1284	Val MAE : 6.0582	Time : 15.11 s
23-08-2020 13:59:30: Epoch : 81	Loss : 0.1151	MAE : 5.3768	Val Loss : 0.1243	Val MAE : 5.8305	Time : 14.87 s
23-08-2020 13:59:45: Epoch : 82	Loss : 0.1153	MAE : 5.3944	Val Loss : 0.1308	Val MAE : 6.3061	Time : 14.65 s
23-08-2020 13:59:59: Epoch : 83	Loss : 0.1140	MAE : 5.3142	Val Loss : 0.1361	Val MAE : 6.6465	Time : 14.90 s
23-08-2020 14:00:14: Epoch : 84	Loss : 0.1145	MAE : 5.3348	Val Loss : 0.1297	Val MAE : 6.0898	Time : 14.97 s
23-08-2020 14:00:29: Epoch : 85	Loss : 0.1139	MAE : 5.3343	Val Loss : 0.1278	Val MAE : 6.0977	Time : 14.39 s
23-08-2020 14:00:44: Epoch : 86	Loss : 0.1142	MAE : 5.3304	Val Loss : 0.1325	Val MAE : 6.3527	Time : 14.72 s
23-08-2020 14:00:59: Epoch : 87	Loss : 0.1141	MAE : 5.3267	Val Loss : 0.1284	Val MAE : 6.1352	Time : 15.12 s
23-08-2020 14:01:14: Epoch : 88	Loss : 0.1144	MAE : 5.3396	Val Loss : 0.1302	Val MAE : 6.2289	Time : 15.05 s
23-08-2020 14:01:29: Epoch : 89	Loss : 0.1146	MAE : 5.3523	Val Loss : 0.1303	Val MAE : 6.1450	Time : 15.27 s
23-08-2020 14:01:44: Epoch : 90	Loss : 0.1145	MAE : 5.3498	Val Loss : 0.1327	Val MAE : 6.4192	Time : 15.42 s
23-08-2020 14:01:59: Epoch : 91	Loss : 0.1143	MAE : 5.3434	Val Loss : 0.1255	Val MAE : 5.8960	Time : 14.84 s
23-08-2020 14:02:14: Epoch : 92	Loss : 0.1151	MAE : 5.3582	Val Loss : 0.1322	Val MAE : 6.3031	Time : 15.19 s
23-08-2020 14:02:29: Epoch : 93	Loss : 0.1139	MAE : 5.3044	Val Loss : 0.1320	Val MAE : 6.2576	Time : 14.90 s
23-08-2020 14:02:45: Epoch : 94	Loss : 0.1138	MAE : 5.3134	Val Loss : 0.1340	Val MAE : 6.5278	Time : 15.19 s
23-08-2020 14:02:59: Epoch : 95	Loss : 0.1137	MAE : 5.3035	Val Loss : 0.1310	Val MAE : 6.2139	Time : 14.93 s
23-08-2020 14:03:15: Epoch : 96	Loss : 0.1139	MAE : 5.3119	Val Loss : 0.1321	Val MAE : 6.3166	Time : 15.39 s
23-08-2020 14:03:30: Epoch : 97	Loss : 0.1140	MAE : 5.3233	Val Loss : 0.1299	Val MAE : 6.1608	Time : 15.17 s
23-08-2020 14:03:48: Epoch : 98	Loss : 0.1134	MAE : 5.3050	Val Loss : 0.1254	Val MAE : 5.7805	Time : 17.78 s
23-08-2020 14:04:07: Epoch : 99	Loss : 0.1131	MAE : 5.2952	Val Loss : 0.1289	Val MAE : 6.0530	Time : 18.73 s
23-08-2020 14:04:24: Epoch : 100	Loss : 0.1133	MAE : 5.2997	Val Loss : 0.1343	Val MAE : 6.4349	Time : 17.01 s
23-08-2020 14:04:40: 
Train Dataset :	MSE : 49.24155807495117	MAE : 5.626047134399414	RMSE: 7.017232894897461
23-08-2020 14:04:40: 
Val Dataset :	MSE : 49.16773986816406	MAE : 5.644063472747803	RMSE: 7.0119709968566895
23-08-2020 14:04:41: 
Test Dataset :	MSE : 51.622535705566406	MAE : 5.639040946960449	RMSE: 7.184882640838623
