20-08-2020 07:55:23: Validation loss reduced from inf to  0.2034197673201561, saving model...
20-08-2020 07:55:23: Epoch : 01	Loss : 0.3434	MAE : 16.3452	Val Loss : 0.2034	Val MAE : 9.6250	Time : 10.49 s
20-08-2020 07:55:34: Validation loss reduced from 0.2034197673201561 to  0.18847393244504929, saving model...
20-08-2020 07:55:34: Epoch : 02	Loss : 0.1859	MAE : 8.5761	Val Loss : 0.1885	Val MAE : 9.5381	Time : 11.36 s
20-08-2020 07:55:45: Validation loss reduced from 0.18847393244504929 to  0.17803695052862167, saving model...
20-08-2020 07:55:45: Epoch : 03	Loss : 0.1654	MAE : 7.6903	Val Loss : 0.1780	Val MAE : 8.8453	Time : 10.99 s
20-08-2020 07:55:57: Validation loss reduced from 0.17803695052862167 to  0.17173422127962112, saving model...
20-08-2020 07:55:57: Epoch : 04	Loss : 0.1582	MAE : 7.3860	Val Loss : 0.1717	Val MAE : 8.5201	Time : 11.65 s
20-08-2020 07:56:09: Epoch : 05	Loss : 0.1480	MAE : 6.8878	Val Loss : 0.1728	Val MAE : 8.6643	Time : 11.68 s
20-08-2020 07:56:20: Validation loss reduced from 0.17173422127962112 to  0.15335623919963837, saving model...
20-08-2020 07:56:20: Epoch : 06	Loss : 0.1471	MAE : 6.8602	Val Loss : 0.1534	Val MAE : 7.4201	Time : 11.71 s
20-08-2020 07:56:32: Epoch : 07	Loss : 0.1456	MAE : 6.7986	Val Loss : 0.1582	Val MAE : 7.8482	Time : 11.76 s
20-08-2020 07:56:44: Epoch : 08	Loss : 0.1461	MAE : 6.8154	Val Loss : 0.1584	Val MAE : 7.8237	Time : 11.65 s
20-08-2020 07:56:55: Validation loss reduced from 0.15335623919963837 to  0.13848401606082916, saving model...
20-08-2020 07:56:55: Epoch : 09	Loss : 0.1427	MAE : 6.6419	Val Loss : 0.1385	Val MAE : 6.3843	Time : 11.73 s
20-08-2020 07:57:08: Epoch : 10	Loss : 0.1422	MAE : 6.6049	Val Loss : 0.1423	Val MAE : 6.9153	Time : 12.15 s
20-08-2020 07:57:20: Validation loss reduced from 0.13848401606082916 to  0.1290520504117012, saving model...
20-08-2020 07:57:20: Epoch : 11	Loss : 0.1398	MAE : 6.5177	Val Loss : 0.1291	Val MAE : 6.2479	Time : 12.09 s
20-08-2020 07:57:32: Epoch : 12	Loss : 0.1409	MAE : 6.5476	Val Loss : 0.1309	Val MAE : 6.1273	Time : 11.95 s
20-08-2020 07:57:43: Epoch : 13	Loss : 0.1383	MAE : 6.4601	Val Loss : 0.1292	Val MAE : 6.1727	Time : 11.74 s
20-08-2020 07:57:56: Validation loss reduced from 0.1290520504117012 to  0.12347739934921265, saving model...
20-08-2020 07:57:56: Epoch : 14	Loss : 0.1405	MAE : 6.5580	Val Loss : 0.1235	Val MAE : 5.8822	Time : 12.98 s
20-08-2020 07:58:08: Epoch : 15	Loss : 0.1370	MAE : 6.3798	Val Loss : 0.1289	Val MAE : 5.9736	Time : 12.00 s
20-08-2020 07:58:20: Epoch : 16	Loss : 0.1371	MAE : 6.3811	Val Loss : 0.1352	Val MAE : 6.5754	Time : 11.82 s
20-08-2020 07:58:32: Validation loss reduced from 0.12347739934921265 to  0.12152543291449547, saving model...
20-08-2020 07:58:32: Epoch : 17	Loss : 0.1377	MAE : 6.3997	Val Loss : 0.1215	Val MAE : 5.6900	Time : 12.07 s
20-08-2020 07:58:44: Epoch : 18	Loss : 0.1385	MAE : 6.4584	Val Loss : 0.1283	Val MAE : 6.0286	Time : 11.69 s
20-08-2020 07:58:56: Epoch : 19	Loss : 0.1374	MAE : 6.3832	Val Loss : 0.1354	Val MAE : 6.2799	Time : 11.65 s
20-08-2020 07:59:07: Epoch : 20	Loss : 0.1380	MAE : 6.4198	Val Loss : 0.1336	Val MAE : 6.2610	Time : 11.85 s
20-08-2020 07:59:19: Epoch : 21	Loss : 0.1365	MAE : 6.3754	Val Loss : 0.1294	Val MAE : 6.3539	Time : 11.81 s
20-08-2020 07:59:31: Epoch : 22	Loss : 0.1348	MAE : 6.2615	Val Loss : 0.1257	Val MAE : 5.6969	Time : 11.84 s
20-08-2020 07:59:43: Epoch : 23	Loss : 0.1358	MAE : 6.3149	Val Loss : 0.1286	Val MAE : 6.4217	Time : 11.78 s
20-08-2020 07:59:55: Epoch : 24	Loss : 0.1354	MAE : 6.3222	Val Loss : 0.1255	Val MAE : 5.9755	Time : 12.04 s
20-08-2020 08:00:07: Epoch : 25	Loss : 0.1364	MAE : 6.3402	Val Loss : 0.1245	Val MAE : 5.8334	Time : 11.93 s
20-08-2020 08:00:18: Epoch : 26	Loss : 0.1352	MAE : 6.2988	Val Loss : 0.1313	Val MAE : 6.4854	Time : 11.44 s
20-08-2020 08:00:30: Epoch : 27	Loss : 0.1338	MAE : 6.2255	Val Loss : 0.1441	Val MAE : 7.2814	Time : 11.52 s
20-08-2020 08:00:42: Epoch : 28	Loss : 0.1351	MAE : 6.3070	Val Loss : 0.1268	Val MAE : 6.2106	Time : 11.76 s
20-08-2020 08:00:53: Epoch : 29	Loss : 0.1354	MAE : 6.2960	Val Loss : 0.1346	Val MAE : 6.7440	Time : 11.93 s
20-08-2020 08:01:05: Validation loss reduced from 0.12152543291449547 to  0.11756711080670357, saving model...
20-08-2020 08:01:05: Epoch : 30	Loss : 0.1341	MAE : 6.2395	Val Loss : 0.1176	Val MAE : 5.5485	Time : 11.59 s
20-08-2020 08:01:17: Epoch : 31	Loss : 0.1330	MAE : 6.1932	Val Loss : 0.1257	Val MAE : 6.2235	Time : 11.53 s
20-08-2020 08:01:28: Epoch : 32	Loss : 0.1331	MAE : 6.2063	Val Loss : 0.1274	Val MAE : 6.3101	Time : 11.70 s
20-08-2020 08:01:40: Epoch : 33	Loss : 0.1341	MAE : 6.2285	Val Loss : 0.1337	Val MAE : 6.6773	Time : 12.02 s
20-08-2020 08:01:52: Epoch : 34	Loss : 0.1347	MAE : 6.2468	Val Loss : 0.1344	Val MAE : 6.6683	Time : 11.88 s
20-08-2020 08:02:04: Epoch : 35	Loss : 0.1341	MAE : 6.2334	Val Loss : 0.1247	Val MAE : 5.9747	Time : 11.88 s
20-08-2020 08:02:16: Epoch : 36	Loss : 0.1330	MAE : 6.1745	Val Loss : 0.1348	Val MAE : 6.4895	Time : 11.92 s
20-08-2020 08:02:28: Epoch : 37	Loss : 0.1344	MAE : 6.2595	Val Loss : 0.1261	Val MAE : 6.0827	Time : 11.87 s
20-08-2020 08:02:40: Epoch : 38	Loss : 0.1324	MAE : 6.1718	Val Loss : 0.1381	Val MAE : 6.5510	Time : 11.82 s
20-08-2020 08:02:51: Epoch : 39	Loss : 0.1333	MAE : 6.1961	Val Loss : 0.1198	Val MAE : 5.8385	Time : 11.80 s
20-08-2020 08:03:03: Epoch : 40	Loss : 0.1326	MAE : 6.1765	Val Loss : 0.1327	Val MAE : 6.2465	Time : 11.86 s
20-08-2020 08:03:15: Epoch : 41	Loss : 0.1329	MAE : 6.1700	Val Loss : 0.1214	Val MAE : 5.8154	Time : 11.90 s
20-08-2020 08:03:27: Epoch : 42	Loss : 0.1327	MAE : 6.1494	Val Loss : 0.1345	Val MAE : 6.7287	Time : 11.95 s
20-08-2020 08:03:39: Epoch : 43	Loss : 0.1339	MAE : 6.2441	Val Loss : 0.1282	Val MAE : 6.3687	Time : 11.96 s
20-08-2020 08:03:51: Epoch : 44	Loss : 0.1332	MAE : 6.1864	Val Loss : 0.1353	Val MAE : 6.6899	Time : 11.88 s
20-08-2020 08:04:03: Epoch : 45	Loss : 0.1318	MAE : 6.1226	Val Loss : 0.1343	Val MAE : 6.6414	Time : 11.92 s
20-08-2020 08:04:14: Epoch : 46	Loss : 0.1314	MAE : 6.0874	Val Loss : 0.1265	Val MAE : 6.1896	Time : 11.52 s
20-08-2020 08:04:26: Epoch : 47	Loss : 0.1317	MAE : 6.1177	Val Loss : 0.1250	Val MAE : 6.1897	Time : 11.51 s
20-08-2020 08:04:38: Epoch : 48	Loss : 0.1305	MAE : 6.0890	Val Loss : 0.1257	Val MAE : 6.2312	Time : 12.05 s
20-08-2020 08:04:50: Epoch : 49	Loss : 0.1317	MAE : 6.1244	Val Loss : 0.1468	Val MAE : 6.8509	Time : 11.93 s
20-08-2020 08:05:02: Epoch : 50	Loss : 0.1320	MAE : 6.1327	Val Loss : 0.1350	Val MAE : 6.7115	Time : 11.97 s
20-08-2020 08:05:14: Epoch : 51	Loss : 0.1347	MAE : 6.2182	Val Loss : 0.1207	Val MAE : 5.7205	Time : 11.92 s
20-08-2020 08:05:26: Epoch : 52	Loss : 0.1320	MAE : 6.1246	Val Loss : 0.1302	Val MAE : 6.2297	Time : 11.86 s
20-08-2020 08:05:38: Epoch : 53	Loss : 0.1321	MAE : 6.1280	Val Loss : 0.1309	Val MAE : 6.1165	Time : 12.06 s
20-08-2020 08:05:50: Epoch : 54	Loss : 0.1302	MAE : 6.0590	Val Loss : 0.1261	Val MAE : 6.1063	Time : 11.81 s
20-08-2020 08:06:01: Epoch : 55	Loss : 0.1312	MAE : 6.1036	Val Loss : 0.1296	Val MAE : 6.2760	Time : 11.78 s
20-08-2020 08:06:13: Epoch : 56	Loss : 0.1318	MAE : 6.1188	Val Loss : 0.1309	Val MAE : 6.5051	Time : 11.55 s
20-08-2020 08:06:24: Epoch : 57	Loss : 0.1297	MAE : 6.0482	Val Loss : 0.1295	Val MAE : 6.4190	Time : 11.49 s
20-08-2020 08:06:36: Epoch : 58	Loss : 0.1296	MAE : 6.0483	Val Loss : 0.1268	Val MAE : 6.3564	Time : 11.71 s
20-08-2020 08:06:48: Epoch : 59	Loss : 0.1306	MAE : 6.0800	Val Loss : 0.1210	Val MAE : 5.8398	Time : 11.86 s
20-08-2020 08:07:00: Epoch : 60	Loss : 0.1309	MAE : 6.0778	Val Loss : 0.1250	Val MAE : 6.2311	Time : 11.99 s
20-08-2020 08:07:12: Epoch : 61	Loss : 0.1295	MAE : 6.0124	Val Loss : 0.1238	Val MAE : 5.9892	Time : 11.91 s
20-08-2020 08:07:23: Epoch : 62	Loss : 0.1306	MAE : 6.0721	Val Loss : 0.1357	Val MAE : 6.5955	Time : 11.54 s
20-08-2020 08:07:35: Epoch : 63	Loss : 0.1312	MAE : 6.0973	Val Loss : 0.1321	Val MAE : 6.4071	Time : 11.98 s
20-08-2020 08:07:47: Epoch : 64	Loss : 0.1299	MAE : 6.0159	Val Loss : 0.1257	Val MAE : 6.0913	Time : 12.01 s
20-08-2020 08:07:59: Epoch : 65	Loss : 0.1304	MAE : 6.0730	Val Loss : 0.1339	Val MAE : 6.5882	Time : 12.03 s
20-08-2020 08:08:11: Epoch : 66	Loss : 0.1290	MAE : 6.0024	Val Loss : 0.1384	Val MAE : 6.6112	Time : 11.89 s
20-08-2020 08:08:23: Epoch : 67	Loss : 0.1293	MAE : 6.0139	Val Loss : 0.1355	Val MAE : 6.5682	Time : 11.86 s
20-08-2020 08:08:35: Epoch : 68	Loss : 0.1300	MAE : 6.0450	Val Loss : 0.1280	Val MAE : 6.3651	Time : 11.89 s
20-08-2020 08:08:47: Epoch : 69	Loss : 0.1288	MAE : 5.9956	Val Loss : 0.1339	Val MAE : 6.5929	Time : 11.81 s
20-08-2020 08:08:59: Epoch : 70	Loss : 0.1308	MAE : 6.0514	Val Loss : 0.1342	Val MAE : 6.2843	Time : 11.93 s
20-08-2020 08:09:11: Epoch : 71	Loss : 0.1292	MAE : 6.0075	Val Loss : 0.1316	Val MAE : 6.3889	Time : 11.86 s
20-08-2020 08:09:22: Epoch : 72	Loss : 0.1294	MAE : 6.0152	Val Loss : 0.1289	Val MAE : 6.2002	Time : 11.82 s
20-08-2020 08:09:34: Epoch : 73	Loss : 0.1287	MAE : 5.9880	Val Loss : 0.1285	Val MAE : 6.1927	Time : 11.97 s
20-08-2020 08:09:46: Epoch : 74	Loss : 0.1285	MAE : 5.9731	Val Loss : 0.1270	Val MAE : 6.1013	Time : 11.76 s
20-08-2020 08:09:58: Epoch : 75	Loss : 0.1294	MAE : 6.0148	Val Loss : 0.1261	Val MAE : 6.2006	Time : 11.88 s
20-08-2020 08:10:10: Epoch : 76	Loss : 0.1291	MAE : 5.9923	Val Loss : 0.1187	Val MAE : 5.6729	Time : 11.81 s
20-08-2020 08:10:22: Epoch : 77	Loss : 0.1284	MAE : 5.9733	Val Loss : 0.1318	Val MAE : 6.2671	Time : 11.84 s
20-08-2020 08:10:34: Epoch : 78	Loss : 0.1270	MAE : 5.9084	Val Loss : 0.1274	Val MAE : 6.2774	Time : 11.87 s
20-08-2020 08:10:45: Epoch : 79	Loss : 0.1295	MAE : 6.0043	Val Loss : 0.1241	Val MAE : 6.0838	Time : 11.74 s
20-08-2020 08:10:57: Epoch : 80	Loss : 0.1282	MAE : 5.9673	Val Loss : 0.1316	Val MAE : 6.2723	Time : 11.76 s
20-08-2020 08:11:09: Epoch : 81	Loss : 0.1282	MAE : 5.9548	Val Loss : 0.1199	Val MAE : 5.7786	Time : 11.73 s
20-08-2020 08:11:21: Epoch : 82	Loss : 0.1293	MAE : 5.9731	Val Loss : 0.1302	Val MAE : 6.2722	Time : 11.79 s
20-08-2020 08:11:33: Epoch : 83	Loss : 0.1287	MAE : 5.9774	Val Loss : 0.1324	Val MAE : 6.3673	Time : 11.93 s
20-08-2020 08:11:44: Epoch : 84	Loss : 0.1282	MAE : 5.9690	Val Loss : 0.1289	Val MAE : 6.1006	Time : 11.55 s
20-08-2020 08:11:56: Epoch : 85	Loss : 0.1270	MAE : 5.8979	Val Loss : 0.1250	Val MAE : 5.8917	Time : 11.49 s
20-08-2020 08:12:07: Epoch : 86	Loss : 0.1274	MAE : 5.9260	Val Loss : 0.1306	Val MAE : 6.2191	Time : 11.57 s
20-08-2020 08:12:19: Epoch : 87	Loss : 0.1286	MAE : 5.9679	Val Loss : 0.1331	Val MAE : 6.3263	Time : 11.49 s
20-08-2020 08:12:30: Epoch : 88	Loss : 0.1275	MAE : 5.9119	Val Loss : 0.1227	Val MAE : 5.8494	Time : 11.68 s
20-08-2020 08:12:42: Epoch : 89	Loss : 0.1267	MAE : 5.8943	Val Loss : 0.1289	Val MAE : 6.3289	Time : 11.84 s
20-08-2020 08:12:54: Epoch : 90	Loss : 0.1283	MAE : 5.9567	Val Loss : 0.1200	Val MAE : 5.7141	Time : 11.84 s
20-08-2020 08:13:06: Epoch : 91	Loss : 0.1271	MAE : 5.9139	Val Loss : 0.1276	Val MAE : 5.9572	Time : 11.87 s
20-08-2020 08:13:18: Epoch : 92	Loss : 0.1277	MAE : 5.9319	Val Loss : 0.1217	Val MAE : 5.9502	Time : 11.81 s
20-08-2020 08:13:30: Epoch : 93	Loss : 0.1273	MAE : 5.9022	Val Loss : 0.1294	Val MAE : 6.2770	Time : 11.85 s
20-08-2020 08:13:41: Epoch : 94	Loss : 0.1283	MAE : 5.9458	Val Loss : 0.1209	Val MAE : 5.9953	Time : 11.87 s
20-08-2020 08:13:53: Epoch : 95	Loss : 0.1271	MAE : 5.9131	Val Loss : 0.1296	Val MAE : 6.2507	Time : 11.82 s
20-08-2020 08:14:05: Validation loss reduced from 0.11756711080670357 to  0.11569145694375038, saving model...
20-08-2020 08:14:05: Epoch : 96	Loss : 0.1287	MAE : 5.9834	Val Loss : 0.1157	Val MAE : 5.5656	Time : 11.75 s
20-08-2020 08:14:17: Epoch : 97	Loss : 0.1274	MAE : 5.9110	Val Loss : 0.1274	Val MAE : 6.2403	Time : 11.49 s
20-08-2020 08:14:28: Epoch : 98	Loss : 0.1271	MAE : 5.8984	Val Loss : 0.1430	Val MAE : 6.7331	Time : 11.67 s
20-08-2020 08:14:40: Epoch : 99	Loss : 0.1272	MAE : 5.9198	Val Loss : 0.1239	Val MAE : 6.1598	Time : 11.89 s
20-08-2020 08:14:52: Epoch : 100	Loss : 0.1261	MAE : 5.8574	Val Loss : 0.1241	Val MAE : 5.9182	Time : 12.33 s
20-08-2020 08:15:05: Epoch : 101	Loss : 0.1278	MAE : 5.9389	Val Loss : 0.1413	Val MAE : 6.6680	Time : 12.44 s
20-08-2020 08:15:17: Epoch : 102	Loss : 0.1281	MAE : 5.9636	Val Loss : 0.1401	Val MAE : 6.8751	Time : 12.01 s
20-08-2020 08:15:29: Epoch : 103	Loss : 0.1259	MAE : 5.8608	Val Loss : 0.1283	Val MAE : 6.2062	Time : 11.85 s
20-08-2020 08:15:41: Epoch : 104	Loss : 0.1264	MAE : 5.8755	Val Loss : 0.1218	Val MAE : 5.8734	Time : 11.94 s
20-08-2020 08:15:52: Epoch : 105	Loss : 0.1269	MAE : 5.9142	Val Loss : 0.1258	Val MAE : 5.8659	Time : 11.74 s
20-08-2020 08:16:04: Epoch : 106	Loss : 0.1265	MAE : 5.8868	Val Loss : 0.1272	Val MAE : 6.1611	Time : 11.73 s
20-08-2020 08:16:16: Epoch : 107	Loss : 0.1276	MAE : 5.9230	Val Loss : 0.1198	Val MAE : 5.7505	Time : 11.70 s
20-08-2020 08:16:28: Epoch : 108	Loss : 0.1262	MAE : 5.8538	Val Loss : 0.1352	Val MAE : 6.5012	Time : 11.76 s
20-08-2020 08:16:39: Epoch : 109	Loss : 0.1262	MAE : 5.8596	Val Loss : 0.1233	Val MAE : 5.9945	Time : 11.75 s
20-08-2020 08:16:51: Epoch : 110	Loss : 0.1257	MAE : 5.8594	Val Loss : 0.1227	Val MAE : 5.9686	Time : 12.16 s
20-08-2020 08:17:06: Epoch : 111	Loss : 0.1247	MAE : 5.7985	Val Loss : 0.1339	Val MAE : 6.2344	Time : 14.07 s
20-08-2020 08:17:18: Epoch : 112	Loss : 0.1260	MAE : 5.8500	Val Loss : 0.1266	Val MAE : 6.1340	Time : 12.82 s
20-08-2020 08:17:31: Epoch : 113	Loss : 0.1270	MAE : 5.8963	Val Loss : 0.1275	Val MAE : 6.3064	Time : 12.64 s
20-08-2020 08:17:44: Epoch : 114	Loss : 0.1267	MAE : 5.8847	Val Loss : 0.1246	Val MAE : 5.9852	Time : 12.66 s
20-08-2020 08:17:55: Epoch : 115	Loss : 0.1265	MAE : 5.8712	Val Loss : 0.1398	Val MAE : 6.6888	Time : 11.26 s
20-08-2020 08:18:06: Epoch : 116	Loss : 0.1260	MAE : 5.8703	Val Loss : 0.1190	Val MAE : 5.7697	Time : 11.46 s
20-08-2020 08:18:18: Epoch : 117	Loss : 0.1260	MAE : 5.8595	Val Loss : 0.1251	Val MAE : 6.0684	Time : 11.50 s
20-08-2020 08:18:30: Epoch : 118	Loss : 0.1255	MAE : 5.8471	Val Loss : 0.1278	Val MAE : 6.1207	Time : 11.62 s
20-08-2020 08:18:41: Epoch : 119	Loss : 0.1251	MAE : 5.8144	Val Loss : 0.1216	Val MAE : 5.8781	Time : 11.73 s
20-08-2020 08:18:53: Epoch : 120	Loss : 0.1257	MAE : 5.8503	Val Loss : 0.1411	Val MAE : 6.6963	Time : 11.74 s
20-08-2020 08:19:05: Epoch : 121	Loss : 0.1251	MAE : 5.8093	Val Loss : 0.1203	Val MAE : 5.7420	Time : 11.89 s
20-08-2020 08:19:17: Epoch : 122	Loss : 0.1246	MAE : 5.7888	Val Loss : 0.1218	Val MAE : 5.8339	Time : 11.74 s
20-08-2020 08:19:28: Epoch : 123	Loss : 0.1256	MAE : 5.8332	Val Loss : 0.1225	Val MAE : 5.8785	Time : 11.69 s
20-08-2020 08:19:40: Epoch : 124	Loss : 0.1252	MAE : 5.8280	Val Loss : 0.1242	Val MAE : 5.9677	Time : 11.77 s
20-08-2020 08:19:52: Epoch : 125	Loss : 0.1259	MAE : 5.8605	Val Loss : 0.1382	Val MAE : 6.4718	Time : 11.66 s
20-08-2020 08:20:03: Epoch : 126	Loss : 0.1258	MAE : 5.8406	Val Loss : 0.1260	Val MAE : 6.0542	Time : 11.70 s
20-08-2020 08:20:15: Epoch : 127	Loss : 0.1253	MAE : 5.8314	Val Loss : 0.1288	Val MAE : 6.2488	Time : 11.67 s
20-08-2020 08:20:27: Epoch : 128	Loss : 0.1246	MAE : 5.8079	Val Loss : 0.1304	Val MAE : 6.3679	Time : 11.68 s
20-08-2020 08:20:38: Epoch : 129	Loss : 0.1260	MAE : 5.8488	Val Loss : 0.1297	Val MAE : 6.3142	Time : 11.67 s
20-08-2020 08:20:50: Epoch : 130	Loss : 0.1254	MAE : 5.8371	Val Loss : 0.1302	Val MAE : 6.3207	Time : 11.73 s
20-08-2020 08:21:02: Epoch : 131	Loss : 0.1244	MAE : 5.7815	Val Loss : 0.1290	Val MAE : 6.2375	Time : 11.75 s
20-08-2020 08:21:14: Epoch : 132	Loss : 0.1246	MAE : 5.8021	Val Loss : 0.1212	Val MAE : 5.9179	Time : 11.65 s
20-08-2020 08:21:25: Epoch : 133	Loss : 0.1254	MAE : 5.8323	Val Loss : 0.1194	Val MAE : 5.7528	Time : 11.34 s
20-08-2020 08:21:37: Epoch : 134	Loss : 0.1256	MAE : 5.8354	Val Loss : 0.1285	Val MAE : 6.0682	Time : 11.63 s
20-08-2020 08:21:48: Epoch : 135	Loss : 0.1255	MAE : 5.8319	Val Loss : 0.1350	Val MAE : 6.6641	Time : 11.75 s
20-08-2020 08:22:00: Epoch : 136	Loss : 0.1251	MAE : 5.7918	Val Loss : 0.1200	Val MAE : 5.7412	Time : 11.69 s
20-08-2020 08:22:11: Validation loss reduced from 0.11569145694375038 to  0.11545940861105919, saving model...
20-08-2020 08:22:11: Epoch : 137	Loss : 0.1246	MAE : 5.7828	Val Loss : 0.1155	Val MAE : 5.4989	Time : 11.30 s
20-08-2020 08:22:23: Epoch : 138	Loss : 0.1242	MAE : 5.7608	Val Loss : 0.1225	Val MAE : 5.7747	Time : 11.42 s
20-08-2020 08:22:34: Validation loss reduced from 0.11545940861105919 to  0.11423836648464203, saving model...
20-08-2020 08:22:34: Epoch : 139	Loss : 0.1272	MAE : 5.8927	Val Loss : 0.1142	Val MAE : 5.4468	Time : 11.54 s
20-08-2020 08:22:46: Epoch : 140	Loss : 0.1240	MAE : 5.7759	Val Loss : 0.1292	Val MAE : 6.1628	Time : 11.40 s
20-08-2020 08:22:57: Epoch : 141	Loss : 0.1263	MAE : 5.8449	Val Loss : 0.1202	Val MAE : 5.6918	Time : 11.43 s
20-08-2020 08:23:09: Epoch : 142	Loss : 0.1256	MAE : 5.8231	Val Loss : 0.1178	Val MAE : 5.5794	Time : 11.72 s
20-08-2020 08:23:21: Epoch : 143	Loss : 0.1248	MAE : 5.8012	Val Loss : 0.1173	Val MAE : 5.5488	Time : 11.76 s
20-08-2020 08:23:32: Epoch : 144	Loss : 0.1244	MAE : 5.7741	Val Loss : 0.1223	Val MAE : 5.8747	Time : 11.75 s
20-08-2020 08:23:44: Epoch : 145	Loss : 0.1256	MAE : 5.8390	Val Loss : 0.1214	Val MAE : 5.7632	Time : 11.70 s
20-08-2020 08:23:56: Epoch : 146	Loss : 0.1238	MAE : 5.7572	Val Loss : 0.1242	Val MAE : 6.0533	Time : 11.64 s
20-08-2020 08:24:07: Validation loss reduced from 0.11423836648464203 to  0.11101629585027695, saving model...
20-08-2020 08:24:07: Epoch : 147	Loss : 0.1244	MAE : 5.7925	Val Loss : 0.1110	Val MAE : 5.2613	Time : 11.73 s
20-08-2020 08:24:19: Epoch : 148	Loss : 0.1250	MAE : 5.8202	Val Loss : 0.1158	Val MAE : 5.5713	Time : 11.74 s
20-08-2020 08:24:31: Epoch : 149	Loss : 0.1231	MAE : 5.7234	Val Loss : 0.1178	Val MAE : 5.6909	Time : 11.75 s
20-08-2020 08:24:43: Epoch : 150	Loss : 0.1241	MAE : 5.7710	Val Loss : 0.1327	Val MAE : 6.3806	Time : 11.79 s
20-08-2020 08:24:54: Epoch : 151	Loss : 0.1239	MAE : 5.7741	Val Loss : 0.1204	Val MAE : 5.7707	Time : 11.75 s
20-08-2020 08:25:06: Epoch : 152	Loss : 0.1250	MAE : 5.7992	Val Loss : 0.1185	Val MAE : 5.5299	Time : 11.55 s
20-08-2020 08:25:18: Epoch : 153	Loss : 0.1227	MAE : 5.7086	Val Loss : 0.1190	Val MAE : 5.6549	Time : 11.66 s
20-08-2020 08:25:29: Epoch : 154	Loss : 0.1253	MAE : 5.8149	Val Loss : 0.1257	Val MAE : 5.9811	Time : 11.78 s
20-08-2020 08:25:41: Epoch : 155	Loss : 0.1242	MAE : 5.7756	Val Loss : 0.1299	Val MAE : 6.1996	Time : 11.79 s
20-08-2020 08:25:53: Epoch : 156	Loss : 0.1246	MAE : 5.7962	Val Loss : 0.1269	Val MAE : 5.9729	Time : 11.70 s
20-08-2020 08:26:05: Epoch : 157	Loss : 0.1248	MAE : 5.7980	Val Loss : 0.1300	Val MAE : 6.2588	Time : 11.73 s
20-08-2020 08:26:16: Epoch : 158	Loss : 0.1234	MAE : 5.7433	Val Loss : 0.1261	Val MAE : 6.1696	Time : 11.68 s
20-08-2020 08:26:28: Epoch : 159	Loss : 0.1248	MAE : 5.7818	Val Loss : 0.1251	Val MAE : 5.9820	Time : 11.66 s
20-08-2020 08:26:40: Epoch : 160	Loss : 0.1239	MAE : 5.7542	Val Loss : 0.1278	Val MAE : 6.1598	Time : 11.75 s
20-08-2020 08:26:51: Epoch : 161	Loss : 0.1233	MAE : 5.7373	Val Loss : 0.1205	Val MAE : 5.8101	Time : 11.37 s
20-08-2020 08:27:03: Epoch : 162	Loss : 0.1238	MAE : 5.7610	Val Loss : 0.1251	Val MAE : 6.1706	Time : 11.45 s
20-08-2020 08:27:14: Epoch : 163	Loss : 0.1236	MAE : 5.7440	Val Loss : 0.1212	Val MAE : 5.8661	Time : 11.41 s
20-08-2020 08:27:25: Epoch : 164	Loss : 0.1228	MAE : 5.6825	Val Loss : 0.1215	Val MAE : 5.8975	Time : 11.42 s
20-08-2020 08:27:37: Epoch : 165	Loss : 0.1238	MAE : 5.7296	Val Loss : 0.1336	Val MAE : 6.5422	Time : 11.82 s
20-08-2020 08:27:49: Epoch : 166	Loss : 0.1242	MAE : 5.7506	Val Loss : 0.1242	Val MAE : 5.9438	Time : 11.75 s
20-08-2020 08:28:01: Epoch : 167	Loss : 0.1232	MAE : 5.7286	Val Loss : 0.1282	Val MAE : 6.1878	Time : 11.77 s
20-08-2020 08:28:12: Epoch : 168	Loss : 0.1237	MAE : 5.7575	Val Loss : 0.1193	Val MAE : 5.7330	Time : 11.72 s
20-08-2020 08:28:24: Epoch : 169	Loss : 0.1233	MAE : 5.7352	Val Loss : 0.1217	Val MAE : 5.8798	Time : 11.69 s
20-08-2020 08:28:36: Epoch : 170	Loss : 0.1220	MAE : 5.6862	Val Loss : 0.1223	Val MAE : 5.9193	Time : 11.69 s
20-08-2020 08:28:47: Epoch : 171	Loss : 0.1238	MAE : 5.7557	Val Loss : 0.1251	Val MAE : 6.0291	Time : 11.68 s
20-08-2020 08:28:59: Epoch : 172	Loss : 0.1235	MAE : 5.7305	Val Loss : 0.1181	Val MAE : 5.6737	Time : 11.69 s
20-08-2020 08:29:11: Epoch : 173	Loss : 0.1230	MAE : 5.7208	Val Loss : 0.1188	Val MAE : 5.6435	Time : 11.75 s
20-08-2020 08:29:23: Epoch : 174	Loss : 0.1234	MAE : 5.7408	Val Loss : 0.1229	Val MAE : 6.0410	Time : 11.70 s
20-08-2020 08:29:34: Epoch : 175	Loss : 0.1234	MAE : 5.7198	Val Loss : 0.1239	Val MAE : 5.8687	Time : 11.67 s
20-08-2020 08:29:46: Epoch : 176	Loss : 0.1230	MAE : 5.7055	Val Loss : 0.1245	Val MAE : 6.0505	Time : 11.61 s
20-08-2020 08:29:58: Epoch : 177	Loss : 0.1229	MAE : 5.6959	Val Loss : 0.1230	Val MAE : 5.9797	Time : 11.69 s
20-08-2020 08:30:09: Epoch : 178	Loss : 0.1229	MAE : 5.7294	Val Loss : 0.1396	Val MAE : 6.7988	Time : 11.65 s
20-08-2020 08:30:21: Epoch : 179	Loss : 0.1230	MAE : 5.7170	Val Loss : 0.1392	Val MAE : 6.5117	Time : 11.81 s
20-08-2020 08:30:33: Epoch : 180	Loss : 0.1226	MAE : 5.6994	Val Loss : 0.1289	Val MAE : 6.2298	Time : 11.76 s
20-08-2020 08:30:44: Epoch : 181	Loss : 0.1237	MAE : 5.7406	Val Loss : 0.1221	Val MAE : 5.9707	Time : 11.62 s
20-08-2020 08:30:56: Epoch : 182	Loss : 0.1223	MAE : 5.6854	Val Loss : 0.1324	Val MAE : 6.2246	Time : 11.66 s
20-08-2020 08:31:08: Epoch : 183	Loss : 0.1233	MAE : 5.7099	Val Loss : 0.1226	Val MAE : 5.8738	Time : 11.73 s
20-08-2020 08:31:20: Epoch : 184	Loss : 0.1230	MAE : 5.7235	Val Loss : 0.1274	Val MAE : 6.1228	Time : 11.75 s
20-08-2020 08:31:31: Epoch : 185	Loss : 0.1235	MAE : 5.7400	Val Loss : 0.1251	Val MAE : 6.0122	Time : 11.79 s
20-08-2020 08:31:43: Epoch : 186	Loss : 0.1226	MAE : 5.6970	Val Loss : 0.1185	Val MAE : 5.6197	Time : 11.72 s
20-08-2020 08:31:55: Epoch : 187	Loss : 0.1232	MAE : 5.7333	Val Loss : 0.1249	Val MAE : 5.9744	Time : 11.77 s
20-08-2020 08:32:07: Epoch : 188	Loss : 0.1227	MAE : 5.7080	Val Loss : 0.1215	Val MAE : 5.7699	Time : 11.68 s
20-08-2020 08:32:18: Epoch : 189	Loss : 0.1229	MAE : 5.7109	Val Loss : 0.1235	Val MAE : 5.8313	Time : 11.62 s
20-08-2020 08:32:30: Epoch : 190	Loss : 0.1222	MAE : 5.6790	Val Loss : 0.1169	Val MAE : 5.5602	Time : 11.71 s
20-08-2020 08:32:42: Epoch : 191	Loss : 0.1229	MAE : 5.7126	Val Loss : 0.1238	Val MAE : 5.8669	Time : 11.75 s
20-08-2020 08:32:53: Epoch : 192	Loss : 0.1228	MAE : 5.6937	Val Loss : 0.1203	Val MAE : 5.6963	Time : 11.69 s
20-08-2020 08:33:05: Epoch : 193	Loss : 0.1218	MAE : 5.6683	Val Loss : 0.1226	Val MAE : 5.8208	Time : 11.70 s
20-08-2020 08:33:17: Epoch : 194	Loss : 0.1222	MAE : 5.6778	Val Loss : 0.1249	Val MAE : 5.9312	Time : 11.61 s
20-08-2020 08:33:28: Epoch : 195	Loss : 0.1213	MAE : 5.6488	Val Loss : 0.1164	Val MAE : 5.4385	Time : 11.75 s
20-08-2020 08:33:40: Epoch : 196	Loss : 0.1225	MAE : 5.6739	Val Loss : 0.1204	Val MAE : 5.6019	Time : 11.72 s
20-08-2020 08:33:52: Epoch : 197	Loss : 0.1216	MAE : 5.6347	Val Loss : 0.1298	Val MAE : 6.1875	Time : 11.74 s
20-08-2020 08:34:04: Epoch : 198	Loss : 0.1218	MAE : 5.6668	Val Loss : 0.1227	Val MAE : 5.7898	Time : 11.98 s
20-08-2020 08:34:16: Epoch : 199	Loss : 0.1231	MAE : 5.6949	Val Loss : 0.1214	Val MAE : 5.6584	Time : 11.78 s
20-08-2020 08:34:27: Epoch : 200	Loss : 0.1232	MAE : 5.7295	Val Loss : 0.1265	Val MAE : 5.9249	Time : 11.39 s
20-08-2020 08:50:16: 
Train Dataset :	MSE : 53.17447280883789	MAE : 5.785845756530762	RMSE: 7.292082786560059
20-08-2020 08:50:16: 
Val Dataset :	MSE : 42.442359924316406	MAE : 5.276920318603516	RMSE: 6.514780044555664
20-08-2020 08:50:16: 
Test Dataset :	MSE : 54.814090728759766	MAE : 5.821556091308594	RMSE: 7.403654098510742
