09-08-2020 22:37:10: Validation loss reduced from inf to  1.6947816610336304, saving model...
09-08-2020 22:37:10: Epoch : 01	Loss : 1.9156	Accuracy : 0.0000	Val Loss : 1.6948	Val Accuracy : 0.0000	Time : 0.06 s
09-08-2020 22:37:10: Epoch : 02	Loss : 1.7068	Accuracy : 0.2727	Val Loss : 1.7371	Val Accuracy : 0.0000	Time : 0.05 s
09-08-2020 22:37:10: Epoch : 03	Loss : 1.7269	Accuracy : 0.2727	Val Loss : 1.8730	Val Accuracy : 0.0000	Time : 0.09 s
09-08-2020 22:37:10: Epoch : 04	Loss : 1.5227	Accuracy : 0.4545	Val Loss : 2.0054	Val Accuracy : 0.0000	Time : 0.06 s
09-08-2020 22:37:10: Epoch : 05	Loss : 1.4711	Accuracy : 0.2727	Val Loss : 2.1213	Val Accuracy : 0.0000	Time : 0.06 s
09-08-2020 22:37:11: Epoch : 06	Loss : 1.3283	Accuracy : 0.5455	Val Loss : 2.2074	Val Accuracy : 0.0000	Time : 0.04 s
09-08-2020 22:37:11: Epoch : 07	Loss : 1.2566	Accuracy : 0.8182	Val Loss : 2.2787	Val Accuracy : 0.0000	Time : 0.06 s
09-08-2020 22:37:11: Epoch : 08	Loss : 1.2084	Accuracy : 0.7273	Val Loss : 2.3191	Val Accuracy : 0.0000	Time : 0.06 s
09-08-2020 22:37:11: Epoch : 09	Loss : 1.1269	Accuracy : 0.9091	Val Loss : 2.2924	Val Accuracy : 0.0000	Time : 0.08 s
09-08-2020 22:37:11: Epoch : 10	Loss : 1.1244	Accuracy : 0.6364	Val Loss : 2.2519	Val Accuracy : 0.0000	Time : 0.06 s
09-08-2020 22:37:11: Epoch : 11	Loss : 1.0471	Accuracy : 0.8182	Val Loss : 2.2417	Val Accuracy : 0.0000	Time : 0.07 s
09-08-2020 22:37:11: Epoch : 12	Loss : 1.0479	Accuracy : 0.7273	Val Loss : 2.3013	Val Accuracy : 0.0000	Time : 0.05 s
09-08-2020 22:37:11: Epoch : 13	Loss : 1.1667	Accuracy : 0.5455	Val Loss : 2.4511	Val Accuracy : 0.0000	Time : 0.06 s
09-08-2020 22:37:11: Epoch : 14	Loss : 0.9800	Accuracy : 0.7273	Val Loss : 2.5481	Val Accuracy : 0.0000	Time : 0.08 s
09-08-2020 22:37:11: Epoch : 15	Loss : 1.1957	Accuracy : 0.4545	Val Loss : 2.6723	Val Accuracy : 0.0000	Time : 0.08 s
09-08-2020 22:37:11: Epoch : 16	Loss : 0.9275	Accuracy : 0.8182	Val Loss : 2.8785	Val Accuracy : 0.0000	Time : 0.06 s
09-08-2020 22:37:11: Epoch : 17	Loss : 0.9395	Accuracy : 0.7273	Val Loss : 3.0255	Val Accuracy : 0.0000	Time : 0.07 s
09-08-2020 22:37:11: Epoch : 18	Loss : 0.6021	Accuracy : 1.0000	Val Loss : 2.9345	Val Accuracy : 0.0000	Time : 0.06 s
09-08-2020 22:37:11: Epoch : 19	Loss : 1.1910	Accuracy : 0.5455	Val Loss : 2.8498	Val Accuracy : 0.0000	Time : 0.06 s
09-08-2020 22:37:11: Epoch : 20	Loss : 0.6611	Accuracy : 0.9091	Val Loss : 2.6867	Val Accuracy : 0.0000	Time : 0.04 s
09-08-2020 22:37:11: Epoch : 21	Loss : 0.6409	Accuracy : 0.8182	Val Loss : 2.5411	Val Accuracy : 0.0000	Time : 0.04 s
09-08-2020 22:37:12: Epoch : 22	Loss : 0.6790	Accuracy : 0.8182	Val Loss : 2.3394	Val Accuracy : 0.0000	Time : 0.04 s
09-08-2020 22:37:12: Epoch : 23	Loss : 0.7257	Accuracy : 0.7273	Val Loss : 2.1461	Val Accuracy : 0.0000	Time : 0.05 s
09-08-2020 22:37:12: Epoch : 24	Loss : 0.4561	Accuracy : 0.9091	Val Loss : 1.9368	Val Accuracy : 0.0000	Time : 0.05 s
09-08-2020 22:37:12: Epoch : 25	Loss : 0.9946	Accuracy : 0.6364	Val Loss : 1.7863	Val Accuracy : 0.0000	Time : 0.05 s
09-08-2020 22:37:12: Validation loss reduced from 1.6947816610336304 to  1.6130727529525757, saving model...
09-08-2020 22:37:12: Epoch : 26	Loss : 0.5055	Accuracy : 0.9091	Val Loss : 1.6131	Val Accuracy : 0.0000	Time : 0.04 s
09-08-2020 22:37:12: Validation loss reduced from 1.6130727529525757 to  1.4505493640899658, saving model...
09-08-2020 22:37:12: Epoch : 27	Loss : 0.4911	Accuracy : 0.9091	Val Loss : 1.4505	Val Accuracy : 0.0000	Time : 0.05 s
09-08-2020 22:37:12: Validation loss reduced from 1.4505493640899658 to  1.2572511434555054, saving model...
09-08-2020 22:37:12: Epoch : 28	Loss : 0.4551	Accuracy : 0.9091	Val Loss : 1.2573	Val Accuracy : 1.0000	Time : 0.05 s
09-08-2020 22:37:12: Validation loss reduced from 1.2572511434555054 to  1.2136467695236206, saving model...
09-08-2020 22:37:12: Epoch : 29	Loss : 0.5777	Accuracy : 0.8182	Val Loss : 1.2136	Val Accuracy : 1.0000	Time : 0.06 s
09-08-2020 22:37:12: Validation loss reduced from 1.2136467695236206 to  1.199894905090332, saving model...
09-08-2020 22:37:12: Epoch : 30	Loss : 0.6784	Accuracy : 0.8182	Val Loss : 1.1999	Val Accuracy : 1.0000	Time : 0.05 s
09-08-2020 22:37:12: Validation loss reduced from 1.199894905090332 to  1.1567070484161377, saving model...
09-08-2020 22:37:12: Epoch : 31	Loss : 0.4046	Accuracy : 0.9091	Val Loss : 1.1567	Val Accuracy : 1.0000	Time : 0.04 s
09-08-2020 22:37:12: Validation loss reduced from 1.1567070484161377 to  1.0051383972167969, saving model...
09-08-2020 22:37:12: Epoch : 32	Loss : 1.2561	Accuracy : 0.6364	Val Loss : 1.0051	Val Accuracy : 1.0000	Time : 0.06 s
09-08-2020 22:37:12: Epoch : 33	Loss : 0.5967	Accuracy : 0.7273	Val Loss : 1.1281	Val Accuracy : 1.0000	Time : 0.05 s
09-08-2020 22:37:12: Epoch : 34	Loss : 0.1337	Accuracy : 1.0000	Val Loss : 1.4668	Val Accuracy : 0.0000	Time : 0.05 s
09-08-2020 22:37:12: Epoch : 35	Loss : 0.3594	Accuracy : 0.9091	Val Loss : 1.7162	Val Accuracy : 0.0000	Time : 0.06 s
09-08-2020 22:37:12: Epoch : 36	Loss : 0.4882	Accuracy : 0.8182	Val Loss : 1.9365	Val Accuracy : 0.0000	Time : 0.04 s
09-08-2020 22:37:12: Epoch : 37	Loss : 0.4513	Accuracy : 0.8182	Val Loss : 2.0932	Val Accuracy : 0.0000	Time : 0.06 s
09-08-2020 22:37:12: Epoch : 38	Loss : 0.3696	Accuracy : 1.0000	Val Loss : 2.3479	Val Accuracy : 0.0000	Time : 0.08 s
09-08-2020 22:37:12: Epoch : 39	Loss : 0.7510	Accuracy : 0.7273	Val Loss : 2.3080	Val Accuracy : 0.0000	Time : 0.04 s
09-08-2020 22:37:12: Epoch : 40	Loss : 0.6171	Accuracy : 0.8182	Val Loss : 2.5604	Val Accuracy : 0.0000	Time : 0.06 s
09-08-2020 22:37:13: Epoch : 41	Loss : 0.3684	Accuracy : 0.8182	Val Loss : 2.7095	Val Accuracy : 0.0000	Time : 0.05 s
09-08-2020 22:37:13: Epoch : 42	Loss : 0.4209	Accuracy : 0.9091	Val Loss : 2.6128	Val Accuracy : 0.0000	Time : 0.05 s
09-08-2020 22:37:13: Epoch : 43	Loss : 0.5295	Accuracy : 0.8182	Val Loss : 2.4241	Val Accuracy : 0.0000	Time : 0.05 s
09-08-2020 22:37:13: Epoch : 44	Loss : 0.6226	Accuracy : 0.8182	Val Loss : 2.3434	Val Accuracy : 0.0000	Time : 0.05 s
09-08-2020 22:37:13: Epoch : 45	Loss : 0.5527	Accuracy : 0.7273	Val Loss : 2.0986	Val Accuracy : 0.0000	Time : 0.04 s
09-08-2020 22:37:13: Epoch : 46	Loss : 0.7452	Accuracy : 0.8182	Val Loss : 2.0142	Val Accuracy : 0.0000	Time : 0.06 s
09-08-2020 22:37:13: Epoch : 47	Loss : 0.1704	Accuracy : 1.0000	Val Loss : 2.0405	Val Accuracy : 0.0000	Time : 0.05 s
09-08-2020 22:37:13: Epoch : 48	Loss : 0.4570	Accuracy : 0.9091	Val Loss : 1.9789	Val Accuracy : 0.0000	Time : 0.05 s
09-08-2020 22:37:13: Epoch : 49	Loss : 0.3818	Accuracy : 0.9091	Val Loss : 1.6615	Val Accuracy : 0.0000	Time : 0.05 s
09-08-2020 22:37:13: Epoch : 50	Loss : 0.3849	Accuracy : 0.9091	Val Loss : 1.1252	Val Accuracy : 0.0000	Time : 0.05 s
09-08-2020 22:37:13: Validation loss reduced from 1.0051383972167969 to  0.90168696641922, saving model...
09-08-2020 22:37:13: Epoch : 51	Loss : 0.3383	Accuracy : 1.0000	Val Loss : 0.9017	Val Accuracy : 1.0000	Time : 0.05 s
09-08-2020 22:37:13: Epoch : 52	Loss : 0.9879	Accuracy : 0.7273	Val Loss : 0.9584	Val Accuracy : 0.0000	Time : 0.05 s
09-08-2020 22:37:13: Epoch : 53	Loss : 0.4891	Accuracy : 0.9091	Val Loss : 1.2744	Val Accuracy : 0.0000	Time : 0.05 s
09-08-2020 22:37:13: Epoch : 54	Loss : 0.3722	Accuracy : 0.9091	Val Loss : 1.5565	Val Accuracy : 0.0000	Time : 0.05 s
09-08-2020 22:37:13: Epoch : 55	Loss : 0.4855	Accuracy : 0.8182	Val Loss : 1.7297	Val Accuracy : 0.0000	Time : 0.07 s
09-08-2020 22:37:13: Epoch : 56	Loss : 1.0188	Accuracy : 0.7273	Val Loss : 1.4505	Val Accuracy : 0.0000	Time : 0.05 s
09-08-2020 22:37:13: Epoch : 57	Loss : 0.3051	Accuracy : 0.9091	Val Loss : 1.1931	Val Accuracy : 0.0000	Time : 0.06 s
09-08-2020 22:37:13: Epoch : 58	Loss : 0.6011	Accuracy : 0.9091	Val Loss : 0.9475	Val Accuracy : 0.0000	Time : 0.06 s
09-08-2020 22:37:13: Validation loss reduced from 0.90168696641922 to  0.7619033455848694, saving model...
09-08-2020 22:37:13: Epoch : 59	Loss : 0.1320	Accuracy : 1.0000	Val Loss : 0.7619	Val Accuracy : 1.0000	Time : 0.06 s
09-08-2020 22:37:14: Validation loss reduced from 0.7619033455848694 to  0.6314736604690552, saving model...
09-08-2020 22:37:14: Epoch : 60	Loss : 0.3629	Accuracy : 0.9091	Val Loss : 0.6315	Val Accuracy : 1.0000	Time : 0.05 s
09-08-2020 22:37:14: Epoch : 61	Loss : 0.7450	Accuracy : 0.7273	Val Loss : 0.6739	Val Accuracy : 1.0000	Time : 0.06 s
09-08-2020 22:37:14: Epoch : 62	Loss : 0.4352	Accuracy : 0.9091	Val Loss : 0.8590	Val Accuracy : 1.0000	Time : 0.05 s
09-08-2020 22:37:14: Epoch : 63	Loss : 0.2933	Accuracy : 0.9091	Val Loss : 1.4001	Val Accuracy : 0.0000	Time : 0.05 s
09-08-2020 22:37:14: Epoch : 64	Loss : 0.1337	Accuracy : 1.0000	Val Loss : 1.5966	Val Accuracy : 0.0000	Time : 0.06 s
09-08-2020 22:37:14: Epoch : 65	Loss : 0.2661	Accuracy : 0.9091	Val Loss : 1.7912	Val Accuracy : 0.0000	Time : 0.05 s
09-08-2020 22:37:14: Epoch : 66	Loss : 0.4469	Accuracy : 0.9091	Val Loss : 1.6045	Val Accuracy : 0.0000	Time : 0.05 s
09-08-2020 22:37:14: Epoch : 67	Loss : 0.5893	Accuracy : 0.7273	Val Loss : 1.5065	Val Accuracy : 0.0000	Time : 0.04 s
09-08-2020 22:37:14: Epoch : 68	Loss : 0.5240	Accuracy : 0.8182	Val Loss : 1.4423	Val Accuracy : 0.0000	Time : 0.04 s
09-08-2020 22:37:14: Epoch : 69	Loss : 0.5759	Accuracy : 0.9091	Val Loss : 1.3932	Val Accuracy : 0.0000	Time : 0.04 s
09-08-2020 22:37:14: Epoch : 70	Loss : 0.0886	Accuracy : 1.0000	Val Loss : 1.1725	Val Accuracy : 1.0000	Time : 0.05 s
09-08-2020 22:37:14: Epoch : 71	Loss : 0.4610	Accuracy : 0.9091	Val Loss : 0.9772	Val Accuracy : 1.0000	Time : 0.06 s
09-08-2020 22:37:14: Epoch : 72	Loss : 0.3952	Accuracy : 0.9091	Val Loss : 1.0584	Val Accuracy : 1.0000	Time : 0.05 s
09-08-2020 22:37:14: Epoch : 73	Loss : 0.4591	Accuracy : 0.9091	Val Loss : 1.1295	Val Accuracy : 0.0000	Time : 0.05 s
09-08-2020 22:37:14: Epoch : 74	Loss : 0.2506	Accuracy : 0.9091	Val Loss : 1.1929	Val Accuracy : 0.0000	Time : 0.05 s
09-08-2020 22:37:14: Epoch : 75	Loss : 0.1188	Accuracy : 1.0000	Val Loss : 1.3205	Val Accuracy : 0.0000	Time : 0.03 s
09-08-2020 22:37:14: Epoch : 76	Loss : 0.5069	Accuracy : 0.7273	Val Loss : 1.5055	Val Accuracy : 0.0000	Time : 0.06 s
09-08-2020 22:37:14: Epoch : 77	Loss : 0.2052	Accuracy : 0.9091	Val Loss : 1.6940	Val Accuracy : 0.0000	Time : 0.05 s
09-08-2020 22:37:14: Epoch : 78	Loss : 0.1225	Accuracy : 1.0000	Val Loss : 1.6952	Val Accuracy : 0.0000	Time : 0.05 s
09-08-2020 22:37:14: Epoch : 79	Loss : 0.9108	Accuracy : 0.8182	Val Loss : 1.3934	Val Accuracy : 0.0000	Time : 0.05 s
09-08-2020 22:37:14: Epoch : 80	Loss : 0.1336	Accuracy : 1.0000	Val Loss : 1.2175	Val Accuracy : 0.0000	Time : 0.05 s
09-08-2020 22:37:15: Epoch : 81	Loss : 0.2066	Accuracy : 0.9091	Val Loss : 0.8605	Val Accuracy : 0.0000	Time : 0.06 s
09-08-2020 22:37:15: Validation loss reduced from 0.6314736604690552 to  0.6094797849655151, saving model...
09-08-2020 22:37:15: Epoch : 82	Loss : 0.3809	Accuracy : 0.8182	Val Loss : 0.6095	Val Accuracy : 1.0000	Time : 0.06 s
09-08-2020 22:37:15: Validation loss reduced from 0.6094797849655151 to  0.5063241720199585, saving model...
09-08-2020 22:37:15: Epoch : 83	Loss : 0.3197	Accuracy : 0.9091	Val Loss : 0.5063	Val Accuracy : 1.0000	Time : 0.06 s
09-08-2020 22:37:15: Validation loss reduced from 0.5063241720199585 to  0.4930742383003235, saving model...
09-08-2020 22:37:15: Epoch : 84	Loss : 0.1473	Accuracy : 1.0000	Val Loss : 0.4931	Val Accuracy : 1.0000	Time : 0.06 s
09-08-2020 22:37:15: Validation loss reduced from 0.4930742383003235 to  0.4850640296936035, saving model...
09-08-2020 22:37:15: Epoch : 85	Loss : 0.4461	Accuracy : 0.8182	Val Loss : 0.4851	Val Accuracy : 1.0000	Time : 0.06 s
09-08-2020 22:37:15: Epoch : 86	Loss : 0.9081	Accuracy : 0.7273	Val Loss : 0.6028	Val Accuracy : 1.0000	Time : 0.05 s
09-08-2020 22:37:15: Epoch : 87	Loss : 0.5714	Accuracy : 0.8182	Val Loss : 0.7022	Val Accuracy : 1.0000	Time : 0.06 s
09-08-2020 22:37:15: Epoch : 88	Loss : 0.1019	Accuracy : 1.0000	Val Loss : 0.7478	Val Accuracy : 1.0000	Time : 0.06 s
09-08-2020 22:37:15: Epoch : 89	Loss : 0.4608	Accuracy : 0.9091	Val Loss : 1.0284	Val Accuracy : 0.0000	Time : 0.04 s
09-08-2020 22:37:15: Epoch : 90	Loss : 0.3860	Accuracy : 0.9091	Val Loss : 1.0578	Val Accuracy : 0.0000	Time : 0.05 s
09-08-2020 22:37:15: Epoch : 91	Loss : 0.7008	Accuracy : 0.7273	Val Loss : 1.1649	Val Accuracy : 0.0000	Time : 0.04 s
09-08-2020 22:37:15: Epoch : 92	Loss : 0.0548	Accuracy : 1.0000	Val Loss : 1.2624	Val Accuracy : 0.0000	Time : 0.04 s
09-08-2020 22:37:15: Epoch : 93	Loss : 0.4699	Accuracy : 0.9091	Val Loss : 1.3807	Val Accuracy : 0.0000	Time : 0.06 s
09-08-2020 22:37:15: Epoch : 94	Loss : 0.3986	Accuracy : 0.9091	Val Loss : 1.3174	Val Accuracy : 0.0000	Time : 0.06 s
09-08-2020 22:37:15: Epoch : 95	Loss : 0.4916	Accuracy : 0.9091	Val Loss : 1.2224	Val Accuracy : 0.0000	Time : 0.05 s
09-08-2020 22:37:15: Epoch : 96	Loss : 0.3862	Accuracy : 0.9091	Val Loss : 1.2102	Val Accuracy : 1.0000	Time : 0.06 s
09-08-2020 22:37:15: Epoch : 97	Loss : 0.6473	Accuracy : 0.7273	Val Loss : 1.0555	Val Accuracy : 1.0000	Time : 0.04 s
09-08-2020 22:37:15: Epoch : 98	Loss : 0.2295	Accuracy : 0.9091	Val Loss : 0.8109	Val Accuracy : 1.0000	Time : 0.04 s
09-08-2020 22:37:16: Epoch : 99	Loss : 0.1773	Accuracy : 0.9091	Val Loss : 0.6232	Val Accuracy : 1.0000	Time : 0.05 s
09-08-2020 22:37:16: Validation loss reduced from 0.4850640296936035 to  0.46083855628967285, saving model...
09-08-2020 22:37:16: Epoch : 100	Loss : 0.1415	Accuracy : 0.9091	Val Loss : 0.4608	Val Accuracy : 1.0000	Time : 0.06 s
09-08-2020 22:37:19: 
Validation Accuracy = 1.0

