23-08-2020 13:05:50: Validation loss reduced from inf to  0.15636099874973297, saving model...
23-08-2020 13:05:50: Epoch : 01	Loss : 0.2259	MAE : 10.9022	Val Loss : 0.1564	Val MAE : 7.5649	Time : 17.08 s
23-08-2020 13:06:08: Epoch : 02	Loss : 0.1728	MAE : 8.0304	Val Loss : 0.1573	Val MAE : 7.6638	Time : 17.95 s
23-08-2020 13:06:26: Epoch : 03	Loss : 0.1595	MAE : 7.4101	Val Loss : 0.1603	Val MAE : 7.9298	Time : 18.09 s
23-08-2020 13:06:44: Epoch : 04	Loss : 0.1473	MAE : 6.8641	Val Loss : 0.1612	Val MAE : 8.0313	Time : 18.04 s
23-08-2020 13:07:03: Validation loss reduced from 0.15636099874973297 to  0.14489392191171646, saving model...
23-08-2020 13:07:03: Epoch : 05	Loss : 0.1410	MAE : 6.5811	Val Loss : 0.1449	Val MAE : 6.8892	Time : 18.05 s
23-08-2020 13:07:21: Validation loss reduced from 0.14489392191171646 to  0.1383509784936905, saving model...
23-08-2020 13:07:21: Epoch : 06	Loss : 0.1373	MAE : 6.4040	Val Loss : 0.1384	Val MAE : 6.5504	Time : 18.39 s
23-08-2020 13:07:39: Validation loss reduced from 0.1383509784936905 to  0.13639841228723526, saving model...
23-08-2020 13:07:39: Epoch : 07	Loss : 0.1333	MAE : 6.2343	Val Loss : 0.1364	Val MAE : 6.4273	Time : 18.51 s
23-08-2020 13:07:58: Validation loss reduced from 0.13639841228723526 to  0.13395803421735764, saving model...
23-08-2020 13:07:58: Epoch : 08	Loss : 0.1324	MAE : 6.1948	Val Loss : 0.1340	Val MAE : 6.4017	Time : 18.26 s
23-08-2020 13:08:16: Epoch : 09	Loss : 0.1318	MAE : 6.1642	Val Loss : 0.1360	Val MAE : 6.4238	Time : 18.26 s
23-08-2020 13:08:34: Epoch : 10	Loss : 0.1314	MAE : 6.1523	Val Loss : 0.1367	Val MAE : 6.4830	Time : 18.32 s
23-08-2020 13:08:53: Epoch : 11	Loss : 0.1292	MAE : 6.0221	Val Loss : 0.1344	Val MAE : 6.5348	Time : 18.45 s
23-08-2020 13:09:11: Validation loss reduced from 0.13395803421735764 to  0.12606075406074524, saving model...
23-08-2020 13:09:11: Epoch : 12	Loss : 0.1296	MAE : 6.0500	Val Loss : 0.1261	Val MAE : 5.8276	Time : 18.41 s
23-08-2020 13:09:30: Epoch : 13	Loss : 0.1283	MAE : 6.0023	Val Loss : 0.1263	Val MAE : 5.7451	Time : 18.37 s
23-08-2020 13:09:48: Epoch : 14	Loss : 0.1280	MAE : 5.9741	Val Loss : 0.1263	Val MAE : 6.0290	Time : 18.38 s
23-08-2020 13:10:06: Epoch : 15	Loss : 0.1284	MAE : 6.0038	Val Loss : 0.1297	Val MAE : 6.1145	Time : 18.41 s
23-08-2020 13:10:25: Epoch : 16	Loss : 0.1278	MAE : 5.9599	Val Loss : 0.1316	Val MAE : 6.3693	Time : 18.37 s
23-08-2020 13:10:43: Epoch : 17	Loss : 0.1274	MAE : 5.9482	Val Loss : 0.1326	Val MAE : 6.3564	Time : 18.44 s
23-08-2020 13:11:01: Epoch : 18	Loss : 0.1268	MAE : 5.9266	Val Loss : 0.1311	Val MAE : 6.3043	Time : 18.36 s
23-08-2020 13:11:20: Epoch : 19	Loss : 0.1268	MAE : 5.9422	Val Loss : 0.1273	Val MAE : 6.0003	Time : 18.33 s
23-08-2020 13:11:38: Epoch : 20	Loss : 0.1276	MAE : 5.9744	Val Loss : 0.1300	Val MAE : 6.0816	Time : 18.37 s
23-08-2020 13:11:56: Epoch : 21	Loss : 0.1267	MAE : 5.9352	Val Loss : 0.1344	Val MAE : 6.3726	Time : 18.30 s
23-08-2020 13:12:15: Epoch : 22	Loss : 0.1268	MAE : 5.9381	Val Loss : 0.1312	Val MAE : 6.1355	Time : 18.62 s
23-08-2020 13:12:33: Epoch : 23	Loss : 0.1260	MAE : 5.8867	Val Loss : 0.1297	Val MAE : 6.2047	Time : 18.01 s
23-08-2020 13:12:52: Epoch : 24	Loss : 0.1266	MAE : 5.9137	Val Loss : 0.1284	Val MAE : 5.9861	Time : 18.42 s
23-08-2020 13:13:11: Epoch : 25	Loss : 0.1264	MAE : 5.9136	Val Loss : 0.1327	Val MAE : 6.2447	Time : 19.25 s
23-08-2020 13:13:31: Epoch : 26	Loss : 0.1258	MAE : 5.8879	Val Loss : 0.1280	Val MAE : 5.9257	Time : 19.76 s
23-08-2020 13:13:49: Epoch : 27	Loss : 0.1253	MAE : 5.8632	Val Loss : 0.1272	Val MAE : 5.8977	Time : 18.74 s
23-08-2020 13:14:08: Epoch : 28	Loss : 0.1257	MAE : 5.8679	Val Loss : 0.1263	Val MAE : 5.8696	Time : 18.40 s
23-08-2020 13:14:27: Epoch : 29	Loss : 0.1253	MAE : 5.8545	Val Loss : 0.1271	Val MAE : 5.8077	Time : 19.31 s
23-08-2020 13:14:46: Epoch : 30	Loss : 0.1252	MAE : 5.8707	Val Loss : 0.1306	Val MAE : 6.0778	Time : 19.11 s
23-08-2020 13:15:05: Epoch : 31	Loss : 0.1257	MAE : 5.8739	Val Loss : 0.1279	Val MAE : 5.9488	Time : 18.46 s
23-08-2020 13:15:23: Epoch : 32	Loss : 0.1244	MAE : 5.8084	Val Loss : 0.1309	Val MAE : 6.0550	Time : 18.67 s
23-08-2020 13:15:43: Validation loss reduced from 0.12606075406074524 to  0.12377683073282242, saving model...
23-08-2020 13:15:43: Epoch : 33	Loss : 0.1253	MAE : 5.8564	Val Loss : 0.1238	Val MAE : 5.7162	Time : 19.39 s
23-08-2020 13:16:02: Validation loss reduced from 0.12377683073282242 to  0.12291603907942772, saving model...
23-08-2020 13:16:02: Epoch : 34	Loss : 0.1250	MAE : 5.8518	Val Loss : 0.1229	Val MAE : 5.5718	Time : 19.25 s
23-08-2020 13:16:21: Epoch : 35	Loss : 0.1254	MAE : 5.8513	Val Loss : 0.1349	Val MAE : 6.4880	Time : 19.50 s
23-08-2020 13:16:41: Epoch : 36	Loss : 0.1242	MAE : 5.7942	Val Loss : 0.1280	Val MAE : 5.9381	Time : 19.54 s
23-08-2020 13:17:00: Epoch : 37	Loss : 0.1240	MAE : 5.7989	Val Loss : 0.1247	Val MAE : 5.8350	Time : 19.44 s
23-08-2020 13:17:20: Epoch : 38	Loss : 0.1247	MAE : 5.8264	Val Loss : 0.1312	Val MAE : 6.2190	Time : 19.64 s
23-08-2020 13:17:39: Epoch : 39	Loss : 0.1247	MAE : 5.8322	Val Loss : 0.1295	Val MAE : 6.0199	Time : 19.43 s
23-08-2020 13:17:59: Epoch : 40	Loss : 0.1243	MAE : 5.7894	Val Loss : 0.1304	Val MAE : 6.1385	Time : 19.54 s
23-08-2020 13:18:18: Epoch : 41	Loss : 0.1241	MAE : 5.7861	Val Loss : 0.1313	Val MAE : 6.1248	Time : 19.18 s
23-08-2020 13:18:38: Epoch : 42	Loss : 0.1246	MAE : 5.8275	Val Loss : 0.1324	Val MAE : 6.2508	Time : 19.55 s
23-08-2020 13:18:57: Epoch : 43	Loss : 0.1238	MAE : 5.8005	Val Loss : 0.1244	Val MAE : 5.7823	Time : 19.14 s
23-08-2020 13:19:16: Epoch : 44	Loss : 0.1248	MAE : 5.8490	Val Loss : 0.1275	Val MAE : 5.9130	Time : 19.04 s
23-08-2020 13:19:35: Epoch : 45	Loss : 0.1234	MAE : 5.7568	Val Loss : 0.1262	Val MAE : 5.8400	Time : 19.39 s
23-08-2020 13:19:54: Epoch : 46	Loss : 0.1240	MAE : 5.7987	Val Loss : 0.1253	Val MAE : 5.8450	Time : 18.68 s
23-08-2020 13:20:13: Epoch : 47	Loss : 0.1243	MAE : 5.8105	Val Loss : 0.1314	Val MAE : 6.1836	Time : 19.27 s
23-08-2020 13:20:33: Epoch : 48	Loss : 0.1241	MAE : 5.8178	Val Loss : 0.1281	Val MAE : 5.9249	Time : 19.64 s
23-08-2020 13:20:52: Epoch : 49	Loss : 0.1242	MAE : 5.8108	Val Loss : 0.1311	Val MAE : 6.1571	Time : 19.19 s
23-08-2020 13:21:11: Epoch : 50	Loss : 0.1232	MAE : 5.7402	Val Loss : 0.1312	Val MAE : 6.1752	Time : 19.34 s
23-08-2020 13:21:31: Epoch : 51	Loss : 0.1234	MAE : 5.7691	Val Loss : 0.1285	Val MAE : 5.9035	Time : 19.21 s
23-08-2020 13:21:50: Epoch : 52	Loss : 0.1232	MAE : 5.7620	Val Loss : 0.1299	Val MAE : 5.9530	Time : 19.46 s
23-08-2020 13:22:09: Epoch : 53	Loss : 0.1240	MAE : 5.7905	Val Loss : 0.1268	Val MAE : 5.8478	Time : 19.37 s
23-08-2020 13:22:29: Epoch : 54	Loss : 0.1234	MAE : 5.7871	Val Loss : 0.1240	Val MAE : 5.8277	Time : 19.66 s
23-08-2020 13:22:49: Epoch : 55	Loss : 0.1221	MAE : 5.7026	Val Loss : 0.1247	Val MAE : 5.6362	Time : 19.49 s
23-08-2020 13:23:08: Epoch : 56	Loss : 0.1221	MAE : 5.6898	Val Loss : 0.1287	Val MAE : 5.9016	Time : 19.37 s
23-08-2020 13:23:27: Epoch : 57	Loss : 0.1223	MAE : 5.7142	Val Loss : 0.1298	Val MAE : 5.9081	Time : 19.21 s
23-08-2020 13:23:47: Epoch : 58	Loss : 0.1225	MAE : 5.7131	Val Loss : 0.1283	Val MAE : 5.9843	Time : 19.70 s
23-08-2020 13:24:06: Epoch : 59	Loss : 0.1227	MAE : 5.7371	Val Loss : 0.1281	Val MAE : 5.8884	Time : 19.65 s
23-08-2020 13:24:25: Epoch : 60	Loss : 0.1214	MAE : 5.6775	Val Loss : 0.1242	Val MAE : 5.7912	Time : 18.78 s
23-08-2020 13:24:45: Epoch : 61	Loss : 0.1225	MAE : 5.7206	Val Loss : 0.1296	Val MAE : 5.9425	Time : 19.48 s
23-08-2020 13:25:05: Epoch : 62	Loss : 0.1213	MAE : 5.6548	Val Loss : 0.1266	Val MAE : 5.8155	Time : 19.80 s
23-08-2020 13:25:24: Epoch : 63	Loss : 0.1206	MAE : 5.6438	Val Loss : 0.1276	Val MAE : 5.8439	Time : 19.38 s
23-08-2020 13:25:43: Epoch : 64	Loss : 0.1217	MAE : 5.6732	Val Loss : 0.1284	Val MAE : 5.8966	Time : 18.94 s
23-08-2020 13:26:02: Epoch : 65	Loss : 0.1220	MAE : 5.6945	Val Loss : 0.1321	Val MAE : 6.1827	Time : 19.02 s
23-08-2020 13:26:20: Epoch : 66	Loss : 0.1218	MAE : 5.6903	Val Loss : 0.1259	Val MAE : 5.7056	Time : 18.48 s
23-08-2020 13:26:39: Epoch : 67	Loss : 0.1216	MAE : 5.6907	Val Loss : 0.1302	Val MAE : 6.0984	Time : 18.70 s
23-08-2020 13:26:57: Epoch : 68	Loss : 0.1218	MAE : 5.7039	Val Loss : 0.1292	Val MAE : 6.0126	Time : 18.23 s
23-08-2020 13:27:16: Epoch : 69	Loss : 0.1215	MAE : 5.6793	Val Loss : 0.1325	Val MAE : 6.3938	Time : 18.28 s
23-08-2020 13:27:34: Epoch : 70	Loss : 0.1211	MAE : 5.6698	Val Loss : 0.1305	Val MAE : 5.9970	Time : 18.13 s
23-08-2020 13:27:52: Epoch : 71	Loss : 0.1212	MAE : 5.6598	Val Loss : 0.1309	Val MAE : 5.8795	Time : 18.75 s
23-08-2020 13:28:11: Epoch : 72	Loss : 0.1212	MAE : 5.6817	Val Loss : 0.1287	Val MAE : 5.9447	Time : 18.45 s
23-08-2020 13:28:29: Epoch : 73	Loss : 0.1214	MAE : 5.6726	Val Loss : 0.1264	Val MAE : 5.8389	Time : 18.29 s
23-08-2020 13:28:48: Epoch : 74	Loss : 0.1211	MAE : 5.6691	Val Loss : 0.1283	Val MAE : 5.8353	Time : 18.67 s
23-08-2020 13:29:08: Epoch : 75	Loss : 0.1210	MAE : 5.6574	Val Loss : 0.1314	Val MAE : 6.0980	Time : 19.82 s
23-08-2020 13:29:27: Epoch : 76	Loss : 0.1207	MAE : 5.6176	Val Loss : 0.1302	Val MAE : 5.9856	Time : 18.81 s
23-08-2020 13:29:45: Epoch : 77	Loss : 0.1207	MAE : 5.6441	Val Loss : 0.1287	Val MAE : 5.8988	Time : 18.83 s
23-08-2020 13:30:06: Epoch : 78	Loss : 0.1200	MAE : 5.6104	Val Loss : 0.1277	Val MAE : 5.8847	Time : 20.25 s
23-08-2020 13:30:24: Epoch : 79	Loss : 0.1209	MAE : 5.6520	Val Loss : 0.1286	Val MAE : 5.9103	Time : 18.63 s
23-08-2020 13:30:43: Epoch : 80	Loss : 0.1203	MAE : 5.6394	Val Loss : 0.1309	Val MAE : 5.9828	Time : 19.25 s
23-08-2020 13:31:02: Epoch : 81	Loss : 0.1209	MAE : 5.6444	Val Loss : 0.1322	Val MAE : 6.0992	Time : 18.45 s
23-08-2020 13:31:22: Epoch : 82	Loss : 0.1206	MAE : 5.6060	Val Loss : 0.1314	Val MAE : 6.0379	Time : 20.00 s
23-08-2020 13:31:43: Epoch : 83	Loss : 0.1210	MAE : 5.6457	Val Loss : 0.1289	Val MAE : 6.0279	Time : 20.63 s
23-08-2020 13:32:02: Epoch : 84	Loss : 0.1203	MAE : 5.6094	Val Loss : 0.1319	Val MAE : 6.0856	Time : 18.98 s
23-08-2020 13:32:21: Epoch : 85	Loss : 0.1196	MAE : 5.5851	Val Loss : 0.1261	Val MAE : 5.9899	Time : 19.86 s
23-08-2020 13:32:41: Epoch : 86	Loss : 0.1201	MAE : 5.6065	Val Loss : 0.1284	Val MAE : 5.7900	Time : 19.87 s
23-08-2020 13:33:01: Epoch : 87	Loss : 0.1200	MAE : 5.5921	Val Loss : 0.1320	Val MAE : 6.1906	Time : 19.78 s
23-08-2020 13:33:19: Epoch : 88	Loss : 0.1207	MAE : 5.6344	Val Loss : 0.1274	Val MAE : 5.8701	Time : 18.18 s
23-08-2020 13:33:38: Epoch : 89	Loss : 0.1194	MAE : 5.5778	Val Loss : 0.1282	Val MAE : 5.9280	Time : 18.95 s
23-08-2020 13:33:57: Epoch : 90	Loss : 0.1197	MAE : 5.6088	Val Loss : 0.1327	Val MAE : 6.1602	Time : 18.38 s
23-08-2020 13:34:16: Epoch : 91	Loss : 0.1202	MAE : 5.6063	Val Loss : 0.1273	Val MAE : 5.8795	Time : 19.35 s
23-08-2020 13:34:36: Epoch : 92	Loss : 0.1204	MAE : 5.6371	Val Loss : 0.1291	Val MAE : 5.8281	Time : 19.93 s
23-08-2020 13:34:56: Epoch : 93	Loss : 0.1192	MAE : 5.5759	Val Loss : 0.1285	Val MAE : 5.8795	Time : 20.12 s
23-08-2020 13:35:16: Epoch : 94	Loss : 0.1203	MAE : 5.6086	Val Loss : 0.1310	Val MAE : 5.9280	Time : 20.32 s
23-08-2020 13:35:36: Epoch : 95	Loss : 0.1198	MAE : 5.5975	Val Loss : 0.1343	Val MAE : 6.2300	Time : 20.21 s
23-08-2020 13:35:56: Epoch : 96	Loss : 0.1192	MAE : 5.5720	Val Loss : 0.1286	Val MAE : 5.7965	Time : 19.14 s
23-08-2020 13:36:14: Epoch : 97	Loss : 0.1190	MAE : 5.5679	Val Loss : 0.1319	Val MAE : 5.9843	Time : 18.19 s
23-08-2020 13:36:33: Epoch : 98	Loss : 0.1197	MAE : 5.5958	Val Loss : 0.1276	Val MAE : 5.8974	Time : 18.71 s
23-08-2020 13:36:51: Epoch : 99	Loss : 0.1188	MAE : 5.5509	Val Loss : 0.1320	Val MAE : 5.9368	Time : 18.52 s
23-08-2020 13:37:13: Epoch : 100	Loss : 0.1193	MAE : 5.5742	Val Loss : 0.1328	Val MAE : 6.1746	Time : 22.39 s
23-08-2020 13:37:34: 
Train Dataset :	MSE : 48.24835968017578	MAE : 5.562899589538574	RMSE: 6.946104049682617
23-08-2020 13:37:34: 
Val Dataset :	MSE : 52.748382568359375	MAE : 5.621434688568115	RMSE: 7.262808322906494
23-08-2020 13:37:35: 
Test Dataset :	MSE : 49.21046447753906	MAE : 5.475955009460449	RMSE: 7.015017032623291
