09-08-2020 22:40:16: Validation loss reduced from inf to  1.8757061958312988, saving model...
09-08-2020 22:40:16: Epoch : 01	Loss : 1.9020	Accuracy : 0.0000	Val Loss : 1.8757	Val Accuracy : 0.0000	Time : 0.05 s
09-08-2020 22:40:16: Epoch : 02	Loss : 1.8413	Accuracy : 0.1818	Val Loss : 1.9111	Val Accuracy : 0.0000	Time : 0.04 s
09-08-2020 22:40:16: Epoch : 03	Loss : 1.7442	Accuracy : 0.1818	Val Loss : 1.9346	Val Accuracy : 0.0000	Time : 0.04 s
09-08-2020 22:40:16: Epoch : 04	Loss : 1.6224	Accuracy : 0.3636	Val Loss : 1.9169	Val Accuracy : 0.0000	Time : 0.03 s
09-08-2020 22:40:16: Validation loss reduced from 1.8757061958312988 to  1.8525118827819824, saving model...
09-08-2020 22:40:16: Epoch : 05	Loss : 1.5007	Accuracy : 0.5455	Val Loss : 1.8525	Val Accuracy : 0.0000	Time : 0.05 s
09-08-2020 22:40:16: Validation loss reduced from 1.8525118827819824 to  1.842431902885437, saving model...
09-08-2020 22:40:16: Epoch : 06	Loss : 1.6257	Accuracy : 0.2727	Val Loss : 1.8424	Val Accuracy : 0.0000	Time : 0.06 s
09-08-2020 22:40:16: Validation loss reduced from 1.842431902885437 to  1.8205660581588745, saving model...
09-08-2020 22:40:16: Epoch : 07	Loss : 1.4841	Accuracy : 0.4545	Val Loss : 1.8206	Val Accuracy : 0.0000	Time : 0.04 s
09-08-2020 22:40:16: Validation loss reduced from 1.8205660581588745 to  1.8009700775146484, saving model...
09-08-2020 22:40:16: Epoch : 08	Loss : 1.4237	Accuracy : 0.5455	Val Loss : 1.8010	Val Accuracy : 0.0000	Time : 0.05 s
09-08-2020 22:40:16: Validation loss reduced from 1.8009700775146484 to  1.7815730571746826, saving model...
09-08-2020 22:40:16: Epoch : 09	Loss : 1.3310	Accuracy : 0.6364	Val Loss : 1.7816	Val Accuracy : 0.0000	Time : 0.04 s
09-08-2020 22:40:16: Epoch : 10	Loss : 1.3910	Accuracy : 0.5455	Val Loss : 1.8060	Val Accuracy : 0.0000	Time : 0.05 s
09-08-2020 22:40:16: Epoch : 11	Loss : 1.2336	Accuracy : 0.7273	Val Loss : 1.8531	Val Accuracy : 0.0000	Time : 0.05 s
09-08-2020 22:40:16: Epoch : 12	Loss : 1.2365	Accuracy : 0.6364	Val Loss : 1.9074	Val Accuracy : 0.0000	Time : 0.05 s
09-08-2020 22:40:16: Epoch : 13	Loss : 0.9998	Accuracy : 0.9091	Val Loss : 1.9746	Val Accuracy : 0.0000	Time : 0.05 s
09-08-2020 22:40:16: Epoch : 14	Loss : 1.0067	Accuracy : 0.8182	Val Loss : 2.0273	Val Accuracy : 0.0000	Time : 0.04 s
09-08-2020 22:40:16: Epoch : 15	Loss : 1.4035	Accuracy : 0.6364	Val Loss : 2.0103	Val Accuracy : 0.0000	Time : 0.04 s
09-08-2020 22:40:16: Epoch : 16	Loss : 1.3266	Accuracy : 0.5455	Val Loss : 1.9158	Val Accuracy : 0.0000	Time : 0.06 s
09-08-2020 22:40:16: Epoch : 17	Loss : 0.7060	Accuracy : 0.9091	Val Loss : 1.8476	Val Accuracy : 0.0000	Time : 0.04 s
09-08-2020 22:40:16: Epoch : 18	Loss : 0.9598	Accuracy : 0.6364	Val Loss : 1.8105	Val Accuracy : 0.0000	Time : 0.04 s
09-08-2020 22:40:16: Epoch : 19	Loss : 0.8886	Accuracy : 0.7273	Val Loss : 1.8349	Val Accuracy : 0.0000	Time : 0.04 s
09-08-2020 22:40:16: Epoch : 20	Loss : 1.0635	Accuracy : 0.7273	Val Loss : 1.8526	Val Accuracy : 0.0000	Time : 0.05 s
09-08-2020 22:40:17: Epoch : 21	Loss : 0.9457	Accuracy : 0.6364	Val Loss : 1.8821	Val Accuracy : 0.0000	Time : 0.05 s
09-08-2020 22:40:17: Epoch : 22	Loss : 0.7342	Accuracy : 0.8182	Val Loss : 1.9309	Val Accuracy : 0.0000	Time : 0.05 s
09-08-2020 22:40:17: Epoch : 23	Loss : 1.0529	Accuracy : 0.5455	Val Loss : 2.0280	Val Accuracy : 0.0000	Time : 0.05 s
09-08-2020 22:40:17: Epoch : 24	Loss : 1.1279	Accuracy : 0.6364	Val Loss : 2.1198	Val Accuracy : 0.0000	Time : 0.04 s
09-08-2020 22:40:17: Epoch : 25	Loss : 0.8633	Accuracy : 0.7273	Val Loss : 2.2917	Val Accuracy : 0.0000	Time : 0.05 s
09-08-2020 22:40:17: Epoch : 26	Loss : 0.9072	Accuracy : 0.5455	Val Loss : 2.4557	Val Accuracy : 0.0000	Time : 0.05 s
09-08-2020 22:40:17: Epoch : 27	Loss : 0.6326	Accuracy : 1.0000	Val Loss : 2.5616	Val Accuracy : 0.0000	Time : 0.05 s
09-08-2020 22:40:17: Epoch : 28	Loss : 0.6798	Accuracy : 0.7273	Val Loss : 2.5164	Val Accuracy : 0.0000	Time : 0.05 s
09-08-2020 22:40:17: Epoch : 29	Loss : 0.6622	Accuracy : 0.8182	Val Loss : 2.5266	Val Accuracy : 0.0000	Time : 0.05 s
09-08-2020 22:40:17: Epoch : 30	Loss : 0.4543	Accuracy : 0.8182	Val Loss : 2.5941	Val Accuracy : 0.0000	Time : 0.05 s
09-08-2020 22:40:17: Epoch : 31	Loss : 0.6310	Accuracy : 0.8182	Val Loss : 2.6348	Val Accuracy : 0.0000	Time : 0.05 s
09-08-2020 22:40:17: Epoch : 32	Loss : 0.4842	Accuracy : 0.8182	Val Loss : 2.8071	Val Accuracy : 0.0000	Time : 0.05 s
09-08-2020 22:40:17: Epoch : 33	Loss : 0.3319	Accuracy : 0.9091	Val Loss : 3.0128	Val Accuracy : 0.0000	Time : 0.05 s
09-08-2020 22:40:17: Epoch : 34	Loss : 0.3351	Accuracy : 1.0000	Val Loss : 3.1765	Val Accuracy : 0.0000	Time : 0.04 s
09-08-2020 22:40:17: Epoch : 35	Loss : 0.3246	Accuracy : 0.9091	Val Loss : 3.3147	Val Accuracy : 0.0000	Time : 0.05 s
09-08-2020 22:40:17: Epoch : 36	Loss : 0.5769	Accuracy : 0.7273	Val Loss : 3.4773	Val Accuracy : 0.0000	Time : 0.05 s
09-08-2020 22:40:17: Epoch : 37	Loss : 0.3158	Accuracy : 0.9091	Val Loss : 3.6161	Val Accuracy : 0.0000	Time : 0.05 s
09-08-2020 22:40:17: Epoch : 38	Loss : 0.4162	Accuracy : 0.9091	Val Loss : 3.7741	Val Accuracy : 0.0000	Time : 0.05 s
09-08-2020 22:40:17: Epoch : 39	Loss : 0.2486	Accuracy : 0.9091	Val Loss : 3.8368	Val Accuracy : 0.0000	Time : 0.05 s
09-08-2020 22:40:17: Epoch : 40	Loss : 0.5774	Accuracy : 0.7273	Val Loss : 3.8081	Val Accuracy : 0.0000	Time : 0.04 s
09-08-2020 22:40:18: Epoch : 41	Loss : 0.5349	Accuracy : 0.9091	Val Loss : 3.7767	Val Accuracy : 0.0000	Time : 0.05 s
09-08-2020 22:40:18: Epoch : 42	Loss : 0.2002	Accuracy : 0.9091	Val Loss : 3.6995	Val Accuracy : 0.0000	Time : 0.07 s
09-08-2020 22:40:18: Epoch : 43	Loss : 0.1093	Accuracy : 1.0000	Val Loss : 3.6492	Val Accuracy : 0.0000	Time : 0.06 s
09-08-2020 22:40:18: Epoch : 44	Loss : 0.3836	Accuracy : 0.8182	Val Loss : 3.5349	Val Accuracy : 0.0000	Time : 0.06 s
09-08-2020 22:40:18: Epoch : 45	Loss : 0.3897	Accuracy : 0.8182	Val Loss : 3.3665	Val Accuracy : 0.0000	Time : 0.05 s
09-08-2020 22:40:18: Epoch : 46	Loss : 0.2345	Accuracy : 1.0000	Val Loss : 3.1079	Val Accuracy : 0.0000	Time : 0.06 s
09-08-2020 22:40:18: Epoch : 47	Loss : 0.4481	Accuracy : 0.8182	Val Loss : 2.7797	Val Accuracy : 0.0000	Time : 0.04 s
09-08-2020 22:40:18: Epoch : 48	Loss : 0.3580	Accuracy : 0.8182	Val Loss : 2.5977	Val Accuracy : 0.0000	Time : 0.04 s
09-08-2020 22:40:18: Epoch : 49	Loss : 0.2125	Accuracy : 0.9091	Val Loss : 2.4383	Val Accuracy : 0.0000	Time : 0.05 s
09-08-2020 22:40:18: Epoch : 50	Loss : 0.3326	Accuracy : 0.9091	Val Loss : 2.2643	Val Accuracy : 0.0000	Time : 0.06 s
09-08-2020 22:40:18: Epoch : 51	Loss : 0.3832	Accuracy : 0.9091	Val Loss : 2.2261	Val Accuracy : 0.0000	Time : 0.05 s
09-08-2020 22:40:18: Epoch : 52	Loss : 0.3713	Accuracy : 0.8182	Val Loss : 2.5175	Val Accuracy : 0.0000	Time : 0.05 s
09-08-2020 22:40:18: Epoch : 53	Loss : 0.4177	Accuracy : 0.8182	Val Loss : 2.1617	Val Accuracy : 0.0000	Time : 0.06 s
09-08-2020 22:40:18: Validation loss reduced from 1.7815730571746826 to  1.423593282699585, saving model...
09-08-2020 22:40:18: Epoch : 54	Loss : 0.5338	Accuracy : 0.8182	Val Loss : 1.4236	Val Accuracy : 0.0000	Time : 0.07 s
09-08-2020 22:40:18: Validation loss reduced from 1.423593282699585 to  0.7193296551704407, saving model...
09-08-2020 22:40:18: Epoch : 55	Loss : 0.2033	Accuracy : 0.9091	Val Loss : 0.7193	Val Accuracy : 1.0000	Time : 0.06 s
09-08-2020 22:40:18: Validation loss reduced from 0.7193296551704407 to  0.35307806730270386, saving model...
09-08-2020 22:40:18: Epoch : 56	Loss : 0.4014	Accuracy : 0.9091	Val Loss : 0.3531	Val Accuracy : 1.0000	Time : 0.05 s
09-08-2020 22:40:18: Epoch : 57	Loss : 0.4910	Accuracy : 0.8182	Val Loss : 0.6111	Val Accuracy : 1.0000	Time : 0.06 s
09-08-2020 22:40:18: Epoch : 58	Loss : 0.1868	Accuracy : 1.0000	Val Loss : 1.0198	Val Accuracy : 0.0000	Time : 0.05 s
09-08-2020 22:40:18: Epoch : 59	Loss : 0.2463	Accuracy : 1.0000	Val Loss : 1.6432	Val Accuracy : 0.0000	Time : 0.06 s
09-08-2020 22:40:19: Epoch : 60	Loss : 0.1674	Accuracy : 1.0000	Val Loss : 2.1351	Val Accuracy : 0.0000	Time : 0.04 s
09-08-2020 22:40:19: Epoch : 61	Loss : 0.4825	Accuracy : 1.0000	Val Loss : 2.4544	Val Accuracy : 0.0000	Time : 0.04 s
09-08-2020 22:40:19: Epoch : 62	Loss : 0.4862	Accuracy : 0.7273	Val Loss : 2.6725	Val Accuracy : 0.0000	Time : 0.04 s
09-08-2020 22:40:19: Epoch : 63	Loss : 0.2158	Accuracy : 0.9091	Val Loss : 2.7685	Val Accuracy : 0.0000	Time : 0.06 s
09-08-2020 22:40:19: Epoch : 64	Loss : 0.4151	Accuracy : 0.8182	Val Loss : 2.3176	Val Accuracy : 0.0000	Time : 0.06 s
09-08-2020 22:40:19: Epoch : 65	Loss : 0.1859	Accuracy : 0.9091	Val Loss : 1.9972	Val Accuracy : 0.0000	Time : 0.05 s
09-08-2020 22:40:19: Epoch : 66	Loss : 0.0997	Accuracy : 1.0000	Val Loss : 1.8031	Val Accuracy : 0.0000	Time : 0.05 s
09-08-2020 22:40:19: Epoch : 67	Loss : 0.2214	Accuracy : 0.9091	Val Loss : 1.8701	Val Accuracy : 0.0000	Time : 0.04 s
09-08-2020 22:40:19: Epoch : 68	Loss : 0.1633	Accuracy : 0.9091	Val Loss : 1.8306	Val Accuracy : 0.0000	Time : 0.04 s
09-08-2020 22:40:19: Epoch : 69	Loss : 0.3671	Accuracy : 0.8182	Val Loss : 1.5639	Val Accuracy : 0.0000	Time : 0.03 s
09-08-2020 22:40:19: Epoch : 70	Loss : 0.1824	Accuracy : 1.0000	Val Loss : 1.2817	Val Accuracy : 0.0000	Time : 0.04 s
09-08-2020 22:40:19: Epoch : 71	Loss : 0.6672	Accuracy : 0.7273	Val Loss : 1.1883	Val Accuracy : 0.0000	Time : 0.05 s
09-08-2020 22:40:19: Epoch : 72	Loss : 0.1381	Accuracy : 1.0000	Val Loss : 1.1021	Val Accuracy : 0.0000	Time : 0.04 s
09-08-2020 22:40:19: Epoch : 73	Loss : 0.1380	Accuracy : 0.9091	Val Loss : 1.1394	Val Accuracy : 0.0000	Time : 0.04 s
09-08-2020 22:40:19: Epoch : 74	Loss : 0.1782	Accuracy : 1.0000	Val Loss : 1.3696	Val Accuracy : 0.0000	Time : 0.05 s
09-08-2020 22:40:19: Epoch : 75	Loss : 0.0239	Accuracy : 1.0000	Val Loss : 1.6332	Val Accuracy : 0.0000	Time : 0.05 s
09-08-2020 22:40:19: Epoch : 76	Loss : 0.3662	Accuracy : 0.9091	Val Loss : 1.9159	Val Accuracy : 0.0000	Time : 0.05 s
09-08-2020 22:40:19: Epoch : 77	Loss : 0.2262	Accuracy : 0.9091	Val Loss : 2.0867	Val Accuracy : 0.0000	Time : 0.05 s
09-08-2020 22:40:19: Epoch : 78	Loss : 0.3580	Accuracy : 0.9091	Val Loss : 2.1803	Val Accuracy : 0.0000	Time : 0.04 s
09-08-2020 22:40:19: Epoch : 79	Loss : 0.2870	Accuracy : 0.8182	Val Loss : 1.5653	Val Accuracy : 0.0000	Time : 0.05 s
09-08-2020 22:40:19: Epoch : 80	Loss : 0.4751	Accuracy : 0.8182	Val Loss : 0.8760	Val Accuracy : 0.0000	Time : 0.05 s
09-08-2020 22:40:19: Epoch : 81	Loss : 0.1006	Accuracy : 1.0000	Val Loss : 0.4803	Val Accuracy : 1.0000	Time : 0.04 s
09-08-2020 22:40:20: Validation loss reduced from 0.35307806730270386 to  0.26652997732162476, saving model...
09-08-2020 22:40:20: Epoch : 82	Loss : 0.3818	Accuracy : 0.9091	Val Loss : 0.2665	Val Accuracy : 1.0000	Time : 0.06 s
09-08-2020 22:40:20: Validation loss reduced from 0.26652997732162476 to  0.14600153267383575, saving model...
09-08-2020 22:40:20: Epoch : 83	Loss : 0.0539	Accuracy : 1.0000	Val Loss : 0.1460	Val Accuracy : 1.0000	Time : 0.07 s
09-08-2020 22:40:20: Validation loss reduced from 0.14600153267383575 to  0.07956065237522125, saving model...
09-08-2020 22:40:20: Epoch : 84	Loss : 0.3001	Accuracy : 0.9091	Val Loss : 0.0796	Val Accuracy : 1.0000	Time : 0.07 s
09-08-2020 22:40:20: Validation loss reduced from 0.07956065237522125 to  0.05948753282427788, saving model...
09-08-2020 22:40:20: Epoch : 85	Loss : 0.0905	Accuracy : 1.0000	Val Loss : 0.0595	Val Accuracy : 1.0000	Time : 0.04 s
09-08-2020 22:40:20: Epoch : 86	Loss : 0.2826	Accuracy : 0.9091	Val Loss : 0.0656	Val Accuracy : 1.0000	Time : 0.04 s
09-08-2020 22:40:20: Epoch : 87	Loss : 0.0462	Accuracy : 1.0000	Val Loss : 0.0930	Val Accuracy : 1.0000	Time : 0.05 s
09-08-2020 22:40:20: Epoch : 88	Loss : 0.2180	Accuracy : 0.9091	Val Loss : 0.1469	Val Accuracy : 1.0000	Time : 0.05 s
09-08-2020 22:40:20: Epoch : 89	Loss : 0.4597	Accuracy : 0.8182	Val Loss : 0.3374	Val Accuracy : 1.0000	Time : 0.04 s
09-08-2020 22:40:20: Epoch : 90	Loss : 0.5410	Accuracy : 0.6364	Val Loss : 0.6713	Val Accuracy : 1.0000	Time : 0.05 s
09-08-2020 22:40:20: Epoch : 91	Loss : 0.0685	Accuracy : 1.0000	Val Loss : 1.0322	Val Accuracy : 0.0000	Time : 0.03 s
09-08-2020 22:40:20: Epoch : 92	Loss : 0.1461	Accuracy : 1.0000	Val Loss : 1.3513	Val Accuracy : 0.0000	Time : 0.05 s
09-08-2020 22:40:20: Epoch : 93	Loss : 0.0675	Accuracy : 1.0000	Val Loss : 1.6247	Val Accuracy : 0.0000	Time : 0.06 s
09-08-2020 22:40:20: Epoch : 94	Loss : 0.1168	Accuracy : 1.0000	Val Loss : 2.1625	Val Accuracy : 0.0000	Time : 0.05 s
09-08-2020 22:40:20: Epoch : 95	Loss : 0.2537	Accuracy : 0.8182	Val Loss : 2.5757	Val Accuracy : 0.0000	Time : 0.03 s
09-08-2020 22:40:20: Epoch : 96	Loss : 0.1083	Accuracy : 1.0000	Val Loss : 3.0003	Val Accuracy : 0.0000	Time : 0.04 s
09-08-2020 22:40:20: Epoch : 97	Loss : 0.1235	Accuracy : 1.0000	Val Loss : 3.4373	Val Accuracy : 0.0000	Time : 0.05 s
09-08-2020 22:40:20: Epoch : 98	Loss : 0.2543	Accuracy : 0.9091	Val Loss : 3.6508	Val Accuracy : 0.0000	Time : 0.06 s
09-08-2020 22:40:20: Epoch : 99	Loss : 0.3646	Accuracy : 0.9091	Val Loss : 4.2832	Val Accuracy : 0.0000	Time : 0.04 s
09-08-2020 22:40:20: Epoch : 100	Loss : 0.4093	Accuracy : 0.7273	Val Loss : 4.9419	Val Accuracy : 0.0000	Time : 0.04 s
09-08-2020 22:40:24: 
Validation Accuracy = 1.0

